This is pdfTeX, Version 3.14159265-2.6-1.40.19 (TeX Live 2018/W32TeX) (preloaded format=pdflatex 2018.10.20)  5 DEC 2021 03:34
entering extended mode
 restricted \write18 enabled.
 %&-line parsing enabled.
**Assignment1.tex
(./Assignment1.tex
LaTeX2e <2018-04-01> patch level 5
(c:/texlive/texmf-local/tex/latex/local/kulak/kulakarticle.cls
Document Class: kulakarticle 2016/10/17 Article class for KU Leuven
(c:/texlive/2018/texmf-dist/tex/latex/base/article.cls
Document Class: article 2014/09/29 v1.4h Standard LaTeX document class
(c:/texlive/2018/texmf-dist/tex/latex/base/size10.clo
File: size10.clo 2014/09/29 v1.4h Standard LaTeX file (size option)
)
\c@part=\count80
\c@section=\count81
\c@subsection=\count82
\c@subsubsection=\count83
\c@paragraph=\count84
\c@subparagraph=\count85
\c@figure=\count86
\c@table=\count87
\abovecaptionskip=\skip41
\belowcaptionskip=\skip42
\bibindent=\dimen102
)
(c:/texlive/2018/texmf-dist/tex/latex/base/fontenc.sty
Package: fontenc 2017/04/05 v2.0i Standard LaTeX package

(c:/texlive/2018/texmf-dist/tex/latex/base/t1enc.def
File: t1enc.def 2017/04/05 v2.0i Standard LaTeX file
LaTeX Font Info:    Redeclaring font encoding T1 on input line 48.
))
(c:/texlive/2018/texmf-dist/tex/latex/hyperref/hyperref.sty
Package: hyperref 2018/09/30 v6.88a Hypertext links for LaTeX

(c:/texlive/2018/texmf-dist/tex/generic/oberdiek/hobsub-hyperref.sty
Package: hobsub-hyperref 2016/05/16 v1.14 Bundle oberdiek, subset hyperref (HO)


(c:/texlive/2018/texmf-dist/tex/generic/oberdiek/hobsub-generic.sty
Package: hobsub-generic 2016/05/16 v1.14 Bundle oberdiek, subset generic (HO)
Package: hobsub 2016/05/16 v1.14 Construct package bundles (HO)
Package: infwarerr 2016/05/16 v1.4 Providing info/warning/error messages (HO)
Package: ltxcmds 2016/05/16 v1.23 LaTeX kernel commands for general use (HO)
Package: ifluatex 2016/05/16 v1.4 Provides the ifluatex switch (HO)
Package ifluatex Info: LuaTeX not detected.
Package: ifvtex 2016/05/16 v1.6 Detect VTeX and its facilities (HO)
Package ifvtex Info: VTeX not detected.
Package: intcalc 2016/05/16 v1.2 Expandable calculations with integers (HO)
Package: ifpdf 2018/09/07 v3.3 Provides the ifpdf switch
Package: etexcmds 2016/05/16 v1.6 Avoid name clashes with e-TeX commands (HO)
Package etexcmds Info: Could not find \expanded.
(etexcmds)             That can mean that you are not using pdfTeX 1.50 or
(etexcmds)             that some package has redefined \expanded.
(etexcmds)             In the latter case, load this package earlier.
Package: kvsetkeys 2016/05/16 v1.17 Key value parser (HO)
Package: kvdefinekeys 2016/05/16 v1.4 Define keys (HO)
Package: pdftexcmds 2018/09/10 v0.29 Utility functions of pdfTeX for LuaTeX (HO
)
Package pdftexcmds Info: LuaTeX not detected.
Package pdftexcmds Info: \pdf@primitive is available.
Package pdftexcmds Info: \pdf@ifprimitive is available.
Package pdftexcmds Info: \pdfdraftmode found.
Package: pdfescape 2016/05/16 v1.14 Implements pdfTeX's escape features (HO)
Package: bigintcalc 2016/05/16 v1.4 Expandable calculations on big integers (HO
)
Package: bitset 2016/05/16 v1.2 Handle bit-vector datatype (HO)
Package: uniquecounter 2016/05/16 v1.3 Provide unlimited unique counter (HO)
)
Package hobsub Info: Skipping package `hobsub' (already loaded).
Package: letltxmacro 2016/05/16 v1.5 Let assignment for LaTeX macros (HO)
Package: hopatch 2016/05/16 v1.3 Wrapper for package hooks (HO)
Package: xcolor-patch 2016/05/16 xcolor patch
Package: atveryend 2016/05/16 v1.9 Hooks at the very end of document (HO)
Package atveryend Info: \enddocument detected (standard20110627).
Package: atbegshi 2016/06/09 v1.18 At begin shipout hook (HO)
Package: refcount 2016/05/16 v3.5 Data extraction from label references (HO)
Package: hycolor 2016/05/16 v1.8 Color options for hyperref/bookmark (HO)
)
(c:/texlive/2018/texmf-dist/tex/latex/graphics/keyval.sty
Package: keyval 2014/10/28 v1.15 key=value parser (DPC)
\KV@toks@=\toks14
)
(c:/texlive/2018/texmf-dist/tex/generic/ifxetex/ifxetex.sty
Package: ifxetex 2010/09/12 v0.6 Provides ifxetex conditional
)
(c:/texlive/2018/texmf-dist/tex/latex/oberdiek/auxhook.sty
Package: auxhook 2016/05/16 v1.4 Hooks for auxiliary files (HO)
)
(c:/texlive/2018/texmf-dist/tex/latex/oberdiek/kvoptions.sty
Package: kvoptions 2016/05/16 v3.12 Key value format for package options (HO)
)
\@linkdim=\dimen103
\Hy@linkcounter=\count88
\Hy@pagecounter=\count89

(c:/texlive/2018/texmf-dist/tex/latex/hyperref/pd1enc.def
File: pd1enc.def 2018/09/30 v6.88a Hyperref: PDFDocEncoding definition (HO)
Now handling font encoding PD1 ...
... no UTF-8 mapping file for font encoding PD1
)
\Hy@SavedSpaceFactor=\count90

(c:/texlive/2018/texmf-dist/tex/latex/latexconfig/hyperref.cfg
File: hyperref.cfg 2002/06/06 v1.2 hyperref configuration of TeXLive
)
Package hyperref Info: Hyper figures OFF on input line 4535.
Package hyperref Info: Link nesting OFF on input line 4540.
Package hyperref Info: Hyper index ON on input line 4543.
Package hyperref Info: Plain pages OFF on input line 4550.
Package hyperref Info: Backreferencing OFF on input line 4555.
Package hyperref Info: Implicit mode ON; LaTeX internals redefined.
Package hyperref Info: Bookmarks ON on input line 4788.
\c@Hy@tempcnt=\count91

(c:/texlive/2018/texmf-dist/tex/latex/url/url.sty
\Urlmuskip=\muskip10
Package: url 2013/09/16  ver 3.4  Verb mode for urls, etc.
)
LaTeX Info: Redefining \url on input line 5141.
\XeTeXLinkMargin=\dimen104
\Fld@menulength=\count92
\Field@Width=\dimen105
\Fld@charsize=\dimen106
Package hyperref Info: Hyper figures OFF on input line 6396.
Package hyperref Info: Link nesting OFF on input line 6401.
Package hyperref Info: Hyper index ON on input line 6404.
Package hyperref Info: backreferencing OFF on input line 6411.
Package hyperref Info: Link coloring OFF on input line 6416.
Package hyperref Info: Link coloring with OCG OFF on input line 6421.
Package hyperref Info: PDF/A mode OFF on input line 6426.
LaTeX Info: Redefining \ref on input line 6466.
LaTeX Info: Redefining \pageref on input line 6470.
\Hy@abspage=\count93
\c@Item=\count94
\c@Hfootnote=\count95
)
Package hyperref Info: Driver (autodetected): hpdftex.

(c:/texlive/2018/texmf-dist/tex/latex/hyperref/hpdftex.def
File: hpdftex.def 2018/09/30 v6.88a Hyperref driver for pdfTeX
\Fld@listcount=\count96
\c@bookmark@seq@number=\count97

(c:/texlive/2018/texmf-dist/tex/latex/oberdiek/rerunfilecheck.sty
Package: rerunfilecheck 2016/05/16 v1.8 Rerun checks for auxiliary files (HO)
Package uniquecounter Info: New unique counter `rerunfilecheck' on input line 2
82.
)
\Hy@SectionHShift=\skip43
)
(c:/texlive/2018/texmf-dist/tex/latex/titling/titling.sty
Package: titling 2009/09/04 v2.1d maketitle typesetting
\thanksmarkwidth=\skip44
\thanksmargin=\skip45
\droptitle=\skip46
)
(c:/texlive/2018/texmf-dist/tex/latex/tools/multicol.sty
Package: multicol 2018/04/20 v1.8s multicolumn formatting (FMi)
\c@tracingmulticols=\count98
\mult@box=\box26
\multicol@leftmargin=\dimen107
\c@unbalance=\count99
\c@collectmore=\count100
\doublecol@number=\count101
\multicoltolerance=\count102
\multicolpretolerance=\count103
\full@width=\dimen108
\page@free=\dimen109
\premulticols=\dimen110
\postmulticols=\dimen111
\multicolsep=\skip47
\multicolbaselineskip=\skip48
\partial@page=\box27
\last@line=\box28
\maxbalancingoverflow=\dimen112
\mult@rightbox=\box29
\mult@grightbox=\box30
\mult@gfirstbox=\box31
\mult@firstbox=\box32
\@tempa=\box33
\@tempa=\box34
\@tempa=\box35
\@tempa=\box36
\@tempa=\box37
\@tempa=\box38
\@tempa=\box39
\@tempa=\box40
\@tempa=\box41
\@tempa=\box42
\@tempa=\box43
\@tempa=\box44
\@tempa=\box45
\@tempa=\box46
\@tempa=\box47
\@tempa=\box48
\@tempa=\box49
\c@columnbadness=\count104
\c@finalcolumnbadness=\count105
\last@try=\dimen113
\multicolovershoot=\dimen114
\multicolundershoot=\dimen115
\mult@nat@firstbox=\box50
\colbreak@box=\box51
\mc@col@check@num=\count106
)
(c:/texlive/2018/texmf-dist/tex/latex/graphics/graphicx.sty
Package: graphicx 2017/06/01 v1.1a Enhanced LaTeX Graphics (DPC,SPQR)

(c:/texlive/2018/texmf-dist/tex/latex/graphics/graphics.sty
Package: graphics 2017/06/25 v1.2c Standard LaTeX Graphics (DPC,SPQR)

(c:/texlive/2018/texmf-dist/tex/latex/graphics/trig.sty
Package: trig 2016/01/03 v1.10 sin cos tan (DPC)
)
(c:/texlive/2018/texmf-dist/tex/latex/graphics-cfg/graphics.cfg
File: graphics.cfg 2016/06/04 v1.11 sample graphics configuration
)
Package graphics Info: Driver file: pdftex.def on input line 99.

(c:/texlive/2018/texmf-dist/tex/latex/graphics-def/pdftex.def
File: pdftex.def 2018/01/08 v1.0l Graphics/color driver for pdftex
))
\Gin@req@height=\dimen116
\Gin@req@width=\dimen117
)
(c:/texlive/2018/texmf-dist/tex/latex/xcolor/xcolor.sty
Package: xcolor 2016/05/11 v2.12 LaTeX color extensions (UK)

(c:/texlive/2018/texmf-dist/tex/latex/graphics-cfg/color.cfg
File: color.cfg 2016/01/02 v1.6 sample color configuration
)
Package xcolor Info: Driver file: pdftex.def on input line 225.
Package xcolor Info: Model `cmy' substituted by `cmy0' on input line 1348.
Package xcolor Info: Model `hsb' substituted by `rgb' on input line 1352.
Package xcolor Info: Model `RGB' extended on input line 1364.
Package xcolor Info: Model `HTML' substituted by `rgb' on input line 1366.
Package xcolor Info: Model `Hsb' substituted by `hsb' on input line 1367.
Package xcolor Info: Model `tHsb' substituted by `hsb' on input line 1368.
Package xcolor Info: Model `HSB' substituted by `hsb' on input line 1369.
Package xcolor Info: Model `Gray' substituted by `gray' on input line 1370.
Package xcolor Info: Model `wave' substituted by `hsb' on input line 1371.
)
(c:/texlive/2018/texmf-dist/tex/latex/lastpage/lastpage.sty
Package: lastpage 2015/03/29 v1.2m Refers to last page's name (HMM; JPG)
)
(c:/texlive/2018/texmf-dist/tex/latex/pgf/frontendlayer/tikz.sty
(c:/texlive/2018/texmf-dist/tex/latex/pgf/basiclayer/pgf.sty
(c:/texlive/2018/texmf-dist/tex/latex/pgf/utilities/pgfrcs.sty
(c:/texlive/2018/texmf-dist/tex/generic/pgf/utilities/pgfutil-common.tex
\pgfutil@everybye=\toks15
\pgfutil@tempdima=\dimen118
\pgfutil@tempdimb=\dimen119

(c:/texlive/2018/texmf-dist/tex/generic/pgf/utilities/pgfutil-common-lists.tex)
) (c:/texlive/2018/texmf-dist/tex/generic/pgf/utilities/pgfutil-latex.def
\pgfutil@abb=\box52

(c:/texlive/2018/texmf-dist/tex/latex/ms/everyshi.sty
Package: everyshi 2001/05/15 v3.00 EveryShipout Package (MS)
))
(c:/texlive/2018/texmf-dist/tex/generic/pgf/utilities/pgfrcs.code.tex
Package: pgfrcs 2015/08/07 v3.0.1a (rcs-revision 1.31)
))
Package: pgf 2015/08/07 v3.0.1a (rcs-revision 1.15)

(c:/texlive/2018/texmf-dist/tex/latex/pgf/basiclayer/pgfcore.sty
(c:/texlive/2018/texmf-dist/tex/latex/pgf/systemlayer/pgfsys.sty
(c:/texlive/2018/texmf-dist/tex/generic/pgf/systemlayer/pgfsys.code.tex
Package: pgfsys 2014/07/09 v3.0.1a (rcs-revision 1.48)

(c:/texlive/2018/texmf-dist/tex/generic/pgf/utilities/pgfkeys.code.tex
\pgfkeys@pathtoks=\toks16
\pgfkeys@temptoks=\toks17

(c:/texlive/2018/texmf-dist/tex/generic/pgf/utilities/pgfkeysfiltered.code.tex
\pgfkeys@tmptoks=\toks18
))
\pgf@x=\dimen120
\pgf@y=\dimen121
\pgf@xa=\dimen122
\pgf@ya=\dimen123
\pgf@xb=\dimen124
\pgf@yb=\dimen125
\pgf@xc=\dimen126
\pgf@yc=\dimen127
\w@pgf@writea=\write3
\r@pgf@reada=\read1
\c@pgf@counta=\count107
\c@pgf@countb=\count108
\c@pgf@countc=\count109
\c@pgf@countd=\count110
\t@pgf@toka=\toks19
\t@pgf@tokb=\toks20
\t@pgf@tokc=\toks21
 (c:/texlive/2018/texmf-dist/tex/generic/pgf/systemlayer/pgf.cfg
File: pgf.cfg 2008/05/14  (rcs-revision 1.7)
)
Driver file for pgf: pgfsys-pdftex.def

(c:/texlive/2018/texmf-dist/tex/generic/pgf/systemlayer/pgfsys-pdftex.def
File: pgfsys-pdftex.def 2014/10/11  (rcs-revision 1.35)

(c:/texlive/2018/texmf-dist/tex/generic/pgf/systemlayer/pgfsys-common-pdf.def
File: pgfsys-common-pdf.def 2013/10/10  (rcs-revision 1.13)
)))
(c:/texlive/2018/texmf-dist/tex/generic/pgf/systemlayer/pgfsyssoftpath.code.tex
File: pgfsyssoftpath.code.tex 2013/09/09  (rcs-revision 1.9)
\pgfsyssoftpath@smallbuffer@items=\count111
\pgfsyssoftpath@bigbuffer@items=\count112
)
(c:/texlive/2018/texmf-dist/tex/generic/pgf/systemlayer/pgfsysprotocol.code.tex
File: pgfsysprotocol.code.tex 2006/10/16  (rcs-revision 1.4)
)) (c:/texlive/2018/texmf-dist/tex/generic/pgf/basiclayer/pgfcore.code.tex
Package: pgfcore 2010/04/11 v3.0.1a (rcs-revision 1.7)

(c:/texlive/2018/texmf-dist/tex/generic/pgf/math/pgfmath.code.tex
(c:/texlive/2018/texmf-dist/tex/generic/pgf/math/pgfmathcalc.code.tex
(c:/texlive/2018/texmf-dist/tex/generic/pgf/math/pgfmathutil.code.tex)
(c:/texlive/2018/texmf-dist/tex/generic/pgf/math/pgfmathparser.code.tex
\pgfmath@dimen=\dimen128
\pgfmath@count=\count113
\pgfmath@box=\box53
\pgfmath@toks=\toks22
\pgfmath@stack@operand=\toks23
\pgfmath@stack@operation=\toks24
)
(c:/texlive/2018/texmf-dist/tex/generic/pgf/math/pgfmathfunctions.code.tex
(c:/texlive/2018/texmf-dist/tex/generic/pgf/math/pgfmathfunctions.basic.code.te
x)
(c:/texlive/2018/texmf-dist/tex/generic/pgf/math/pgfmathfunctions.trigonometric
.code.tex)
(c:/texlive/2018/texmf-dist/tex/generic/pgf/math/pgfmathfunctions.random.code.t
ex)
(c:/texlive/2018/texmf-dist/tex/generic/pgf/math/pgfmathfunctions.comparison.co
de.tex)
(c:/texlive/2018/texmf-dist/tex/generic/pgf/math/pgfmathfunctions.base.code.tex
)
(c:/texlive/2018/texmf-dist/tex/generic/pgf/math/pgfmathfunctions.round.code.te
x)
(c:/texlive/2018/texmf-dist/tex/generic/pgf/math/pgfmathfunctions.misc.code.tex
)
(c:/texlive/2018/texmf-dist/tex/generic/pgf/math/pgfmathfunctions.integerarithm
etics.code.tex)))
(c:/texlive/2018/texmf-dist/tex/generic/pgf/math/pgfmathfloat.code.tex
\c@pgfmathroundto@lastzeros=\count114
))
(c:/texlive/2018/texmf-dist/tex/generic/pgf/basiclayer/pgfcorepoints.code.tex
File: pgfcorepoints.code.tex 2013/10/07  (rcs-revision 1.27)
\pgf@picminx=\dimen129
\pgf@picmaxx=\dimen130
\pgf@picminy=\dimen131
\pgf@picmaxy=\dimen132
\pgf@pathminx=\dimen133
\pgf@pathmaxx=\dimen134
\pgf@pathminy=\dimen135
\pgf@pathmaxy=\dimen136
\pgf@xx=\dimen137
\pgf@xy=\dimen138
\pgf@yx=\dimen139
\pgf@yy=\dimen140
\pgf@zx=\dimen141
\pgf@zy=\dimen142
)
(c:/texlive/2018/texmf-dist/tex/generic/pgf/basiclayer/pgfcorepathconstruct.cod
e.tex
File: pgfcorepathconstruct.code.tex 2013/10/07  (rcs-revision 1.29)
\pgf@path@lastx=\dimen143
\pgf@path@lasty=\dimen144
)
(c:/texlive/2018/texmf-dist/tex/generic/pgf/basiclayer/pgfcorepathusage.code.te
x
File: pgfcorepathusage.code.tex 2014/11/02  (rcs-revision 1.24)
\pgf@shorten@end@additional=\dimen145
\pgf@shorten@start@additional=\dimen146
)
(c:/texlive/2018/texmf-dist/tex/generic/pgf/basiclayer/pgfcorescopes.code.tex
File: pgfcorescopes.code.tex 2015/05/08  (rcs-revision 1.46)
\pgfpic=\box54
\pgf@hbox=\box55
\pgf@layerbox@main=\box56
\pgf@picture@serial@count=\count115
)
(c:/texlive/2018/texmf-dist/tex/generic/pgf/basiclayer/pgfcoregraphicstate.code
.tex
File: pgfcoregraphicstate.code.tex 2014/11/02  (rcs-revision 1.12)
\pgflinewidth=\dimen147
)
(c:/texlive/2018/texmf-dist/tex/generic/pgf/basiclayer/pgfcoretransformations.c
ode.tex
File: pgfcoretransformations.code.tex 2015/08/07  (rcs-revision 1.20)
\pgf@pt@x=\dimen148
\pgf@pt@y=\dimen149
\pgf@pt@temp=\dimen150
)
(c:/texlive/2018/texmf-dist/tex/generic/pgf/basiclayer/pgfcorequick.code.tex
File: pgfcorequick.code.tex 2008/10/09  (rcs-revision 1.3)
)
(c:/texlive/2018/texmf-dist/tex/generic/pgf/basiclayer/pgfcoreobjects.code.tex
File: pgfcoreobjects.code.tex 2006/10/11  (rcs-revision 1.2)
)
(c:/texlive/2018/texmf-dist/tex/generic/pgf/basiclayer/pgfcorepathprocessing.co
de.tex
File: pgfcorepathprocessing.code.tex 2013/09/09  (rcs-revision 1.9)
)
(c:/texlive/2018/texmf-dist/tex/generic/pgf/basiclayer/pgfcorearrows.code.tex
File: pgfcorearrows.code.tex 2015/05/14  (rcs-revision 1.43)
\pgfarrowsep=\dimen151
)
(c:/texlive/2018/texmf-dist/tex/generic/pgf/basiclayer/pgfcoreshade.code.tex
File: pgfcoreshade.code.tex 2013/07/15  (rcs-revision 1.15)
\pgf@max=\dimen152
\pgf@sys@shading@range@num=\count116
)
(c:/texlive/2018/texmf-dist/tex/generic/pgf/basiclayer/pgfcoreimage.code.tex
File: pgfcoreimage.code.tex 2013/07/15  (rcs-revision 1.18)

(c:/texlive/2018/texmf-dist/tex/generic/pgf/basiclayer/pgfcoreexternal.code.tex
File: pgfcoreexternal.code.tex 2014/07/09  (rcs-revision 1.21)
\pgfexternal@startupbox=\box57
))
(c:/texlive/2018/texmf-dist/tex/generic/pgf/basiclayer/pgfcorelayers.code.tex
File: pgfcorelayers.code.tex 2013/07/18  (rcs-revision 1.7)
)
(c:/texlive/2018/texmf-dist/tex/generic/pgf/basiclayer/pgfcoretransparency.code
.tex
File: pgfcoretransparency.code.tex 2013/09/30  (rcs-revision 1.5)
)
(c:/texlive/2018/texmf-dist/tex/generic/pgf/basiclayer/pgfcorepatterns.code.tex
File: pgfcorepatterns.code.tex 2013/11/07  (rcs-revision 1.5)
)))
(c:/texlive/2018/texmf-dist/tex/generic/pgf/modules/pgfmoduleshapes.code.tex
File: pgfmoduleshapes.code.tex 2014/03/21  (rcs-revision 1.35)
\pgfnodeparttextbox=\box58
)
(c:/texlive/2018/texmf-dist/tex/generic/pgf/modules/pgfmoduleplot.code.tex
File: pgfmoduleplot.code.tex 2015/08/03  (rcs-revision 1.13)
)
(c:/texlive/2018/texmf-dist/tex/latex/pgf/compatibility/pgfcomp-version-0-65.st
y
Package: pgfcomp-version-0-65 2007/07/03 v3.0.1a (rcs-revision 1.7)
\pgf@nodesepstart=\dimen153
\pgf@nodesepend=\dimen154
)
(c:/texlive/2018/texmf-dist/tex/latex/pgf/compatibility/pgfcomp-version-1-18.st
y
Package: pgfcomp-version-1-18 2007/07/23 v3.0.1a (rcs-revision 1.1)
)) (c:/texlive/2018/texmf-dist/tex/latex/pgf/utilities/pgffor.sty
(c:/texlive/2018/texmf-dist/tex/latex/pgf/utilities/pgfkeys.sty
(c:/texlive/2018/texmf-dist/tex/generic/pgf/utilities/pgfkeys.code.tex))
(c:/texlive/2018/texmf-dist/tex/latex/pgf/math/pgfmath.sty
(c:/texlive/2018/texmf-dist/tex/generic/pgf/math/pgfmath.code.tex))
(c:/texlive/2018/texmf-dist/tex/generic/pgf/utilities/pgffor.code.tex
Package: pgffor 2013/12/13 v3.0.1a (rcs-revision 1.25)

(c:/texlive/2018/texmf-dist/tex/generic/pgf/math/pgfmath.code.tex)
\pgffor@iter=\dimen155
\pgffor@skip=\dimen156
\pgffor@stack=\toks25
\pgffor@toks=\toks26
))
(c:/texlive/2018/texmf-dist/tex/generic/pgf/frontendlayer/tikz/tikz.code.tex
Package: tikz 2015/08/07 v3.0.1a (rcs-revision 1.151)

(c:/texlive/2018/texmf-dist/tex/generic/pgf/libraries/pgflibraryplothandlers.co
de.tex
File: pgflibraryplothandlers.code.tex 2013/08/31 v3.0.1a (rcs-revision 1.20)
\pgf@plot@mark@count=\count117
\pgfplotmarksize=\dimen157
)
\tikz@lastx=\dimen158
\tikz@lasty=\dimen159
\tikz@lastxsaved=\dimen160
\tikz@lastysaved=\dimen161
\tikzleveldistance=\dimen162
\tikzsiblingdistance=\dimen163
\tikz@figbox=\box59
\tikz@figbox@bg=\box60
\tikz@tempbox=\box61
\tikz@tempbox@bg=\box62
\tikztreelevel=\count118
\tikznumberofchildren=\count119
\tikznumberofcurrentchild=\count120
\tikz@fig@count=\count121

(c:/texlive/2018/texmf-dist/tex/generic/pgf/modules/pgfmodulematrix.code.tex
File: pgfmodulematrix.code.tex 2013/09/17  (rcs-revision 1.8)
\pgfmatrixcurrentrow=\count122
\pgfmatrixcurrentcolumn=\count123
\pgf@matrix@numberofcolumns=\count124
)
\tikz@expandcount=\count125

(c:/texlive/2018/texmf-dist/tex/generic/pgf/frontendlayer/tikz/libraries/tikzli
brarytopaths.code.tex
File: tikzlibrarytopaths.code.tex 2008/06/17 v3.0.1a (rcs-revision 1.2)
)))
(c:/texlive/2018/texmf-dist/tex/generic/pgf/frontendlayer/tikz/libraries/tikzli
braryarrows.code.tex
File: tikzlibraryarrows.code.tex 2008/01/09 v3.0.1a (rcs-revision 1.1)

(c:/texlive/2018/texmf-dist/tex/generic/pgf/libraries/pgflibraryarrows.code.tex
File: pgflibraryarrows.code.tex 2013/09/23 v3.0.1a (rcs-revision 1.16)
\arrowsize=\dimen164
))
(c:/texlive/2018/texmf-dist/tex/generic/pgf/frontendlayer/tikz/libraries/tikzli
brarydecorations.pathmorphing.code.tex
(c:/texlive/2018/texmf-dist/tex/generic/pgf/frontendlayer/tikz/libraries/tikzli
brarydecorations.code.tex
(c:/texlive/2018/texmf-dist/tex/generic/pgf/modules/pgfmoduledecorations.code.t
ex
\pgfdecoratedcompleteddistance=\dimen165
\pgfdecoratedremainingdistance=\dimen166
\pgfdecoratedinputsegmentcompleteddistance=\dimen167
\pgfdecoratedinputsegmentremainingdistance=\dimen168
\pgf@decorate@distancetomove=\dimen169
\pgf@decorate@repeatstate=\count126
\pgfdecorationsegmentamplitude=\dimen170
\pgfdecorationsegmentlength=\dimen171
)
\tikz@lib@dec@box=\box63
)
(c:/texlive/2018/texmf-dist/tex/generic/pgf/libraries/decorations/pgflibrarydec
orations.pathmorphing.code.tex))
(c:/texlive/2018/texmf-dist/tex/generic/pgf/frontendlayer/tikz/libraries/tikzli
brarybackgrounds.code.tex
File: tikzlibrarybackgrounds.code.tex 2013/07/18 v3.0.1a (rcs-revision 1.3)
\pgf@layerbox@background=\box64
\pgf@layerboxsaved@background=\box65
)
(c:/texlive/2018/texmf-dist/tex/generic/pgf/frontendlayer/tikz/libraries/tikzli
braryfit.code.tex
File: tikzlibraryfit.code.tex 2013/07/12 v3.0.1a (rcs-revision 1.5)
)
(c:/texlive/2018/texmf-dist/tex/generic/pgf/frontendlayer/tikz/libraries/tikzli
braryshadows.code.tex
File: tikzlibraryshadows.code.tex 2008/01/13 v3.0.1a (rcs-revision 1.3)

(c:/texlive/2018/texmf-dist/tex/generic/pgf/frontendlayer/tikz/libraries/tikzli
braryfadings.code.tex
File: tikzlibraryfadings.code.tex 2009/11/15 v3.0.1a (rcs-revision 1.2)

(c:/texlive/2018/texmf-dist/tex/generic/pgf/libraries/pgflibraryfadings.code.te
x
File: pgflibraryfadings.code.tex 2008/02/07 v3.0.1a (rcs-revision 1.3)
)))
(c:/texlive/2018/texmf-dist/tex/generic/pgf/frontendlayer/tikz/libraries/tikzli
brarypositioning.code.tex
File: tikzlibrarypositioning.code.tex 2008/10/06 v3.0.1a (rcs-revision 1.7)
)
(c:/texlive/2018/texmf-dist/tex/latex/fancyhdr/fancyhdr.sty
Package: fancyhdr 2017/06/30 v3.9a Extensive control of page headers and footer
s
\f@nch@headwidth=\skip49
\f@nch@O@elh=\skip50
\f@nch@O@erh=\skip51
\f@nch@O@olh=\skip52
\f@nch@O@orh=\skip53
\f@nch@O@elf=\skip54
\f@nch@O@erf=\skip55
\f@nch@O@olf=\skip56
\f@nch@O@orf=\skip57
))
(c:/texlive/2018/texmf-dist/tex/latex/base/inputenc.sty
Package: inputenc 2018/04/06 v1.3b Input encoding file
\inpenc@prehook=\toks27
\inpenc@posthook=\toks28
)
(c:/texlive/2018/texmf-dist/tex/generic/babel/babel.sty
Package: babel 2018/10/16 3.26 The Babel package

(c:/texlive/2018/texmf-dist/tex/generic/babel/switch.def
File: switch.def 2018/10/16 3.26 Babel switching mechanism
)
(c:/texlive/2018/texmf-dist/tex/generic/babel-english/english.ldf
Language: english 2017/06/06 v3.3r English support from the babel system

(c:/texlive/2018/texmf-dist/tex/generic/babel/babel.def
File: babel.def 2018/10/16 3.26 Babel common definitions
\babel@savecnt=\count127
\U@D=\dimen172

(c:/texlive/2018/texmf-dist/tex/generic/babel/txtbabel.def)
\bbl@dirlevel=\count128
)
\l@canadian = a dialect from \language\l@american 
\l@australian = a dialect from \language\l@british 
\l@newzealand = a dialect from \language\l@british 
))
(c:/texlive/2018/texmf-dist/tex/latex/caption/subcaption.sty
Package: subcaption 2018/05/01 v1.1-162 Sub-captions (AR)

(c:/texlive/2018/texmf-dist/tex/latex/caption/caption.sty
Package: caption 2018/10/06 v3.3-154 Customizing captions (AR)

(c:/texlive/2018/texmf-dist/tex/latex/caption/caption3.sty
Package: caption3 2018/09/12 v1.8c caption3 kernel (AR)
Package caption3 Info: TeX engine: e-TeX on input line 64.
\captionmargin=\dimen173
\captionmargin@=\dimen174
\captionwidth=\dimen175
\caption@tempdima=\dimen176
\caption@indent=\dimen177
\caption@parindent=\dimen178
\caption@hangindent=\dimen179
)
\c@caption@flags=\count129
\c@ContinuedFloat=\count130
Package caption Info: hyperref package is loaded.
)
\c@subfigure=\count131
\c@subtable=\count132
)
\twosubht=\skip58
\twosubbox=\box66

(c:/texlive/2018/texmf-dist/tex/latex/oberdiek/epstopdf.sty
Package: epstopdf 2016/05/15 v2.6 Conversion with epstopdf on the fly (HO)

(c:/texlive/2018/texmf-dist/tex/latex/oberdiek/epstopdf-base.sty
Package: epstopdf-base 2016/05/15 v2.6 Base part for package epstopdf

(c:/texlive/2018/texmf-dist/tex/latex/oberdiek/grfext.sty
Package: grfext 2016/05/16 v1.2 Manage graphics extensions (HO)
)
Package epstopdf-base Info: Redefining graphics rule for `.eps' on input line 4
38.
Package grfext Info: Graphics extension search list:
(grfext)             [.pdf,.png,.jpg,.mps,.jpeg,.jbig2,.jb2,.PDF,.PNG,.JPG,.JPE
G,.JBIG2,.JB2,.eps]
(grfext)             \AppendGraphicsExtensions on input line 456.

(c:/texlive/2018/texmf-dist/tex/latex/latexconfig/epstopdf-sys.cfg
File: epstopdf-sys.cfg 2010/07/13 v1.3 Configuration of (r)epstopdf for TeX Liv
e
)))
(c:/texlive/2018/texmf-dist/tex/latex/amsmath/amsmath.sty
Package: amsmath 2017/09/02 v2.17a AMS math features
\@mathmargin=\skip59

For additional information on amsmath, use the `?' option.
(c:/texlive/2018/texmf-dist/tex/latex/amsmath/amstext.sty
Package: amstext 2000/06/29 v2.01 AMS text

(c:/texlive/2018/texmf-dist/tex/latex/amsmath/amsgen.sty
File: amsgen.sty 1999/11/30 v2.0 generic functions
\@emptytoks=\toks29
\ex@=\dimen180
))
(c:/texlive/2018/texmf-dist/tex/latex/amsmath/amsbsy.sty
Package: amsbsy 1999/11/29 v1.2d Bold Symbols
\pmbraise@=\dimen181
)
(c:/texlive/2018/texmf-dist/tex/latex/amsmath/amsopn.sty
Package: amsopn 2016/03/08 v2.02 operator names
)
\inf@bad=\count133
LaTeX Info: Redefining \frac on input line 213.
\uproot@=\count134
\leftroot@=\count135
LaTeX Info: Redefining \overline on input line 375.
\classnum@=\count136
\DOTSCASE@=\count137
LaTeX Info: Redefining \ldots on input line 472.
LaTeX Info: Redefining \dots on input line 475.
LaTeX Info: Redefining \cdots on input line 596.
\Mathstrutbox@=\box67
\strutbox@=\box68
\big@size=\dimen182
LaTeX Font Info:    Redeclaring font encoding OML on input line 712.
LaTeX Font Info:    Redeclaring font encoding OMS on input line 713.
\macc@depth=\count138
\c@MaxMatrixCols=\count139
\dotsspace@=\muskip11
\c@parentequation=\count140
\dspbrk@lvl=\count141
\tag@help=\toks30
\row@=\count142
\column@=\count143
\maxfields@=\count144
\andhelp@=\toks31
\eqnshift@=\dimen183
\alignsep@=\dimen184
\tagshift@=\dimen185
\tagwidth@=\dimen186
\totwidth@=\dimen187
\lineht@=\dimen188
\@envbody=\toks32
\multlinegap=\skip60
\multlinetaggap=\skip61
\mathdisplay@stack=\toks33
LaTeX Info: Redefining \[ on input line 2817.
LaTeX Info: Redefining \] on input line 2818.
)
(c:/texlive/2018/texmf-dist/tex/latex/amscls/amsthm.sty
Package: amsthm 2017/10/31 v2.20.4
\thm@style=\toks34
\thm@bodyfont=\toks35
\thm@headfont=\toks36
\thm@notefont=\toks37
\thm@headpunct=\toks38
\thm@preskip=\skip62
\thm@postskip=\skip63
\thm@headsep=\skip64
\dth@everypar=\toks39
)
(c:/texlive/2018/texmf-dist/tex/latex/amsfonts/amssymb.sty
Package: amssymb 2013/01/14 v3.01 AMS font symbols

(c:/texlive/2018/texmf-dist/tex/latex/amsfonts/amsfonts.sty
Package: amsfonts 2013/01/14 v3.01 Basic AMSFonts support
\symAMSa=\mathgroup4
\symAMSb=\mathgroup5
LaTeX Font Info:    Overwriting math alphabet `\mathfrak' in version `bold'
(Font)                  U/euf/m/n --> U/euf/b/n on input line 106.
))
(c:/texlive/2018/texmf-dist/tex/latex/was/gensymb.sty
Package: gensymb 2003/07/02 v1.0 (WaS)
)
(c:/texlive/2018/texmf-dist/tex/latex/etoolbox/etoolbox.sty
Package: etoolbox 2018/08/19 v2.5f e-TeX tools for LaTeX (JAW)
\etb@tempcnta=\count145
)
\c@countitems=\count146
\c@nextitemizecount=\count147

(c:/texlive/2018/texmf-dist/tex/latex/oberdiek/pdflscape.sty
Package: pdflscape 2016/05/14 v0.11 Display of landscape pages in PDF (HO)

(c:/texlive/2018/texmf-dist/tex/latex/graphics/lscape.sty
Package: lscape 2000/10/22 v3.01 Landscape Pages (DPC)
)
Package pdflscape Info: Auto-detected driver: pdftex on input line 81.
) (./Assignment1.aux)
\openout1 = `Assignment1.aux'.

LaTeX Font Info:    Checking defaults for OML/cmm/m/it on input line 57.
LaTeX Font Info:    ... okay on input line 57.
LaTeX Font Info:    Checking defaults for T1/cmr/m/n on input line 57.
LaTeX Font Info:    ... okay on input line 57.
LaTeX Font Info:    Checking defaults for OT1/cmr/m/n on input line 57.
LaTeX Font Info:    ... okay on input line 57.
LaTeX Font Info:    Checking defaults for OMS/cmsy/m/n on input line 57.
LaTeX Font Info:    ... okay on input line 57.
LaTeX Font Info:    Checking defaults for OMX/cmex/m/n on input line 57.
LaTeX Font Info:    ... okay on input line 57.
LaTeX Font Info:    Checking defaults for U/cmr/m/n on input line 57.
LaTeX Font Info:    ... okay on input line 57.
LaTeX Font Info:    Checking defaults for PD1/pdf/m/n on input line 57.
LaTeX Font Info:    ... okay on input line 57.
\AtBeginShipoutBox=\box69
Package hyperref Info: Link coloring OFF on input line 57.
(c:/texlive/2018/texmf-dist/tex/latex/hyperref/nameref.sty
Package: nameref 2016/05/21 v2.44 Cross-referencing by name of section

(c:/texlive/2018/texmf-dist/tex/generic/oberdiek/gettitlestring.sty
Package: gettitlestring 2016/05/16 v1.5 Cleanup title references (HO)
)
\c@section@level=\count148
)
LaTeX Info: Redefining \ref on input line 57.
LaTeX Info: Redefining \pageref on input line 57.
LaTeX Info: Redefining \nameref on input line 57.

(./Assignment1.out) (./Assignment1.out)
\@outlinefile=\write4
\openout4 = `Assignment1.out'.


(c:/texlive/2018/texmf-dist/tex/context/base/mkii/supp-pdf.mkii
[Loading MPS to PDF converter (version 2006.09.02).]
\scratchcounter=\count149
\scratchdimen=\dimen189
\scratchbox=\box70
\nofMPsegments=\count150
\nofMParguments=\count151
\everyMPshowfont=\toks40
\MPscratchCnt=\count152
\MPscratchDim=\dimen190
\MPnumerator=\count153
\makeMPintoPDFobject=\count154
\everyMPtoPDFconversion=\toks41
)
Package lastpage Info: Please have a look at the pageslts package at
(lastpage)             https://www.ctan.org/pkg/pageslts
(lastpage)             ! on input line 57.
 ABD: EveryShipout initializing macros
Package caption Info: Begin \AtBeginDocument code.
Package caption Info: End \AtBeginDocument code.
LaTeX Info: Redefining \celsius on input line 57.
Package gensymb Info: Faking symbols for \degree and \celsius on input line 57.



Package gensymb Warning: Not defining \perthousand.

LaTeX Info: Redefining \ohm on input line 57.
Package gensymb Info: Using \Omega for \ohm on input line 57.

Package gensymb Warning: Not defining \micro.

<kuleuvenLogo.pdf, id=103, 159.33528pt x 56.90259pt>
File: kuleuvenLogo.pdf Graphic file (type pdf)
<use kuleuvenLogo.pdf>
Package pdftex.def Info: kuleuvenLogo.pdf  used on input line 59.
(pdftex.def)             Requested size: 119.50601pt x 42.67912pt.
<kuleuvenSedes.pdf, id=104, 349.305pt x 596.2275pt>
File: kuleuvenSedes.pdf Graphic file (type pdf)
<use kuleuvenSedes.pdf>
Package pdftex.def Info: kuleuvenSedes.pdf  used on input line 59.
(pdftex.def)             Requested size: 25.00282pt x 42.67912pt.
LaTeX Font Info:    Try loading font information for U+msa on input line 59.
(c:/texlive/2018/texmf-dist/tex/latex/amsfonts/umsa.fd
File: umsa.fd 2013/01/14 v3.01 AMS symbols A
)
LaTeX Font Info:    Try loading font information for U+msb on input line 59.

(c:/texlive/2018/texmf-dist/tex/latex/amsfonts/umsb.fd
File: umsb.fd 2013/01/14 v3.01 AMS symbols B
)
LaTeX Font Info:    Try loading font information for T1+cmtt on input line 59.

(c:/texlive/2018/texmf-dist/tex/latex/base/t1cmtt.fd
File: t1cmtt.fd 2014/09/29 v2.5h Standard LaTeX font definitions
)
Underfull \hbox (badness 10000) in paragraph at lines 59--60

 []

(./Assignment1.toc)
\tf@toc=\write5
\openout5 = `Assignment1.toc'.

 (./Assignment1.lof)
\tf@lof=\write6
\openout6 = `Assignment1.lof'.

 (./Assignment1.lot)
\tf@lot=\write7
\openout7 = `Assignment1.lot'.

 [1

{c:/texlive/2018/texmf-var/fonts/map/pdftex/updmap/pdftex.map} <c:/texlive/texm
f-local/tex/latex/local/kulak/kuleuvenLogo.pdf> <c:/texlive/texmf-local/tex/lat
ex/local/kulak/kuleuvenSedes.pdf>]
LaTeX Font Info:    Try loading font information for OMS+cmr on input line 80.
 (c:/texlive/2018/texmf-dist/tex/latex/base/omscmr.fd
File: omscmr.fd 2014/09/29 v2.5h Standard LaTeX font definitions
)
LaTeX Font Info:    Font shape `OMS/cmr/m/n' in size <10> not available
(Font)              Font shape `OMS/cmsy/m/n' tried instead on input line 80.
<../Figures/DC_motors.png, id=177, 364.9635pt x 227.04825pt>
File: ../Figures/DC_motors.png Graphic file (type png)
<use ../Figures/DC_motors.png>
Package pdftex.def Info: ../Figures/DC_motors.png  used on input line 118.
(pdftex.def)             Requested size: 273.14922pt x 169.9393pt.

Underfull \hbox (badness 10000) in paragraph at lines 126--129

 []

File: kuleuvenSedes.pdf Graphic file (type pdf)
<use kuleuvenSedes.pdf>
Package pdftex.def Info: kuleuvenSedes.pdf  used on input line 129.
(pdftex.def)             Requested size: 25.00282pt x 42.67912pt.

Package Fancyhdr Warning: \headheight is too small (42.67912pt): 
 Make it at least 46.27914pt.
 We now make it that large for the rest of the document.
 This may cause the page layout to be inconsistent, however.

[2]
<../Figures/delay.png, id=202, 274.02374pt x 214.55156pt>
File: ../Figures/delay.png Graphic file (type png)
<use ../Figures/delay.png>
Package pdftex.def Info: ../Figures/delay.png  used on input line 154.
(pdftex.def)             Requested size: 227.62204pt x 178.22505pt.
File: kuleuvenSedes.pdf Graphic file (type pdf)
<use kuleuvenSedes.pdf>
Package pdftex.def Info: kuleuvenSedes.pdf  used on input line 157.
(pdftex.def)             Requested size: 25.00282pt x 42.67912pt.
 [3 <../Figures/DC_motors.png>]
Underfull \hbox (badness 10000) in paragraph at lines 185--190

 []


Underfull \hbox (badness 10000) in paragraph at lines 185--190

 []

File: kuleuvenSedes.pdf Graphic file (type pdf)
<use kuleuvenSedes.pdf>
Package pdftex.def Info: kuleuvenSedes.pdf  used on input line 190.
(pdftex.def)             Requested size: 25.00282pt x 42.67912pt.
[4 <../Figures/delay.png>]
Underfull \hbox (badness 10000) in paragraph at lines 204--207

 []

Package epstopdf Info: Source file: <../Matlab/input_voltage.eps>
(epstopdf)                    date: 2021-12-04 14:52:19
(epstopdf)                    size: 80583 bytes
(epstopdf)             Output file: <./input_voltage-eps-converted-to.pdf>
(epstopdf)                    date: 2021-12-04 15:01:09
(epstopdf)                    size: 20946 bytes
(epstopdf)             Command: <repstopdf --outfile=./input_voltage-eps-conver
ted-to.pdf ../Matlab/input_voltage.eps>
(epstopdf)             \includegraphics on input line 212.
Package epstopdf Info: Output file is already uptodate.
<./input_voltage-eps-converted-to.pdf, id=235, 362.35374pt x 307.1475pt>
File: ./input_voltage-eps-converted-to.pdf Graphic file (type pdf)
<use ./input_voltage-eps-converted-to.pdf>
Package pdftex.def Info: ./input_voltage-eps-converted-to.pdf  used on input li
ne 212.
(pdftex.def)             Requested size: 220.79366pt x 187.15817pt.
Package epstopdf Info: Source file: <../Matlab/motor_velocity.eps>
(epstopdf)                    date: 2021-12-04 14:52:07
(epstopdf)                    size: 171643 bytes
(epstopdf)             Output file: <./motor_velocity-eps-converted-to.pdf>
(epstopdf)                    date: 2021-12-04 15:01:11
(epstopdf)                    size: 44677 bytes
(epstopdf)             Command: <repstopdf --outfile=./motor_velocity-eps-conve
rted-to.pdf ../Matlab/motor_velocity.eps>
(epstopdf)             \includegraphics on input line 217.
Package epstopdf Info: Output file is already uptodate.
<./motor_velocity-eps-converted-to.pdf, id=236, 361.35pt x 307.1475pt>
File: ./motor_velocity-eps-converted-to.pdf Graphic file (type pdf)
<use ./motor_velocity-eps-converted-to.pdf>
Package pdftex.def Info: ./motor_velocity-eps-converted-to.pdf  used on input l
ine 217.
(pdftex.def)             Requested size: 227.62204pt x 193.48051pt.
Package epstopdf Info: Source file: <../Matlab/omegaA_deltaomegaA.eps>
(epstopdf)                    date: 2021-12-04 14:52:20
(epstopdf)                    size: 194177 bytes
(epstopdf)             Output file: <./omegaA_deltaomegaA-eps-converted-to.pdf>

(epstopdf)                    date: 2021-12-04 15:01:14
(epstopdf)                    size: 36885 bytes
(epstopdf)             Command: <repstopdf --outfile=./omegaA_deltaomegaA-eps-c
onverted-to.pdf ../Matlab/omegaA_deltaomegaA.eps>
(epstopdf)             \includegraphics on input line 227.
Package epstopdf Info: Output file is already uptodate.
<./omegaA_deltaomegaA-eps-converted-to.pdf, id=237, 372.39125pt x 299.1175pt>
File: ./omegaA_deltaomegaA-eps-converted-to.pdf Graphic file (type pdf)
<use ./omegaA_deltaomegaA-eps-converted-to.pdf>
Package pdftex.def Info: ./omegaA_deltaomegaA-eps-converted-to.pdf  used on inp
ut line 227.
(pdftex.def)             Requested size: 223.0721pt x 179.18433pt.
Package epstopdf Info: Source file: <../Matlab/omegaB_deltaomegaB.eps>
(epstopdf)                    date: 2021-12-04 14:52:21
(epstopdf)                    size: 190944 bytes
(epstopdf)             Output file: <./omegaB_deltaomegaB-eps-converted-to.pdf>

(epstopdf)                    date: 2021-12-04 15:01:16
(epstopdf)                    size: 37331 bytes
(epstopdf)             Command: <repstopdf --outfile=./omegaB_deltaomegaB-eps-c
onverted-to.pdf ../Matlab/omegaB_deltaomegaB.eps>
(epstopdf)             \includegraphics on input line 232.
Package epstopdf Info: Output file is already uptodate.
<./omegaB_deltaomegaB-eps-converted-to.pdf, id=238, 372.39125pt x 299.1175pt>
File: ./omegaB_deltaomegaB-eps-converted-to.pdf Graphic file (type pdf)
<use ./omegaB_deltaomegaB-eps-converted-to.pdf>
Package pdftex.def Info: ./omegaB_deltaomegaB-eps-converted-to.pdf  used on inp
ut line 232.
(pdftex.def)             Requested size: 223.0721pt x 179.18433pt.
File: kuleuvenSedes.pdf Graphic file (type pdf)
<use kuleuvenSedes.pdf>
Package pdftex.def Info: kuleuvenSedes.pdf  used on input line 250.
(pdftex.def)             Requested size: 25.00282pt x 42.67912pt.
[5 <./input_voltage-eps-converted-to.pdf> <./motor_velocity-eps-converted-to.pd
f>]
Underfull \hbox (badness 10000) in paragraph at lines 288--291

 []

File: kuleuvenSedes.pdf Graphic file (type pdf)
<use kuleuvenSedes.pdf>
Package pdftex.def Info: kuleuvenSedes.pdf  used on input line 291.
(pdftex.def)             Requested size: 25.00282pt x 42.67912pt.
[6 <./omegaA_deltaomegaA-eps-converted-to.pdf> <./omegaB_deltaomegaB-eps-conver
ted-to.pdf>]
Underfull \hbox (badness 10000) in paragraph at lines 325--331

 []


Underfull \hbox (badness 10000) in paragraph at lines 325--331

 []


Underfull \hbox (badness 10000) in paragraph at lines 358--363

 []


Underfull \hbox (badness 10000) in paragraph at lines 358--363

 []

File: kuleuvenSedes.pdf Graphic file (type pdf)
<use kuleuvenSedes.pdf>
Package pdftex.def Info: kuleuvenSedes.pdf  used on input line 447.
(pdftex.def)             Requested size: 25.00282pt x 42.67912pt.
[7]
File: kuleuvenSedes.pdf Graphic file (type pdf)
<use kuleuvenSedes.pdf>
Package pdftex.def Info: kuleuvenSedes.pdf  used on input line 447.
(pdftex.def)             Requested size: 25.00282pt x 42.67912pt.
 [8]
<p&z_complex_all_A_cropped.pdf, id=304, 358.136pt x 293.69223pt>
File: p&z_complex_all_A_cropped.pdf Graphic file (type pdf)
<use p&z_complex_all_A_cropped.pdf>
Package pdftex.def Info: p&z_complex_all_A_cropped.pdf  used on input line 453.

(pdftex.def)             Requested size: 218.51521pt x 179.1968pt.
<p&z_complex_all_B_cropped.pdf, id=305, 358.136pt x 293.69223pt>
File: p&z_complex_all_B_cropped.pdf Graphic file (type pdf)
<use p&z_complex_all_B_cropped.pdf>
Package pdftex.def Info: p&z_complex_all_B_cropped.pdf  used on input line 459.

(pdftex.def)             Requested size: 218.51521pt x 179.1968pt.
<p&z_simple_all_A_cropped.pdf, id=306, 358.136pt x 293.69223pt>
File: p&z_simple_all_A_cropped.pdf Graphic file (type pdf)
<use p&z_simple_all_A_cropped.pdf>
Package pdftex.def Info: p&z_simple_all_A_cropped.pdf  used on input line 470.
(pdftex.def)             Requested size: 218.51521pt x 179.1968pt.
<p&z_simple_all_B_cropped.pdf, id=307, 358.136pt x 293.69223pt>
File: p&z_simple_all_B_cropped.pdf Graphic file (type pdf)
<use p&z_simple_all_B_cropped.pdf>
Package pdftex.def Info: p&z_simple_all_B_cropped.pdf  used on input line 476.
(pdftex.def)             Requested size: 218.51521pt x 179.1968pt.
Package epstopdf Info: Source file: <../Matlab/step_response_complex_a.eps>
(epstopdf)                    date: 2021-12-04 15:23:45
(epstopdf)                    size: 44326 bytes
(epstopdf)             Output file: <./step_response_complex_a-eps-converted-to
.pdf>
(epstopdf)                    date: 2021-12-04 15:24:33
(epstopdf)                    size: 16226 bytes
(epstopdf)             Command: <repstopdf --outfile=./step_response_complex_a-
eps-converted-to.pdf ../Matlab/step_response_complex_a.eps>
(epstopdf)             \includegraphics on input line 503.
Package epstopdf Info: Output file is already uptodate.
<./step_response_complex_a-eps-converted-to.pdf, id=312, 368.37625pt x 299.1175
pt>
File: ./step_response_complex_a-eps-converted-to.pdf Graphic file (type pdf)
<use ./step_response_complex_a-eps-converted-to.pdf>
Package pdftex.def Info: ./step_response_complex_a-eps-converted-to.pdf  used o
n input line 503.
(pdftex.def)             Requested size: 218.51521pt x 177.4317pt.
Package epstopdf Info: Source file: <../Matlab/step_response_complex_b.eps>
(epstopdf)                    date: 2021-12-04 15:23:47
(epstopdf)                    size: 45337 bytes
(epstopdf)             Output file: <./step_response_complex_b-eps-converted-to
.pdf>
(epstopdf)                    date: 2021-12-04 15:24:37
(epstopdf)                    size: 16529 bytes
(epstopdf)             Command: <repstopdf --outfile=./step_response_complex_b-
eps-converted-to.pdf ../Matlab/step_response_complex_b.eps>
(epstopdf)             \includegraphics on input line 508.
Package epstopdf Info: Output file is already uptodate.
<./step_response_complex_b-eps-converted-to.pdf, id=313, 368.37625pt x 299.1175
pt>
File: ./step_response_complex_b-eps-converted-to.pdf Graphic file (type pdf)
<use ./step_response_complex_b-eps-converted-to.pdf>
Package pdftex.def Info: ./step_response_complex_b-eps-converted-to.pdf  used o
n input line 508.
(pdftex.def)             Requested size: 218.51521pt x 177.4317pt.
Package epstopdf Info: Source file: <../Matlab/step_response_complex_BW_a.eps>
(epstopdf)                    date: 2021-12-04 15:23:56
(epstopdf)                    size: 45013 bytes
(epstopdf)             Output file: <./step_response_complex_BW_a-eps-converted
-to.pdf>
(epstopdf)                    date: 2021-12-04 15:24:41
(epstopdf)                    size: 17582 bytes
(epstopdf)             Command: <repstopdf --outfile=./step_response_complex_BW
_a-eps-converted-to.pdf ../Matlab/step_response_complex_BW_a.eps>
(epstopdf)             \includegraphics on input line 513.
Package epstopdf Info: Output file is already uptodate.
<./step_response_complex_BW_a-eps-converted-to.pdf, id=314, 368.37625pt x 299.1
175pt>
File: ./step_response_complex_BW_a-eps-converted-to.pdf Graphic file (type pdf)

<use ./step_response_complex_BW_a-eps-converted-to.pdf>
Package pdftex.def Info: ./step_response_complex_BW_a-eps-converted-to.pdf  use
d on input line 513.
(pdftex.def)             Requested size: 218.51521pt x 177.4317pt.
Package epstopdf Info: Source file: <../Matlab/step_response_complex_BW_b.eps>
(epstopdf)                    date: 2021-12-04 15:23:58
(epstopdf)                    size: 45064 bytes
(epstopdf)             Output file: <./step_response_complex_BW_b-eps-converted
-to.pdf>
(epstopdf)                    date: 2021-12-04 15:24:46
(epstopdf)                    size: 16579 bytes
(epstopdf)             Command: <repstopdf --outfile=./step_response_complex_BW
_b-eps-converted-to.pdf ../Matlab/step_response_complex_BW_b.eps>
(epstopdf)             \includegraphics on input line 518.
Package epstopdf Info: Output file is already uptodate.
<./step_response_complex_BW_b-eps-converted-to.pdf, id=315, 368.37625pt x 299.1
175pt>
File: ./step_response_complex_BW_b-eps-converted-to.pdf Graphic file (type pdf)

<use ./step_response_complex_BW_b-eps-converted-to.pdf>
Package pdftex.def Info: ./step_response_complex_BW_b-eps-converted-to.pdf  use
d on input line 518.
(pdftex.def)             Requested size: 218.51521pt x 177.4317pt.
Package epstopdf Info: Source file: <../Matlab/step_response_complex_SK_a.eps>
(epstopdf)                    date: 2021-12-04 15:24:05
(epstopdf)                    size: 44716 bytes
(epstopdf)             Output file: <./step_response_complex_SK_a-eps-converted
-to.pdf>
(epstopdf)                    date: 2021-12-04 15:24:50
(epstopdf)                    size: 16782 bytes
(epstopdf)             Command: <repstopdf --outfile=./step_response_complex_SK
_a-eps-converted-to.pdf ../Matlab/step_response_complex_SK_a.eps>
(epstopdf)             \includegraphics on input line 523.
Package epstopdf Info: Output file is already uptodate.
<./step_response_complex_SK_a-eps-converted-to.pdf, id=316, 368.37625pt x 299.1
175pt>
File: ./step_response_complex_SK_a-eps-converted-to.pdf Graphic file (type pdf)

<use ./step_response_complex_SK_a-eps-converted-to.pdf>
Package pdftex.def Info: ./step_response_complex_SK_a-eps-converted-to.pdf  use
d on input line 523.
(pdftex.def)             Requested size: 218.51521pt x 177.4317pt.
Package epstopdf Info: Source file: <../Matlab/step_response_complex_SK_b.eps>
(epstopdf)                    date: 2021-12-04 15:24:08
(epstopdf)                    size: 45434 bytes
(epstopdf)             Output file: <./step_response_complex_SK_b-eps-converted
-to.pdf>
(epstopdf)                    date: 2021-12-04 15:24:54
(epstopdf)                    size: 17085 bytes
(epstopdf)             Command: <repstopdf --outfile=./step_response_complex_SK
_b-eps-converted-to.pdf ../Matlab/step_response_complex_SK_b.eps>
(epstopdf)             \includegraphics on input line 528.
Package epstopdf Info: Output file is already uptodate.
<./step_response_complex_SK_b-eps-converted-to.pdf, id=317, 368.37625pt x 299.1
175pt>
File: ./step_response_complex_SK_b-eps-converted-to.pdf Graphic file (type pdf)

<use ./step_response_complex_SK_b-eps-converted-to.pdf>
Package pdftex.def Info: ./step_response_complex_SK_b-eps-converted-to.pdf  use
d on input line 528.
(pdftex.def)             Requested size: 218.51521pt x 177.4317pt.

Underfull \hbox (badness 10000) in paragraph at lines 494--533

 []


Underfull \hbox (badness 10000) in paragraph at lines 494--533

 []

File: kuleuvenSedes.pdf Graphic file (type pdf)
<use kuleuvenSedes.pdf>
Package pdftex.def Info: kuleuvenSedes.pdf  used on input line 533.
(pdftex.def)             Requested size: 25.00282pt x 42.67912pt.
[9 <./p&z_complex_all_A_cropped.pdf> <./p&z_complex_all_B_cropped.pdf> <./p&z_s
imple_all_A_cropped.pdf> <./p&z_simple_all_B_cropped.pdf>]
Package epstopdf Info: Source file: <../Matlab/step_response_simple_a.eps>
(epstopdf)                    date: 2021-12-05 01:14:54
(epstopdf)                    size: 44695 bytes
(epstopdf)             Output file: <./step_response_simple_a-eps-converted-to.
pdf>
(epstopdf)                    date: 2021-12-05 01:31:52
(epstopdf)                    size: 16205 bytes
(epstopdf)             Command: <repstopdf --outfile=./step_response_simple_a-e
ps-converted-to.pdf ../Matlab/step_response_simple_a.eps>
(epstopdf)             \includegraphics on input line 538.
Package epstopdf Info: Output file is already uptodate.
<./step_response_simple_a-eps-converted-to.pdf, id=356, 368.37625pt x 299.1175p
t>
File: ./step_response_simple_a-eps-converted-to.pdf Graphic file (type pdf)
<use ./step_response_simple_a-eps-converted-to.pdf>
Package pdftex.def Info: ./step_response_simple_a-eps-converted-to.pdf  used on
 input line 538.
(pdftex.def)             Requested size: 218.51521pt x 177.4317pt.
Package epstopdf Info: Source file: <../Matlab/step_response_simple_b.eps>
(epstopdf)                    date: 2021-12-05 01:14:58
(epstopdf)                    size: 44640 bytes
(epstopdf)             Output file: <./step_response_simple_b-eps-converted-to.
pdf>
(epstopdf)                    date: 2021-12-05 01:32:05
(epstopdf)                    size: 16206 bytes
(epstopdf)             Command: <repstopdf --outfile=./step_response_simple_b-e
ps-converted-to.pdf ../Matlab/step_response_simple_b.eps>
(epstopdf)             \includegraphics on input line 543.
Package epstopdf Info: Output file is already uptodate.
<./step_response_simple_b-eps-converted-to.pdf, id=357, 368.37625pt x 299.1175p
t>
File: ./step_response_simple_b-eps-converted-to.pdf Graphic file (type pdf)
<use ./step_response_simple_b-eps-converted-to.pdf>
Package pdftex.def Info: ./step_response_simple_b-eps-converted-to.pdf  used on
 input line 543.
(pdftex.def)             Requested size: 218.51521pt x 177.4317pt.
Package epstopdf Info: Source file: <../Matlab/step_response_simple_BW_a.eps>
(epstopdf)                    date: 2021-12-04 15:24:01
(epstopdf)                    size: 45075 bytes
(epstopdf)             Output file: <./step_response_simple_BW_a-eps-converted-
to.pdf>
(epstopdf)                    date: 2021-12-04 18:12:47
(epstopdf)                    size: 16629 bytes
(epstopdf)             Command: <repstopdf --outfile=./step_response_simple_BW_
a-eps-converted-to.pdf ../Matlab/step_response_simple_BW_a.eps>
(epstopdf)             \includegraphics on input line 548.
Package epstopdf Info: Output file is already uptodate.
<./step_response_simple_BW_a-eps-converted-to.pdf, id=358, 368.37625pt x 299.11
75pt>
File: ./step_response_simple_BW_a-eps-converted-to.pdf Graphic file (type pdf)
<use ./step_response_simple_BW_a-eps-converted-to.pdf>
Package pdftex.def Info: ./step_response_simple_BW_a-eps-converted-to.pdf  used
 on input line 548.
(pdftex.def)             Requested size: 218.51521pt x 177.4317pt.
Package epstopdf Info: Source file: <../Matlab/step_response_simple_BW_b.eps>
(epstopdf)                    date: 2021-12-04 15:24:03
(epstopdf)                    size: 44999 bytes
(epstopdf)             Output file: <./step_response_simple_BW_b-eps-converted-
to.pdf>
(epstopdf)                    date: 2021-12-04 18:12:50
(epstopdf)                    size: 16507 bytes
(epstopdf)             Command: <repstopdf --outfile=./step_response_simple_BW_
b-eps-converted-to.pdf ../Matlab/step_response_simple_BW_b.eps>
(epstopdf)             \includegraphics on input line 553.
Package epstopdf Info: Output file is already uptodate.
<./step_response_simple_BW_b-eps-converted-to.pdf, id=359, 368.37625pt x 299.11
75pt>
File: ./step_response_simple_BW_b-eps-converted-to.pdf Graphic file (type pdf)
<use ./step_response_simple_BW_b-eps-converted-to.pdf>
Package pdftex.def Info: ./step_response_simple_BW_b-eps-converted-to.pdf  used
 on input line 553.
(pdftex.def)             Requested size: 218.51521pt x 177.4317pt.
Package epstopdf Info: Source file: <../Matlab/step_response_simple_SK_a.eps>
(epstopdf)                    date: 2021-12-04 15:24:11
(epstopdf)                    size: 45051 bytes
(epstopdf)             Output file: <./step_response_simple_SK_a-eps-converted-
to.pdf>
(epstopdf)                    date: 2021-12-04 18:12:52
(epstopdf)                    size: 16642 bytes
(epstopdf)             Command: <repstopdf --outfile=./step_response_simple_SK_
a-eps-converted-to.pdf ../Matlab/step_response_simple_SK_a.eps>
(epstopdf)             \includegraphics on input line 558.
Package epstopdf Info: Output file is already uptodate.
<./step_response_simple_SK_a-eps-converted-to.pdf, id=360, 368.37625pt x 299.11
75pt>
File: ./step_response_simple_SK_a-eps-converted-to.pdf Graphic file (type pdf)
<use ./step_response_simple_SK_a-eps-converted-to.pdf>
Package pdftex.def Info: ./step_response_simple_SK_a-eps-converted-to.pdf  used
 on input line 558.
(pdftex.def)             Requested size: 218.51521pt x 177.4317pt.
Package epstopdf Info: Source file: <../Matlab/step_response_simple_SK_b.eps>
(epstopdf)                    date: 2021-12-04 15:24:13
(epstopdf)                    size: 45066 bytes
(epstopdf)             Output file: <./step_response_simple_SK_b-eps-converted-
to.pdf>
(epstopdf)                    date: 2021-12-04 18:12:55
(epstopdf)                    size: 16649 bytes
(epstopdf)             Command: <repstopdf --outfile=./step_response_simple_SK_
b-eps-converted-to.pdf ../Matlab/step_response_simple_SK_b.eps>
(epstopdf)             \includegraphics on input line 563.
Package epstopdf Info: Output file is already uptodate.
<./step_response_simple_SK_b-eps-converted-to.pdf, id=361, 368.37625pt x 299.11
75pt>
File: ./step_response_simple_SK_b-eps-converted-to.pdf Graphic file (type pdf)
<use ./step_response_simple_SK_b-eps-converted-to.pdf>
Package pdftex.def Info: ./step_response_simple_SK_b-eps-converted-to.pdf  used
 on input line 563.
(pdftex.def)             Requested size: 218.51521pt x 177.4317pt.
File: kuleuvenSedes.pdf Graphic file (type pdf)
<use kuleuvenSedes.pdf>
Package pdftex.def Info: kuleuvenSedes.pdf  used on input line 572.
(pdftex.def)             Requested size: 25.00282pt x 42.67912pt.
 [10 <./step_response_complex_a-eps-converted-to.pdf> <./step_response_complex_
b-eps-converted-to.pdf> <./step_response_complex_BW_a-eps-converted-to.pdf> <./
step_response_complex_BW_b-eps-converted-to.pdf> <./step_response_complex_SK_a-
eps-converted-to.pdf> <./step_response_complex_SK_b-eps-converted-to.pdf>]
File: kuleuvenSedes.pdf Graphic file (type pdf)
<use kuleuvenSedes.pdf>
Package pdftex.def Info: kuleuvenSedes.pdf  used on input line 572.
(pdftex.def)             Requested size: 25.00282pt x 42.67912pt.
 [11 <./step_response_simple_a-eps-converted-to.pdf> <./step_response_simple_b-
eps-converted-to.pdf> <./step_response_simple_BW_a-eps-converted-to.pdf> <./ste
p_response_simple_BW_b-eps-converted-to.pdf> <./step_response_simple_SK_a-eps-c
onverted-to.pdf> <./step_response_simple_SK_b-eps-converted-to.pdf>]

Package amsmath Warning: Cannot use `split' here;
(amsmath)                trying to recover with `aligned' on input line 577.

Package epstopdf Info: Source file: <../Matlab/superposition_a.eps>
(epstopdf)                    date: 2021-12-04 22:31:56
(epstopdf)                    size: 41707 bytes
(epstopdf)             Output file: <./superposition_a-eps-converted-to.pdf>
(epstopdf)                    date: 2021-12-04 23:55:58
(epstopdf)                    size: 16511 bytes
(epstopdf)             Command: <repstopdf --outfile=./superposition_a-eps-conv
erted-to.pdf ../Matlab/superposition_a.eps>
(epstopdf)             \includegraphics on input line 589.
Package epstopdf Info: Output file is already uptodate.
<./superposition_a-eps-converted-to.pdf, id=470, 360.34625pt x 297.11pt>
File: ./superposition_a-eps-converted-to.pdf Graphic file (type pdf)
<use ./superposition_a-eps-converted-to.pdf>
Package pdftex.def Info: ./superposition_a-eps-converted-to.pdf  used on input 
line 589.
(pdftex.def)             Requested size: 218.51521pt x 180.16692pt.
Package epstopdf Info: Source file: <../Matlab/superposition_b.eps>
(epstopdf)                    date: 2021-12-04 22:31:57
(epstopdf)                    size: 41717 bytes
(epstopdf)             Output file: <./superposition_b-eps-converted-to.pdf>
(epstopdf)                    date: 2021-12-04 23:56:03
(epstopdf)                    size: 16625 bytes
(epstopdf)             Command: <repstopdf --outfile=./superposition_b-eps-conv
erted-to.pdf ../Matlab/superposition_b.eps>
(epstopdf)             \includegraphics on input line 595.
Package epstopdf Info: Output file is already uptodate.
<./superposition_b-eps-converted-to.pdf, id=471, 360.34625pt x 297.11pt>
File: ./superposition_b-eps-converted-to.pdf Graphic file (type pdf)
<use ./superposition_b-eps-converted-to.pdf>
Package pdftex.def Info: ./superposition_b-eps-converted-to.pdf  used on input 
line 595.
(pdftex.def)             Requested size: 218.51521pt x 180.16692pt.

Underfull \hbox (badness 10000) in paragraph at lines 612--615

 []

Package epstopdf Info: Source file: <../Matlab/step_response_g_a.eps>
(epstopdf)                    date: 2021-12-05 02:53:05
(epstopdf)                    size: 45056 bytes
(epstopdf)             Output file: <./step_response_g_a-eps-converted-to.pdf>
(epstopdf)                    date: 2021-12-05 02:54:12
(epstopdf)                    size: 16753 bytes
(epstopdf)             Command: <repstopdf --outfile=./step_response_g_a-eps-co
nverted-to.pdf ../Matlab/step_response_g_a.eps>
(epstopdf)             \includegraphics on input line 623.
Package epstopdf Info: Output file is already uptodate.
<./step_response_g_a-eps-converted-to.pdf, id=474, 365.365pt x 299.1175pt>
File: ./step_response_g_a-eps-converted-to.pdf Graphic file (type pdf)
<use ./step_response_g_a-eps-converted-to.pdf>
Package pdftex.def Info: ./step_response_g_a-eps-converted-to.pdf  used on inpu
t line 623.
(pdftex.def)             Requested size: 223.0721pt x 182.6257pt.
Package epstopdf Info: Source file: <../Matlab/step_response_g_b.eps>
(epstopdf)                    date: 2021-12-05 02:53:07
(epstopdf)                    size: 44568 bytes
(epstopdf)             Output file: <./step_response_g_b-eps-converted-to.pdf>
(epstopdf)                    date: 2021-12-05 02:54:15
(epstopdf)                    size: 16697 bytes
(epstopdf)             Command: <repstopdf --outfile=./step_response_g_b-eps-co
nverted-to.pdf ../Matlab/step_response_g_b.eps>
(epstopdf)             \includegraphics on input line 629.
Package epstopdf Info: Output file is already uptodate.
<./step_response_g_b-eps-converted-to.pdf, id=475, 365.365pt x 299.1175pt>
File: ./step_response_g_b-eps-converted-to.pdf Graphic file (type pdf)
<use ./step_response_g_b-eps-converted-to.pdf>
Package pdftex.def Info: ./step_response_g_b-eps-converted-to.pdf  used on inpu
t line 629.
(pdftex.def)             Requested size: 223.0721pt x 182.6257pt.

Underfull \hbox (badness 10000) in paragraph at lines 640--645

 []


Underfull \hbox (badness 10000) in paragraph at lines 640--645

 []

File: kuleuvenSedes.pdf Graphic file (type pdf)
<use kuleuvenSedes.pdf>
Package pdftex.def Info: kuleuvenSedes.pdf  used on input line 645.
(pdftex.def)             Requested size: 25.00282pt x 42.67912pt.
[12 <./superposition_a-eps-converted-to.pdf> <./superposition_b-eps-converted-t
o.pdf>]
Package epstopdf Info: Source file: <../Matlab/step_response_g_NF_a.eps>
(epstopdf)                    date: 2021-12-05 02:53:19
(epstopdf)                    size: 44704 bytes
(epstopdf)             Output file: <./step_response_g_NF_a-eps-converted-to.pd
f>
(epstopdf)                    date: 2021-12-05 02:56:56
(epstopdf)                    size: 16767 bytes
(epstopdf)             Command: <repstopdf --outfile=./step_response_g_NF_a-eps
-converted-to.pdf ../Matlab/step_response_g_NF_a.eps>
(epstopdf)             \includegraphics on input line 670.
Package epstopdf Info: Output file is already uptodate.
<./step_response_g_NF_a-eps-converted-to.pdf, id=497, 365.365pt x 299.1175pt>
File: ./step_response_g_NF_a-eps-converted-to.pdf Graphic file (type pdf)
<use ./step_response_g_NF_a-eps-converted-to.pdf>
Package pdftex.def Info: ./step_response_g_NF_a-eps-converted-to.pdf  used on i
nput line 670.
(pdftex.def)             Requested size: 223.0721pt x 182.6257pt.
Package epstopdf Info: Source file: <../Matlab/step_response_g_NF_b.eps>
(epstopdf)                    date: 2021-12-05 02:53:22
(epstopdf)                    size: 45079 bytes
(epstopdf)             Output file: <./step_response_g_NF_b-eps-converted-to.pd
f>
(epstopdf)                    date: 2021-12-05 02:56:57
(epstopdf)                    size: 16792 bytes
(epstopdf)             Command: <repstopdf --outfile=./step_response_g_NF_b-eps
-converted-to.pdf ../Matlab/step_response_g_NF_b.eps>
(epstopdf)             \includegraphics on input line 676.
Package epstopdf Info: Output file is already uptodate.
<./step_response_g_NF_b-eps-converted-to.pdf, id=498, 368.37625pt x 299.1175pt>

File: ./step_response_g_NF_b-eps-converted-to.pdf Graphic file (type pdf)
<use ./step_response_g_NF_b-eps-converted-to.pdf>
Package pdftex.def Info: ./step_response_g_NF_b-eps-converted-to.pdf  used on i
nput line 676.
(pdftex.def)             Requested size: 223.0721pt x 181.12866pt.
 
AED: lastpage setting LastPage
File: kuleuvenSedes.pdf Graphic file (type pdf)
<use kuleuvenSedes.pdf>
Package pdftex.def Info: kuleuvenSedes.pdf  used on input line 688.
(pdftex.def)             Requested size: 25.00282pt x 42.67912pt.
[13 <./step_response_g_a-eps-converted-to.pdf> <./step_response_g_b-eps-convert
ed-to.pdf>]
File: kuleuvenSedes.pdf Graphic file (type pdf)
<use kuleuvenSedes.pdf>
Package pdftex.def Info: kuleuvenSedes.pdf  used on input line 688.
(pdftex.def)             Requested size: 25.00282pt x 42.67912pt.
 [14 <./step_response_g_NF_a-eps-converted-to.pdf> <./step_response_g_NF_b-eps-
converted-to.pdf>]
Package atveryend Info: Empty hook `BeforeClearDocument' on input line 688.
Package atveryend Info: Empty hook `AfterLastShipout' on input line 688.
 (./Assignment1.aux)
Package atveryend Info: Executing hook `AtVeryEndDocument' on input line 688.
Package atveryend Info: Executing hook `AtEndAfterFileList' on input line 688.
Package rerunfilecheck Info: File `Assignment1.out' has not changed.
(rerunfilecheck)             Checksum: 30BA8423716EBCD494D0CEC1CA0DB98C;1295.
Package atveryend Info: Empty hook `AtVeryVeryEnd' on input line 688.
 ) 
Here is how much of TeX's memory you used:
 19891 strings out of 492639
 380341 string characters out of 6133087
 460659 words of memory out of 5000000
 23284 multiletter control sequences out of 15000+600000
 17436 words of font info for 47 fonts, out of 8000000 for 9000
 1141 hyphenation exceptions out of 8191
 62i,18n,80p,913b,1077s stack positions out of 5000i,500n,10000p,200000b,80000s
{c:/texlive/2018/texmf-dist/fonts/enc/dvips/cm-super/cm-super-t1.enc}<c:/texl
ive/2018/texmf-dist/fonts/type1/public/amsfonts/cm/cmex10.pfb><c:/texlive/2018/
texmf-dist/fonts/type1/public/amsfonts/cm/cmmi10.pfb><c:/texlive/2018/texmf-dis
t/fonts/type1/public/amsfonts/cm/cmmi5.pfb><c:/texlive/2018/texmf-dist/fonts/ty
pe1/public/amsfonts/cm/cmmi7.pfb><c:/texlive/2018/texmf-dist/fonts/type1/public
/amsfonts/cm/cmr10.pfb><c:/texlive/2018/texmf-dist/fonts/type1/public/amsfonts/
cm/cmr5.pfb><c:/texlive/2018/texmf-dist/fonts/type1/public/amsfonts/cm/cmr7.pfb
><c:/texlive/2018/texmf-dist/fonts/type1/public/amsfonts/cm/cmsy10.pfb><c:/texl
ive/2018/texmf-dist/fonts/type1/public/amsfonts/cm/cmsy7.pfb><c:/texlive/2018/t
exmf-dist/fonts/type1/public/cm-super/sfbx1000.pfb><c:/texlive/2018/texmf-dist/
fonts/type1/public/cm-super/sfbx1200.pfb><c:/texlive/2018/texmf-dist/fonts/type
1/public/cm-super/sfbx1440.pfb><c:/texlive/2018/texmf-dist/fonts/type1/public/c
m-super/sfrm0700.pfb><c:/texlive/2018/texmf-dist/fonts/type1/public/cm-super/sf
rm0800.pfb><c:/texlive/2018/texmf-dist/fonts/type1/public/cm-super/sfrm0900.pfb
><c:/texlive/2018/texmf-dist/fonts/type1/public/cm-super/sfrm1000.pfb><c:/texli
ve/2018/texmf-dist/fonts/type1/public/cm-super/sfrm1200.pfb><c:/texlive/2018/te
xmf-dist/fonts/type1/public/cm-super/sfti1000.pfb><c:/texlive/2018/texmf-dist/f
onts/type1/public/cm-super/sftt0800.pfb><c:/texlive/2018/texmf-dist/fonts/type1
/public/cm-super/sftt1000.pfb>
Output written on Assignment1.pdf (14 pages, 1031757 bytes).
PDF statistics:
 625 PDF objects out of 1000 (max. 8388607)
 477 compressed objects within 5 object streams
 74 named destinations out of 1000 (max. 500000)
 403 words of extra memory for PDF output out of 10000 (max. 10000000)

