This is pdfTeX, Version 3.14159265-2.6-1.40.21 (TeX Live 2020/W32TeX) (preloaded format=pdflatex 2020.10.5)  22 DEC 2021 19:30
entering extended mode
 restricted \write18 enabled.
 %&-line parsing enabled.
**Assignment3.tex
(./Assignment3.tex
LaTeX2e <2020-10-01>
L3 programming layer <2020-09-24> xparse <2020-03-03>
(c:/Users/matth/texmf/tex/latex/kulak/kulakarticle.cls
Document Class: kulakarticle 2016/10/17 Article class for KU Leuven
(c:/texlive/2020/texmf-dist/tex/latex/base/article.cls
Document Class: article 2020/04/10 v1.4m Standard LaTeX document class
(c:/texlive/2020/texmf-dist/tex/latex/base/size10.clo
File: size10.clo 2020/04/10 v1.4m Standard LaTeX file (size option)
)
\c@part=\count175
\c@section=\count176
\c@subsection=\count177
\c@subsubsection=\count178
\c@paragraph=\count179
\c@subparagraph=\count180
\c@figure=\count181
\c@table=\count182
\abovecaptionskip=\skip47
\belowcaptionskip=\skip48
\bibindent=\dimen138
)
(c:/texlive/2020/texmf-dist/tex/latex/base/fontenc.sty
Package: fontenc 2020/08/10 v2.0s Standard LaTeX package
)
(c:/texlive/2020/texmf-dist/tex/latex/hyperref/hyperref.sty
Package: hyperref 2020-05-15 v7.00e Hypertext links for LaTeX

(c:/texlive/2020/texmf-dist/tex/generic/ltxcmds/ltxcmds.sty
Package: ltxcmds 2020-05-10 v1.25 LaTeX kernel commands for general use (HO)
)
(c:/texlive/2020/texmf-dist/tex/generic/iftex/iftex.sty
Package: iftex 2020/03/06 v1.0d TeX engine tests
)
(c:/texlive/2020/texmf-dist/tex/generic/pdftexcmds/pdftexcmds.sty
Package: pdftexcmds 2020-06-27 v0.33 Utility functions of pdfTeX for LuaTeX (HO
)

(c:/texlive/2020/texmf-dist/tex/generic/infwarerr/infwarerr.sty
Package: infwarerr 2019/12/03 v1.5 Providing info/warning/error messages (HO)
)
Package pdftexcmds Info: \pdf@primitive is available.
Package pdftexcmds Info: \pdf@ifprimitive is available.
Package pdftexcmds Info: \pdfdraftmode found.
)
(c:/texlive/2020/texmf-dist/tex/latex/graphics/keyval.sty
Package: keyval 2014/10/28 v1.15 key=value parser (DPC)
\KV@toks@=\toks15
)
(c:/texlive/2020/texmf-dist/tex/generic/kvsetkeys/kvsetkeys.sty
Package: kvsetkeys 2019/12/15 v1.18 Key value parser (HO)
)
(c:/texlive/2020/texmf-dist/tex/generic/kvdefinekeys/kvdefinekeys.sty
Package: kvdefinekeys 2019-12-19 v1.6 Define keys (HO)
)
(c:/texlive/2020/texmf-dist/tex/generic/pdfescape/pdfescape.sty
Package: pdfescape 2019/12/09 v1.15 Implements pdfTeX's escape features (HO)
)
(c:/texlive/2020/texmf-dist/tex/latex/hycolor/hycolor.sty
Package: hycolor 2020-01-27 v1.10 Color options for hyperref/bookmark (HO)
)
(c:/texlive/2020/texmf-dist/tex/latex/letltxmacro/letltxmacro.sty
Package: letltxmacro 2019/12/03 v1.6 Let assignment for LaTeX macros (HO)
)
(c:/texlive/2020/texmf-dist/tex/latex/auxhook/auxhook.sty
Package: auxhook 2019-12-17 v1.6 Hooks for auxiliary files (HO)
)
(c:/texlive/2020/texmf-dist/tex/latex/kvoptions/kvoptions.sty
Package: kvoptions 2019/11/29 v3.13 Key value format for package options (HO)
)
\@linkdim=\dimen139
\Hy@linkcounter=\count183
\Hy@pagecounter=\count184

(c:/texlive/2020/texmf-dist/tex/latex/hyperref/pd1enc.def
File: pd1enc.def 2020-05-15 v7.00e Hyperref: PDFDocEncoding definition (HO)
Now handling font encoding PD1 ...
... no UTF-8 mapping file for font encoding PD1
)
(c:/texlive/2020/texmf-dist/tex/generic/intcalc/intcalc.sty
Package: intcalc 2019/12/15 v1.3 Expandable calculations with integers (HO)
)
(c:/texlive/2020/texmf-dist/tex/generic/etexcmds/etexcmds.sty
Package: etexcmds 2019/12/15 v1.7 Avoid name clashes with e-TeX commands (HO)
)
\Hy@SavedSpaceFactor=\count185
Package hyperref Info: Hyper figures OFF on input line 4464.
Package hyperref Info: Link nesting OFF on input line 4469.
Package hyperref Info: Hyper index ON on input line 4472.
Package hyperref Info: Plain pages OFF on input line 4479.
Package hyperref Info: Backreferencing OFF on input line 4484.
Package hyperref Info: Implicit mode ON; LaTeX internals redefined.
Package hyperref Info: Bookmarks ON on input line 4717.
\c@Hy@tempcnt=\count186

(c:/texlive/2020/texmf-dist/tex/latex/url/url.sty
\Urlmuskip=\muskip16
Package: url 2013/09/16  ver 3.4  Verb mode for urls, etc.
)
LaTeX Info: Redefining \url on input line 5076.
\XeTeXLinkMargin=\dimen140

(c:/texlive/2020/texmf-dist/tex/generic/bitset/bitset.sty
Package: bitset 2019/12/09 v1.3 Handle bit-vector datatype (HO)

(c:/texlive/2020/texmf-dist/tex/generic/bigintcalc/bigintcalc.sty
Package: bigintcalc 2019/12/15 v1.5 Expandable calculations on big integers (HO
)
))
\Fld@menulength=\count187
\Field@Width=\dimen141
\Fld@charsize=\dimen142
Package hyperref Info: Hyper figures OFF on input line 6347.
Package hyperref Info: Link nesting OFF on input line 6352.
Package hyperref Info: Hyper index ON on input line 6355.
Package hyperref Info: backreferencing OFF on input line 6362.
Package hyperref Info: Link coloring OFF on input line 6367.
Package hyperref Info: Link coloring with OCG OFF on input line 6372.
Package hyperref Info: PDF/A mode OFF on input line 6377.
LaTeX Info: Redefining \ref on input line 6417.
LaTeX Info: Redefining \pageref on input line 6421.

(c:/texlive/2020/texmf-dist/tex/latex/base/atbegshi-ltx.sty
Package: atbegshi-ltx 2020/08/17 v1.0a Emulation of the original atbegshi packa
ge
with kernel methods
)
\Hy@abspage=\count188
\c@Item=\count189
\c@Hfootnote=\count190
)
Package hyperref Info: Driver (autodetected): hpdftex.

(c:/texlive/2020/texmf-dist/tex/latex/hyperref/hpdftex.def
File: hpdftex.def 2020-05-15 v7.00e Hyperref driver for pdfTeX

(c:/texlive/2020/texmf-dist/tex/latex/base/atveryend-ltx.sty
Package: atveryend-ltx 2020/08/19 v1.0a Emulation of the original atvery packag
e
with kernel methods
)
\Fld@listcount=\count191
\c@bookmark@seq@number=\count192

(c:/texlive/2020/texmf-dist/tex/latex/rerunfilecheck/rerunfilecheck.sty
Package: rerunfilecheck 2019/12/05 v1.9 Rerun checks for auxiliary files (HO)

(c:/texlive/2020/texmf-dist/tex/generic/uniquecounter/uniquecounter.sty
Package: uniquecounter 2019/12/15 v1.4 Provide unlimited unique counter (HO)
)
Package uniquecounter Info: New unique counter `rerunfilecheck' on input line 2
86.
)
\Hy@SectionHShift=\skip49
)
(c:/texlive/2020/texmf-dist/tex/latex/titling/titling.sty
Package: titling 2009/09/04 v2.1d maketitle typesetting
\thanksmarkwidth=\skip50
\thanksmargin=\skip51
\droptitle=\skip52
)
(c:/texlive/2020/texmf-dist/tex/latex/tools/multicol.sty
Package: multicol 2019/12/09 v1.8y multicolumn formatting (FMi)
\c@tracingmulticols=\count193
\mult@box=\box47
\multicol@leftmargin=\dimen143
\c@unbalance=\count194
\c@collectmore=\count195
\doublecol@number=\count196
\multicoltolerance=\count197
\multicolpretolerance=\count198
\full@width=\dimen144
\page@free=\dimen145
\premulticols=\dimen146
\postmulticols=\dimen147
\multicolsep=\skip53
\multicolbaselineskip=\skip54
\partial@page=\box48
\last@line=\box49
\maxbalancingoverflow=\dimen148
\mult@rightbox=\box50
\mult@grightbox=\box51
\mult@gfirstbox=\box52
\mult@firstbox=\box53
\@tempa=\box54
\@tempa=\box55
\@tempa=\box56
\@tempa=\box57
\@tempa=\box58
\@tempa=\box59
\@tempa=\box60
\@tempa=\box61
\@tempa=\box62
\@tempa=\box63
\@tempa=\box64
\@tempa=\box65
\@tempa=\box66
\@tempa=\box67
\@tempa=\box68
\@tempa=\box69
\@tempa=\box70
\@tempa=\box71
\@tempa=\box72
\@tempa=\box73
\@tempa=\box74
\@tempa=\box75
\@tempa=\box76
\@tempa=\box77
\@tempa=\box78
\@tempa=\box79
\@tempa=\box80
\@tempa=\box81
\@tempa=\box82
\@tempa=\box83
\@tempa=\box84
\@tempa=\box85
\@tempa=\box86
\@tempa=\box87
\@tempa=\box88
\@tempa=\box89
\@tempa=\box90
\c@minrows=\count199
\c@columnbadness=\count266
\c@finalcolumnbadness=\count267
\last@try=\dimen149
\multicolovershoot=\dimen150
\multicolundershoot=\dimen151
\mult@nat@firstbox=\box91
\colbreak@box=\box92
\mc@col@check@num=\count268
)
(c:/texlive/2020/texmf-dist/tex/latex/graphics/graphicx.sty
Package: graphicx 2020/09/09 v1.2b Enhanced LaTeX Graphics (DPC,SPQR)

(c:/texlive/2020/texmf-dist/tex/latex/graphics/graphics.sty
Package: graphics 2020/08/30 v1.4c Standard LaTeX Graphics (DPC,SPQR)

(c:/texlive/2020/texmf-dist/tex/latex/graphics/trig.sty
Package: trig 2016/01/03 v1.10 sin cos tan (DPC)
)
(c:/texlive/2020/texmf-dist/tex/latex/graphics-cfg/graphics.cfg
File: graphics.cfg 2016/06/04 v1.11 sample graphics configuration
)
Package graphics Info: Driver file: pdftex.def on input line 105.

(c:/texlive/2020/texmf-dist/tex/latex/graphics-def/pdftex.def
File: pdftex.def 2020/08/26 v1.2 Graphics/color driver for pdftex
))
\Gin@req@height=\dimen152
\Gin@req@width=\dimen153
)
(c:/texlive/2020/texmf-dist/tex/latex/xcolor/xcolor.sty
Package: xcolor 2016/05/11 v2.12 LaTeX color extensions (UK)

(c:/texlive/2020/texmf-dist/tex/latex/graphics-cfg/color.cfg
File: color.cfg 2016/01/02 v1.6 sample color configuration
)
Package xcolor Info: Driver file: pdftex.def on input line 225.
Package xcolor Info: Model `cmy' substituted by `cmy0' on input line 1348.
Package xcolor Info: Model `hsb' substituted by `rgb' on input line 1352.
Package xcolor Info: Model `RGB' extended on input line 1364.
Package xcolor Info: Model `HTML' substituted by `rgb' on input line 1366.
Package xcolor Info: Model `Hsb' substituted by `hsb' on input line 1367.
Package xcolor Info: Model `tHsb' substituted by `hsb' on input line 1368.
Package xcolor Info: Model `HSB' substituted by `hsb' on input line 1369.
Package xcolor Info: Model `Gray' substituted by `gray' on input line 1370.
Package xcolor Info: Model `wave' substituted by `hsb' on input line 1371.
)
(c:/texlive/2020/texmf-dist/tex/latex/lastpage/lastpage.sty
Package: lastpage 2015/03/29 v1.2m Refers to last page's name (HMM; JPG)
)
(c:/texlive/2020/texmf-dist/tex/latex/pgf/frontendlayer/tikz.sty
(c:/texlive/2020/texmf-dist/tex/latex/pgf/basiclayer/pgf.sty
(c:/texlive/2020/texmf-dist/tex/latex/pgf/utilities/pgfrcs.sty
(c:/texlive/2020/texmf-dist/tex/generic/pgf/utilities/pgfutil-common.tex
\pgfutil@everybye=\toks16
\pgfutil@tempdima=\dimen154
\pgfutil@tempdimb=\dimen155

(c:/texlive/2020/texmf-dist/tex/generic/pgf/utilities/pgfutil-common-lists.tex)
) (c:/texlive/2020/texmf-dist/tex/generic/pgf/utilities/pgfutil-latex.def
\pgfutil@abb=\box93
)
(c:/texlive/2020/texmf-dist/tex/generic/pgf/utilities/pgfrcs.code.tex
(c:/texlive/2020/texmf-dist/tex/generic/pgf/pgf.revision.tex)
Package: pgfrcs 2020/10/01 v3.1.6a (3.1.6a)
))
Package: pgf 2020/10/01 v3.1.6a (3.1.6a)

(c:/texlive/2020/texmf-dist/tex/latex/pgf/basiclayer/pgfcore.sty
(c:/texlive/2020/texmf-dist/tex/latex/pgf/systemlayer/pgfsys.sty
(c:/texlive/2020/texmf-dist/tex/generic/pgf/systemlayer/pgfsys.code.tex
Package: pgfsys 2020/10/01 v3.1.6a (3.1.6a)

(c:/texlive/2020/texmf-dist/tex/generic/pgf/utilities/pgfkeys.code.tex
\pgfkeys@pathtoks=\toks17
\pgfkeys@temptoks=\toks18

(c:/texlive/2020/texmf-dist/tex/generic/pgf/utilities/pgfkeysfiltered.code.tex
\pgfkeys@tmptoks=\toks19
))
\pgf@x=\dimen156
\pgf@y=\dimen157
\pgf@xa=\dimen158
\pgf@ya=\dimen159
\pgf@xb=\dimen160
\pgf@yb=\dimen161
\pgf@xc=\dimen162
\pgf@yc=\dimen163
\pgf@xd=\dimen164
\pgf@yd=\dimen165
\w@pgf@writea=\write3
\r@pgf@reada=\read2
\c@pgf@counta=\count269
\c@pgf@countb=\count270
\c@pgf@countc=\count271
\c@pgf@countd=\count272
\t@pgf@toka=\toks20
\t@pgf@tokb=\toks21
\t@pgf@tokc=\toks22
\pgf@sys@id@count=\count273
 (c:/texlive/2020/texmf-dist/tex/generic/pgf/systemlayer/pgf.cfg
File: pgf.cfg 2020/10/01 v3.1.6a (3.1.6a)
)
Driver file for pgf: pgfsys-pdftex.def

(c:/texlive/2020/texmf-dist/tex/generic/pgf/systemlayer/pgfsys-pdftex.def
File: pgfsys-pdftex.def 2020/10/01 v3.1.6a (3.1.6a)

(c:/texlive/2020/texmf-dist/tex/generic/pgf/systemlayer/pgfsys-common-pdf.def
File: pgfsys-common-pdf.def 2020/10/01 v3.1.6a (3.1.6a)
)))
(c:/texlive/2020/texmf-dist/tex/generic/pgf/systemlayer/pgfsyssoftpath.code.tex
File: pgfsyssoftpath.code.tex 2020/10/01 v3.1.6a (3.1.6a)
\pgfsyssoftpath@smallbuffer@items=\count274
\pgfsyssoftpath@bigbuffer@items=\count275
)
(c:/texlive/2020/texmf-dist/tex/generic/pgf/systemlayer/pgfsysprotocol.code.tex
File: pgfsysprotocol.code.tex 2020/10/01 v3.1.6a (3.1.6a)
)) (c:/texlive/2020/texmf-dist/tex/generic/pgf/basiclayer/pgfcore.code.tex
Package: pgfcore 2020/10/01 v3.1.6a (3.1.6a)

(c:/texlive/2020/texmf-dist/tex/generic/pgf/math/pgfmath.code.tex
(c:/texlive/2020/texmf-dist/tex/generic/pgf/math/pgfmathcalc.code.tex
(c:/texlive/2020/texmf-dist/tex/generic/pgf/math/pgfmathutil.code.tex)
(c:/texlive/2020/texmf-dist/tex/generic/pgf/math/pgfmathparser.code.tex
\pgfmath@dimen=\dimen166
\pgfmath@count=\count276
\pgfmath@box=\box94
\pgfmath@toks=\toks23
\pgfmath@stack@operand=\toks24
\pgfmath@stack@operation=\toks25
)
(c:/texlive/2020/texmf-dist/tex/generic/pgf/math/pgfmathfunctions.code.tex
(c:/texlive/2020/texmf-dist/tex/generic/pgf/math/pgfmathfunctions.basic.code.te
x)
(c:/texlive/2020/texmf-dist/tex/generic/pgf/math/pgfmathfunctions.trigonometric
.code.tex)
(c:/texlive/2020/texmf-dist/tex/generic/pgf/math/pgfmathfunctions.random.code.t
ex)
(c:/texlive/2020/texmf-dist/tex/generic/pgf/math/pgfmathfunctions.comparison.co
de.tex)
(c:/texlive/2020/texmf-dist/tex/generic/pgf/math/pgfmathfunctions.base.code.tex
)
(c:/texlive/2020/texmf-dist/tex/generic/pgf/math/pgfmathfunctions.round.code.te
x)
(c:/texlive/2020/texmf-dist/tex/generic/pgf/math/pgfmathfunctions.misc.code.tex
)
(c:/texlive/2020/texmf-dist/tex/generic/pgf/math/pgfmathfunctions.integerarithm
etics.code.tex)))
(c:/texlive/2020/texmf-dist/tex/generic/pgf/math/pgfmathfloat.code.tex
\c@pgfmathroundto@lastzeros=\count277
))
(c:/texlive/2020/texmf-dist/tex/generic/pgf/math/pgfint.code.tex)
(c:/texlive/2020/texmf-dist/tex/generic/pgf/basiclayer/pgfcorepoints.code.tex
File: pgfcorepoints.code.tex 2020/10/01 v3.1.6a (3.1.6a)
\pgf@picminx=\dimen167
\pgf@picmaxx=\dimen168
\pgf@picminy=\dimen169
\pgf@picmaxy=\dimen170
\pgf@pathminx=\dimen171
\pgf@pathmaxx=\dimen172
\pgf@pathminy=\dimen173
\pgf@pathmaxy=\dimen174
\pgf@xx=\dimen175
\pgf@xy=\dimen176
\pgf@yx=\dimen177
\pgf@yy=\dimen178
\pgf@zx=\dimen179
\pgf@zy=\dimen180
)
(c:/texlive/2020/texmf-dist/tex/generic/pgf/basiclayer/pgfcorepathconstruct.cod
e.tex
File: pgfcorepathconstruct.code.tex 2020/10/01 v3.1.6a (3.1.6a)
\pgf@path@lastx=\dimen181
\pgf@path@lasty=\dimen182
)
(c:/texlive/2020/texmf-dist/tex/generic/pgf/basiclayer/pgfcorepathusage.code.te
x
File: pgfcorepathusage.code.tex 2020/10/01 v3.1.6a (3.1.6a)
\pgf@shorten@end@additional=\dimen183
\pgf@shorten@start@additional=\dimen184
)
(c:/texlive/2020/texmf-dist/tex/generic/pgf/basiclayer/pgfcorescopes.code.tex
File: pgfcorescopes.code.tex 2020/10/01 v3.1.6a (3.1.6a)
\pgfpic=\box95
\pgf@hbox=\box96
\pgf@layerbox@main=\box97
\pgf@picture@serial@count=\count278
)
(c:/texlive/2020/texmf-dist/tex/generic/pgf/basiclayer/pgfcoregraphicstate.code
.tex
File: pgfcoregraphicstate.code.tex 2020/10/01 v3.1.6a (3.1.6a)
\pgflinewidth=\dimen185
)
(c:/texlive/2020/texmf-dist/tex/generic/pgf/basiclayer/pgfcoretransformations.c
ode.tex
File: pgfcoretransformations.code.tex 2020/10/01 v3.1.6a (3.1.6a)
\pgf@pt@x=\dimen186
\pgf@pt@y=\dimen187
\pgf@pt@temp=\dimen188
)
(c:/texlive/2020/texmf-dist/tex/generic/pgf/basiclayer/pgfcorequick.code.tex
File: pgfcorequick.code.tex 2020/10/01 v3.1.6a (3.1.6a)
)
(c:/texlive/2020/texmf-dist/tex/generic/pgf/basiclayer/pgfcoreobjects.code.tex
File: pgfcoreobjects.code.tex 2020/10/01 v3.1.6a (3.1.6a)
)
(c:/texlive/2020/texmf-dist/tex/generic/pgf/basiclayer/pgfcorepathprocessing.co
de.tex
File: pgfcorepathprocessing.code.tex 2020/10/01 v3.1.6a (3.1.6a)
)
(c:/texlive/2020/texmf-dist/tex/generic/pgf/basiclayer/pgfcorearrows.code.tex
File: pgfcorearrows.code.tex 2020/10/01 v3.1.6a (3.1.6a)
\pgfarrowsep=\dimen189
)
(c:/texlive/2020/texmf-dist/tex/generic/pgf/basiclayer/pgfcoreshade.code.tex
File: pgfcoreshade.code.tex 2020/10/01 v3.1.6a (3.1.6a)
\pgf@max=\dimen190
\pgf@sys@shading@range@num=\count279
\pgf@shadingcount=\count280
)
(c:/texlive/2020/texmf-dist/tex/generic/pgf/basiclayer/pgfcoreimage.code.tex
File: pgfcoreimage.code.tex 2020/10/01 v3.1.6a (3.1.6a)

(c:/texlive/2020/texmf-dist/tex/generic/pgf/basiclayer/pgfcoreexternal.code.tex
File: pgfcoreexternal.code.tex 2020/10/01 v3.1.6a (3.1.6a)
\pgfexternal@startupbox=\box98
))
(c:/texlive/2020/texmf-dist/tex/generic/pgf/basiclayer/pgfcorelayers.code.tex
File: pgfcorelayers.code.tex 2020/10/01 v3.1.6a (3.1.6a)
)
(c:/texlive/2020/texmf-dist/tex/generic/pgf/basiclayer/pgfcoretransparency.code
.tex
File: pgfcoretransparency.code.tex 2020/10/01 v3.1.6a (3.1.6a)
)
(c:/texlive/2020/texmf-dist/tex/generic/pgf/basiclayer/pgfcorepatterns.code.tex
File: pgfcorepatterns.code.tex 2020/10/01 v3.1.6a (3.1.6a)
) (c:/texlive/2020/texmf-dist/tex/generic/pgf/basiclayer/pgfcorerdf.code.tex
File: pgfcorerdf.code.tex 2020/10/01 v3.1.6a (3.1.6a)
))) (c:/texlive/2020/texmf-dist/tex/generic/pgf/modules/pgfmoduleshapes.code.te
x
File: pgfmoduleshapes.code.tex 2020/10/01 v3.1.6a (3.1.6a)
\pgfnodeparttextbox=\box99
)
(c:/texlive/2020/texmf-dist/tex/generic/pgf/modules/pgfmoduleplot.code.tex
File: pgfmoduleplot.code.tex 2020/10/01 v3.1.6a (3.1.6a)
)
(c:/texlive/2020/texmf-dist/tex/latex/pgf/compatibility/pgfcomp-version-0-65.st
y
Package: pgfcomp-version-0-65 2020/10/01 v3.1.6a (3.1.6a)
\pgf@nodesepstart=\dimen191
\pgf@nodesepend=\dimen192
)
(c:/texlive/2020/texmf-dist/tex/latex/pgf/compatibility/pgfcomp-version-1-18.st
y
Package: pgfcomp-version-1-18 2020/10/01 v3.1.6a (3.1.6a)
)) (c:/texlive/2020/texmf-dist/tex/latex/pgf/utilities/pgffor.sty
(c:/texlive/2020/texmf-dist/tex/latex/pgf/utilities/pgfkeys.sty
(c:/texlive/2020/texmf-dist/tex/generic/pgf/utilities/pgfkeys.code.tex))
(c:/texlive/2020/texmf-dist/tex/latex/pgf/math/pgfmath.sty
(c:/texlive/2020/texmf-dist/tex/generic/pgf/math/pgfmath.code.tex))
(c:/texlive/2020/texmf-dist/tex/generic/pgf/utilities/pgffor.code.tex
Package: pgffor 2020/10/01 v3.1.6a (3.1.6a)

(c:/texlive/2020/texmf-dist/tex/generic/pgf/math/pgfmath.code.tex)
\pgffor@iter=\dimen193
\pgffor@skip=\dimen194
\pgffor@stack=\toks26
\pgffor@toks=\toks27
))
(c:/texlive/2020/texmf-dist/tex/generic/pgf/frontendlayer/tikz/tikz.code.tex
Package: tikz 2020/10/01 v3.1.6a (3.1.6a)

(c:/texlive/2020/texmf-dist/tex/generic/pgf/libraries/pgflibraryplothandlers.co
de.tex
File: pgflibraryplothandlers.code.tex 2020/10/01 v3.1.6a (3.1.6a)
\pgf@plot@mark@count=\count281
\pgfplotmarksize=\dimen195
)
\tikz@lastx=\dimen196
\tikz@lasty=\dimen197
\tikz@lastxsaved=\dimen198
\tikz@lastysaved=\dimen199
\tikz@lastmovetox=\dimen256
\tikz@lastmovetoy=\dimen257
\tikzleveldistance=\dimen258
\tikzsiblingdistance=\dimen259
\tikz@figbox=\box100
\tikz@figbox@bg=\box101
\tikz@tempbox=\box102
\tikz@tempbox@bg=\box103
\tikztreelevel=\count282
\tikznumberofchildren=\count283
\tikznumberofcurrentchild=\count284
\tikz@fig@count=\count285

(c:/texlive/2020/texmf-dist/tex/generic/pgf/modules/pgfmodulematrix.code.tex
File: pgfmodulematrix.code.tex 2020/10/01 v3.1.6a (3.1.6a)
\pgfmatrixcurrentrow=\count286
\pgfmatrixcurrentcolumn=\count287
\pgf@matrix@numberofcolumns=\count288
)
\tikz@expandcount=\count289

(c:/texlive/2020/texmf-dist/tex/generic/pgf/frontendlayer/tikz/libraries/tikzli
brarytopaths.code.tex
File: tikzlibrarytopaths.code.tex 2020/10/01 v3.1.6a (3.1.6a)
)))
(c:/texlive/2020/texmf-dist/tex/generic/pgf/frontendlayer/tikz/libraries/tikzli
braryarrows.code.tex
File: tikzlibraryarrows.code.tex 2020/10/01 v3.1.6a (3.1.6a)

(c:/texlive/2020/texmf-dist/tex/generic/pgf/libraries/pgflibraryarrows.code.tex
File: pgflibraryarrows.code.tex 2020/10/01 v3.1.6a (3.1.6a)
\arrowsize=\dimen260
))
(c:/texlive/2020/texmf-dist/tex/generic/pgf/frontendlayer/tikz/libraries/tikzli
brarydecorations.pathmorphing.code.tex
(c:/texlive/2020/texmf-dist/tex/generic/pgf/frontendlayer/tikz/libraries/tikzli
brarydecorations.code.tex
(c:/texlive/2020/texmf-dist/tex/generic/pgf/modules/pgfmoduledecorations.code.t
ex
\pgfdecoratedcompleteddistance=\dimen261
\pgfdecoratedremainingdistance=\dimen262
\pgfdecoratedinputsegmentcompleteddistance=\dimen263
\pgfdecoratedinputsegmentremainingdistance=\dimen264
\pgf@decorate@distancetomove=\dimen265
\pgf@decorate@repeatstate=\count290
\pgfdecorationsegmentamplitude=\dimen266
\pgfdecorationsegmentlength=\dimen267
)
\tikz@lib@dec@box=\box104
)
(c:/texlive/2020/texmf-dist/tex/generic/pgf/libraries/decorations/pgflibrarydec
orations.pathmorphing.code.tex))
(c:/texlive/2020/texmf-dist/tex/generic/pgf/frontendlayer/tikz/libraries/tikzli
brarybackgrounds.code.tex
File: tikzlibrarybackgrounds.code.tex 2020/10/01 v3.1.6a (3.1.6a)
\pgf@layerbox@background=\box105
\pgf@layerboxsaved@background=\box106
)
(c:/texlive/2020/texmf-dist/tex/generic/pgf/frontendlayer/tikz/libraries/tikzli
braryfit.code.tex
File: tikzlibraryfit.code.tex 2020/10/01 v3.1.6a (3.1.6a)
)
(c:/texlive/2020/texmf-dist/tex/generic/pgf/frontendlayer/tikz/libraries/tikzli
braryshadows.code.tex
File: tikzlibraryshadows.code.tex 2020/10/01 v3.1.6a (3.1.6a)

(c:/texlive/2020/texmf-dist/tex/generic/pgf/frontendlayer/tikz/libraries/tikzli
braryfadings.code.tex
File: tikzlibraryfadings.code.tex 2020/10/01 v3.1.6a (3.1.6a)

(c:/texlive/2020/texmf-dist/tex/generic/pgf/libraries/pgflibraryfadings.code.te
x
File: pgflibraryfadings.code.tex 2020/10/01 v3.1.6a (3.1.6a)
)))
(c:/texlive/2020/texmf-dist/tex/generic/pgf/frontendlayer/tikz/libraries/tikzli
brarypositioning.code.tex
File: tikzlibrarypositioning.code.tex 2020/10/01 v3.1.6a (3.1.6a)
)
(c:/texlive/2020/texmf-dist/tex/latex/fancyhdr/fancyhdr.sty
Package: fancyhdr 2019/01/31 v3.10 Extensive control of page headers and footer
s
\f@nch@headwidth=\skip55
\f@nch@O@elh=\skip56
\f@nch@O@erh=\skip57
\f@nch@O@olh=\skip58
\f@nch@O@orh=\skip59
\f@nch@O@elf=\skip60
\f@nch@O@erf=\skip61
\f@nch@O@olf=\skip62
\f@nch@O@orf=\skip63
))
(c:/texlive/2020/texmf-dist/tex/latex/base/inputenc.sty
Package: inputenc 2020/08/01 v1.3d Input encoding file
\inpenc@prehook=\toks28
\inpenc@posthook=\toks29
)
(c:/texlive/2020/texmf-dist/tex/generic/babel/babel.sty
Package: babel 2020/10/03 3.49 The Babel package

(c:/texlive/2020/texmf-dist/tex/generic/babel/babel.def
File: babel.def 2020/10/03 3.49 Babel common definitions
\babel@savecnt=\count291
\U@D=\dimen268
\l@babelnohyphens=\language86

(c:/texlive/2020/texmf-dist/tex/generic/babel/txtbabel.def)
\bbl@readstream=\read3
)
\bbl@dirlevel=\count292

(c:/texlive/2020/texmf-dist/tex/generic/babel-english/english.ldf
Language: english 2017/06/06 v3.3r English support from the babel system
Package babel Info: \l@canadian = using hyphenrules for english
(babel)             (\language0) on input line 102.
Package babel Info: \l@australian = using hyphenrules for ukenglish
(babel)             (\language21) on input line 105.
Package babel Info: \l@newzealand = using hyphenrules for ukenglish
(babel)             (\language21) on input line 108.
))
(c:/texlive/2020/texmf-dist/tex/latex/caption/subcaption.sty
Package: subcaption 2020/08/23 v1.3g Sub-captions (AR)

(c:/texlive/2020/texmf-dist/tex/latex/caption/caption.sty
Package: caption 2020/09/12 v3.5b Customizing captions (AR)

(c:/texlive/2020/texmf-dist/tex/latex/caption/caption3.sty
Package: caption3 2020/09/17 v2.1b caption3 kernel (AR)
\captionmargin=\dimen269
\captionmargin@=\dimen270
\captionwidth=\dimen271
\caption@tempdima=\dimen272
\caption@indent=\dimen273
\caption@parindent=\dimen274
\caption@hangindent=\dimen275
Package caption Info: Standard document class detected.
)
\c@caption@flags=\count293
\c@continuedfloat=\count294
Package caption Info: hyperref package is loaded.
)
\c@subfigure=\count295
\c@subtable=\count296
)
\twosubht=\skip64
\twosubbox=\box107

(c:/texlive/2020/texmf-dist/tex/latex/epstopdf-pkg/epstopdf.sty
Package: epstopdf 2020-01-24 v2.11 Conversion with epstopdf on the fly (HO)

(c:/texlive/2020/texmf-dist/tex/latex/grfext/grfext.sty
Package: grfext 2019/12/03 v1.3 Manage graphics extensions (HO)
)
(c:/texlive/2020/texmf-dist/tex/latex/epstopdf-pkg/epstopdf-base.sty
Package: epstopdf-base 2020-01-24 v2.11 Base part for package epstopdf
Package epstopdf-base Info: Redefining graphics rule for `.eps' on input line 4
85.
Package grfext Info: Graphics extension search list:
(grfext)             [.pdf,.png,.jpg,.mps,.jpeg,.jbig2,.jb2,.PDF,.PNG,.JPG,.JPE
G,.JBIG2,.JB2,.eps]
(grfext)             \AppendGraphicsExtensions on input line 504.

(c:/texlive/2020/texmf-dist/tex/latex/latexconfig/epstopdf-sys.cfg
File: epstopdf-sys.cfg 2010/07/13 v1.3 Configuration of (r)epstopdf for TeX Liv
e
)))
(c:/texlive/2020/texmf-dist/tex/generic/pgf/frontendlayer/tikz/libraries/tikzli
braryshapes.code.tex
File: tikzlibraryshapes.code.tex 2020/10/01 v3.1.6a (3.1.6a)

(c:/texlive/2020/texmf-dist/tex/generic/pgf/frontendlayer/tikz/libraries/tikzli
braryshapes.geometric.code.tex
File: tikzlibraryshapes.geometric.code.tex 2020/10/01 v3.1.6a (3.1.6a)

(c:/texlive/2020/texmf-dist/tex/generic/pgf/libraries/shapes/pgflibraryshapes.g
eometric.code.tex
File: pgflibraryshapes.geometric.code.tex 2020/10/01 v3.1.6a (3.1.6a)
))
(c:/texlive/2020/texmf-dist/tex/generic/pgf/frontendlayer/tikz/libraries/tikzli
braryshapes.misc.code.tex
File: tikzlibraryshapes.misc.code.tex 2020/10/01 v3.1.6a (3.1.6a)

(c:/texlive/2020/texmf-dist/tex/generic/pgf/libraries/shapes/pgflibraryshapes.m
isc.code.tex
File: pgflibraryshapes.misc.code.tex 2020/10/01 v3.1.6a (3.1.6a)
))
(c:/texlive/2020/texmf-dist/tex/generic/pgf/frontendlayer/tikz/libraries/tikzli
braryshapes.symbols.code.tex
File: tikzlibraryshapes.symbols.code.tex 2020/10/01 v3.1.6a (3.1.6a)

(c:/texlive/2020/texmf-dist/tex/generic/pgf/libraries/shapes/pgflibraryshapes.s
ymbols.code.tex
File: pgflibraryshapes.symbols.code.tex 2020/10/01 v3.1.6a (3.1.6a)
))
(c:/texlive/2020/texmf-dist/tex/generic/pgf/frontendlayer/tikz/libraries/tikzli
braryshapes.arrows.code.tex
File: tikzlibraryshapes.arrows.code.tex 2020/10/01 v3.1.6a (3.1.6a)

(c:/texlive/2020/texmf-dist/tex/generic/pgf/libraries/shapes/pgflibraryshapes.a
rrows.code.tex
File: pgflibraryshapes.arrows.code.tex 2020/10/01 v3.1.6a (3.1.6a)
))
(c:/texlive/2020/texmf-dist/tex/generic/pgf/frontendlayer/tikz/libraries/tikzli
braryshapes.callouts.code.tex
(c:/texlive/2020/texmf-dist/tex/generic/pgf/libraries/shapes/pgflibraryshapes.c
allouts.code.tex))
(c:/texlive/2020/texmf-dist/tex/generic/pgf/frontendlayer/tikz/libraries/tikzli
braryshapes.multipart.code.tex
File: tikzlibraryshapes.multipart.code.tex 2020/10/01 v3.1.6a (3.1.6a)

(c:/texlive/2020/texmf-dist/tex/generic/pgf/libraries/shapes/pgflibraryshapes.m
ultipart.code.tex
File: pgflibraryshapes.multipart.code.tex 2020/10/01 v3.1.6a (3.1.6a)
\pgfnodepartlowerbox=\box108
\pgfnodeparttwobox=\box109
\pgfnodepartthreebox=\box110
\pgfnodepartfourbox=\box111
\pgfnodeparttwentybox=\box112
\pgfnodepartnineteenbox=\box113
\pgfnodeparteighteenbox=\box114
\pgfnodepartseventeenbox=\box115
\pgfnodepartsixteenbox=\box116
\pgfnodepartfifteenbox=\box117
\pgfnodepartfourteenbox=\box118
\pgfnodepartthirteenbox=\box119
\pgfnodeparttwelvebox=\box120
\pgfnodepartelevenbox=\box121
\pgfnodeparttenbox=\box122
\pgfnodepartninebox=\box123
\pgfnodeparteightbox=\box124
\pgfnodepartsevenbox=\box125
\pgfnodepartsixbox=\box126
\pgfnodepartfivebox=\box127
))) (c:/texlive/2020/texmf-dist/tex/latex/amsmath/amsmath.sty
Package: amsmath 2020/09/23 v2.17i AMS math features
\@mathmargin=\skip65

For additional information on amsmath, use the `?' option.
(c:/texlive/2020/texmf-dist/tex/latex/amsmath/amstext.sty
Package: amstext 2000/06/29 v2.01 AMS text

(c:/texlive/2020/texmf-dist/tex/latex/amsmath/amsgen.sty
File: amsgen.sty 1999/11/30 v2.0 generic functions
\@emptytoks=\toks30
\ex@=\dimen276
))
(c:/texlive/2020/texmf-dist/tex/latex/amsmath/amsbsy.sty
Package: amsbsy 1999/11/29 v1.2d Bold Symbols
\pmbraise@=\dimen277
)
(c:/texlive/2020/texmf-dist/tex/latex/amsmath/amsopn.sty
Package: amsopn 2016/03/08 v2.02 operator names
)
\inf@bad=\count297
LaTeX Info: Redefining \frac on input line 234.
\uproot@=\count298
\leftroot@=\count299
LaTeX Info: Redefining \overline on input line 399.
\classnum@=\count300
\DOTSCASE@=\count301
LaTeX Info: Redefining \ldots on input line 496.
LaTeX Info: Redefining \dots on input line 499.
LaTeX Info: Redefining \cdots on input line 620.
\Mathstrutbox@=\box128
\strutbox@=\box129
\big@size=\dimen278
LaTeX Font Info:    Redeclaring font encoding OML on input line 743.
LaTeX Font Info:    Redeclaring font encoding OMS on input line 744.
\macc@depth=\count302
\c@MaxMatrixCols=\count303
\dotsspace@=\muskip17
\c@parentequation=\count304
\dspbrk@lvl=\count305
\tag@help=\toks31
\row@=\count306
\column@=\count307
\maxfields@=\count308
\andhelp@=\toks32
\eqnshift@=\dimen279
\alignsep@=\dimen280
\tagshift@=\dimen281
\tagwidth@=\dimen282
\totwidth@=\dimen283
\lineht@=\dimen284
\@envbody=\toks33
\multlinegap=\skip66
\multlinetaggap=\skip67
\mathdisplay@stack=\toks34
LaTeX Info: Redefining \[ on input line 2923.
LaTeX Info: Redefining \] on input line 2924.
)
(c:/texlive/2020/texmf-dist/tex/latex/amscls/amsthm.sty
Package: amsthm 2020/05/29 v2.20.6
\thm@style=\toks35
\thm@bodyfont=\toks36
\thm@headfont=\toks37
\thm@notefont=\toks38
\thm@headpunct=\toks39
\thm@preskip=\skip68
\thm@postskip=\skip69
\thm@headsep=\skip70
\dth@everypar=\toks40
)
(c:/texlive/2020/texmf-dist/tex/latex/amsfonts/amssymb.sty
Package: amssymb 2013/01/14 v3.01 AMS font symbols

(c:/texlive/2020/texmf-dist/tex/latex/amsfonts/amsfonts.sty
Package: amsfonts 2013/01/14 v3.01 Basic AMSFonts support
\symAMSa=\mathgroup4
\symAMSb=\mathgroup5
LaTeX Font Info:    Redeclaring math symbol \hbar on input line 98.
LaTeX Font Info:    Overwriting math alphabet `\mathfrak' in version `bold'
(Font)                  U/euf/m/n --> U/euf/b/n on input line 106.
))
(c:/texlive/2020/texmf-dist/tex/latex/was/gensymb.sty
Package: gensymb 2003/07/02 v1.0 (WaS)
)
(c:/texlive/2020/texmf-dist/tex/latex/etoolbox/etoolbox.sty
Package: etoolbox 2020/08/24 v2.5j e-TeX tools for LaTeX (JAW)
\etb@tempcnta=\count309
)
(c:/texlive/2020/texmf-dist/tex/latex/refcount/refcount.sty
Package: refcount 2019/12/15 v3.6 Data extraction from label references (HO)
)
\c@countitems=\count310
\c@nextitemizecount=\count311

(c:/texlive/2020/texmf-dist/tex/latex/pdflscape/pdflscape.sty
Package: pdflscape 2019/12/05 v0.12 Display of landscape pages in PDF (HO)

(c:/texlive/2020/texmf-dist/tex/latex/graphics/lscape.sty
Package: lscape 2020/05/28 v3.02 Landscape Pages (DPC)
)
Package pdflscape Info: Auto-detected driver: pdftex on input line 81.
)
(c:/texlive/2020/texmf-dist/tex/latex/l3backend/l3backend-pdftex.def
File: l3backend-pdftex.def 2020-09-24 L3 backend support: PDF output (pdfTeX)
\l__kernel_color_stack_int=\count312
\l__pdf_internal_box=\box130
)
(./Assignment3.aux)
\openout1 = `Assignment3.aux'.

LaTeX Font Info:    Checking defaults for OML/cmm/m/it on input line 60.
LaTeX Font Info:    ... okay on input line 60.
LaTeX Font Info:    Checking defaults for OMS/cmsy/m/n on input line 60.
LaTeX Font Info:    ... okay on input line 60.
LaTeX Font Info:    Checking defaults for OT1/cmr/m/n on input line 60.
LaTeX Font Info:    ... okay on input line 60.
LaTeX Font Info:    Checking defaults for T1/cmr/m/n on input line 60.
LaTeX Font Info:    ... okay on input line 60.
LaTeX Font Info:    Checking defaults for TS1/cmr/m/n on input line 60.
LaTeX Font Info:    ... okay on input line 60.
LaTeX Font Info:    Checking defaults for OMX/cmex/m/n on input line 60.
LaTeX Font Info:    ... okay on input line 60.
LaTeX Font Info:    Checking defaults for U/cmr/m/n on input line 60.
LaTeX Font Info:    ... okay on input line 60.
LaTeX Font Info:    Checking defaults for PD1/pdf/m/n on input line 60.
LaTeX Font Info:    ... okay on input line 60.
Package hyperref Info: Link coloring OFF on input line 60.
 (c:/texlive/2020/texmf-dist/tex/latex/hyperref/nameref.sty
Package: nameref 2019/09/16 v2.46 Cross-referencing by name of section

(c:/texlive/2020/texmf-dist/tex/generic/gettitlestring/gettitlestring.sty
Package: gettitlestring 2019/12/15 v1.6 Cleanup title references (HO)
)
\c@section@level=\count313
)
LaTeX Info: Redefining \ref on input line 60.
LaTeX Info: Redefining \pageref on input line 60.
LaTeX Info: Redefining \nameref on input line 60.

(./Assignment3.out) (./Assignment3.out)
\@outlinefile=\write4
\openout4 = `Assignment3.out'.


(c:/texlive/2020/texmf-dist/tex/context/base/mkii/supp-pdf.mkii
[Loading MPS to PDF converter (version 2006.09.02).]
\scratchcounter=\count314
\scratchdimen=\dimen285
\scratchbox=\box131
\nofMPsegments=\count315
\nofMParguments=\count316
\everyMPshowfont=\toks41
\MPscratchCnt=\count317
\MPscratchDim=\dimen286
\MPnumerator=\count318
\makeMPintoPDFobject=\count319
\everyMPtoPDFconversion=\toks42
)
Package lastpage Info: Please have a look at the pageslts package at
(lastpage)             https://www.ctan.org/pkg/pageslts
(lastpage)             ! on input line 60.
Package caption Info: Begin \AtBeginDocument code.
Package caption Info: End \AtBeginDocument code.
LaTeX Info: Redefining \celsius on input line 60.
Package gensymb Info: Faking symbols for \degree and \celsius on input line 60.



Package gensymb Warning: Not defining \perthousand.

LaTeX Info: Redefining \ohm on input line 60.
Package gensymb Info: Using \Omega for \ohm on input line 60.

Package gensymb Warning: Not defining \micro.

<kuleuvenLogo.pdf, id=99, 159.33528pt x 56.90259pt>
File: kuleuvenLogo.pdf Graphic file (type pdf)
<use kuleuvenLogo.pdf>
Package pdftex.def Info: kuleuvenLogo.pdf  used on input line 62.
(pdftex.def)             Requested size: 119.50601pt x 42.67912pt.
<kuleuvenSedes.pdf, id=100, 349.305pt x 596.2275pt>
File: kuleuvenSedes.pdf Graphic file (type pdf)
<use kuleuvenSedes.pdf>
Package pdftex.def Info: kuleuvenSedes.pdf  used on input line 62.
(pdftex.def)             Requested size: 25.00282pt x 42.67912pt.
LaTeX Font Info:    Trying to load font information for U+msa on input line 62.

(c:/texlive/2020/texmf-dist/tex/latex/amsfonts/umsa.fd
File: umsa.fd 2013/01/14 v3.01 AMS symbols A
)
LaTeX Font Info:    Trying to load font information for U+msb on input line 62.


(c:/texlive/2020/texmf-dist/tex/latex/amsfonts/umsb.fd
File: umsb.fd 2013/01/14 v3.01 AMS symbols B
)
LaTeX Font Info:    Trying to load font information for T1+cmtt on input line 6
2.

(c:/texlive/2020/texmf-dist/tex/latex/base/t1cmtt.fd
File: t1cmtt.fd 2019/12/16 v2.5j Standard LaTeX font definitions
)
Underfull \hbox (badness 10000) in paragraph at lines 62--63

 []

(./Assignment3.toc)
\tf@toc=\write5
\openout5 = `Assignment3.toc'.

 (./Assignment3.lof)
\tf@lof=\write6
\openout6 = `Assignment3.lof'.

 [1

{c:/texlive/2020/texmf-var/fonts/map/pdftex/updmap/pdftex.map} <c:/Users/matth/
texmf/tex/latex/kulak/kuleuvenLogo.pdf> <c:/Users/matth/texmf/tex/latex/kulak/k
uleuvenSedes.pdf>]
Underfull \hbox (badness 10000) in paragraph at lines 93--96

 []


Package amsmath Warning: Cannot use `split' here;
(amsmath)                trying to recover with `aligned' on input line 101.


Package amsmath Warning: Cannot use `split' here;
(amsmath)                trying to recover with `aligned' on input line 114.


Underfull \hbox (badness 10000) in paragraph at lines 132--136

 []

File: kuleuvenSedes.pdf Graphic file (type pdf)
<use kuleuvenSedes.pdf>
Package pdftex.def Info: kuleuvenSedes.pdf  used on input line 169.
(pdftex.def)             Requested size: 25.00282pt x 42.67912pt.

Package Fancyhdr Warning: \headheight is too small (42.67912pt): 
Make it at least 46.27914pt.
We now make it that large for the rest of the document.
This may cause the page layout to be inconsistent, however.

[2]
Underfull \hbox (badness 10000) in paragraph at lines 170--175

 []


Underfull \hbox (badness 10000) in paragraph at lines 170--175

 []

Package epstopdf Info: Source file: <../Matlab//poles.eps>
(epstopdf)                    date: 2021-12-21 15:32:03
(epstopdf)                    size: 27901 bytes
(epstopdf)             Output file: <./poles-eps-converted-to.pdf>
(epstopdf)                    date: 2021-12-21 15:32:04
(epstopdf)                    size: 12146 bytes
(epstopdf)             Command: <repstopdf --outfile=./poles-eps-converted-to.p
df ../Matlab//poles.eps>
(epstopdf)             \includegraphics on input line 181.
Package epstopdf Info: Output file is already uptodate.
<./poles-eps-converted-to.pdf, id=203, 295.1025pt x 302.12875pt>
File: ./poles-eps-converted-to.pdf Graphic file (type pdf)
<use ./poles-eps-converted-to.pdf>
Package pdftex.def Info: ./poles-eps-converted-to.pdf  used on input line 181.
(pdftex.def)             Requested size: 227.62204pt x 233.04553pt.
Package epstopdf Info: Source file: <../Matlab//poles_cont.eps>
(epstopdf)                    date: 2021-12-21 15:32:03
(epstopdf)                    size: 23792 bytes
(epstopdf)             Output file: <./poles_cont-eps-converted-to.pdf>
(epstopdf)                    date: 2021-12-21 15:32:04
(epstopdf)                    size: 9932 bytes
(epstopdf)             Command: <repstopdf --outfile=./poles_cont-eps-converted
-to.pdf ../Matlab//poles_cont.eps>
(epstopdf)             \includegraphics on input line 188.
Package epstopdf Info: Output file is already uptodate.
<./poles_cont-eps-converted-to.pdf, id=204, 367.3725pt x 302.12875pt>
File: ./poles_cont-eps-converted-to.pdf Graphic file (type pdf)
<use ./poles_cont-eps-converted-to.pdf>
Package pdftex.def Info: ./poles_cont-eps-converted-to.pdf  used on input line 
188.
(pdftex.def)             Requested size: 250.38562pt x 205.92427pt.


pdfTeX warning: pdflatex.exe (file ./impulse_response1.pdf): PDF inclusion: fou
nd PDF version <1.7>, but at most version <1.5> allowed
<impulse_response1.pdf, id=205, 369.22844pt x 290.24536pt>
File: impulse_response1.pdf Graphic file (type pdf)
<use impulse_response1.pdf>
Package pdftex.def Info: impulse_response1.pdf  used on input line 212.
(pdftex.def)             Requested size: 250.38562pt x 196.82834pt.


pdfTeX warning: pdflatex.exe (file ./impulse_response3.pdf): PDF inclusion: fou
nd PDF version <1.7>, but at most version <1.5> allowed
<impulse_response3.pdf, id=206, 369.22844pt x 290.24536pt>
File: impulse_response3.pdf Graphic file (type pdf)
<use impulse_response3.pdf>
Package pdftex.def Info: impulse_response3.pdf  used on input line 217.
(pdftex.def)             Requested size: 250.38562pt x 196.82834pt.
File: kuleuvenSedes.pdf Graphic file (type pdf)
<use kuleuvenSedes.pdf>
Package pdftex.def Info: kuleuvenSedes.pdf  used on input line 226.
(pdftex.def)             Requested size: 25.00282pt x 42.67912pt.
[3 <./poles-eps-converted-to.pdf>]
File: kuleuvenSedes.pdf Graphic file (type pdf)
<use kuleuvenSedes.pdf>
Package pdftex.def Info: kuleuvenSedes.pdf  used on input line 226.
(pdftex.def)             Requested size: 25.00282pt x 42.67912pt.
 [4 <./poles_cont-eps-converted-to.pdf> <./impulse_response1.pdf> <./impulse_re
sponse3.pdf>]
Underfull \hbox (badness 10000) in paragraph at lines 254--260

 []


Underfull \hbox (badness 10000) in paragraph at lines 254--260

 []

File: kuleuvenSedes.pdf Graphic file (type pdf)
<use kuleuvenSedes.pdf>
Package pdftex.def Info: kuleuvenSedes.pdf  used on input line 273.
(pdftex.def)             Requested size: 25.00282pt x 42.67912pt.
[5]
Underfull \hbox (badness 10000) in paragraph at lines 275--278

 []


Underfull \hbox (badness 10000) in paragraph at lines 298--302

 []

Package epstopdf Info: Source file: <../Matlab//gain_error.eps>
(epstopdf)                    date: 2021-12-21 15:32:03
(epstopdf)                    size: 194138 bytes
(epstopdf)             Output file: <./gain_error-eps-converted-to.pdf>
(epstopdf)                    date: 2021-12-21 15:32:04
(epstopdf)                    size: 202636 bytes
(epstopdf)             Command: <repstopdf --outfile=./gain_error-eps-converted
-to.pdf ../Matlab//gain_error.eps>
(epstopdf)             \includegraphics on input line 305.
Package epstopdf Info: Output file is already uptodate.
<./gain_error-eps-converted-to.pdf, id=275, 422.57875pt x 317.185pt>
File: ./gain_error-eps-converted-to.pdf Graphic file (type pdf)
<use ./gain_error-eps-converted-to.pdf>
Package pdftex.def Info: ./gain_error-eps-converted-to.pdf  used on input line 
305.
(pdftex.def)             Requested size: 273.14922pt x 205.03043pt.
File: kuleuvenSedes.pdf Graphic file (type pdf)
<use kuleuvenSedes.pdf>
Package pdftex.def Info: kuleuvenSedes.pdf  used on input line 319.
(pdftex.def)             Requested size: 25.00282pt x 42.67912pt.
[6]
Package epstopdf Info: Source file: <../Matlab//poles_LQE.eps>
(epstopdf)                    date: 2021-12-21 15:32:03
(epstopdf)                    size: 27732 bytes
(epstopdf)             Output file: <./poles_LQE-eps-converted-to.pdf>
(epstopdf)                    date: 2021-12-21 15:32:04
(epstopdf)                    size: 12127 bytes
(epstopdf)             Command: <repstopdf --outfile=./poles_LQE-eps-converted-
to.pdf ../Matlab//poles_LQE.eps>
(epstopdf)             \includegraphics on input line 335.
Package epstopdf Info: Output file is already uptodate.
<./poles_LQE-eps-converted-to.pdf, id=289, 295.1025pt x 302.12875pt>
File: ./poles_LQE-eps-converted-to.pdf Graphic file (type pdf)
<use ./poles_LQE-eps-converted-to.pdf>
Package pdftex.def Info: ./poles_LQE-eps-converted-to.pdf  used on input line 3
35.
(pdftex.def)             Requested size: 227.62204pt x 233.04553pt.
File: kuleuvenSedes.pdf Graphic file (type pdf)
<use kuleuvenSedes.pdf>
Package pdftex.def Info: kuleuvenSedes.pdf  used on input line 342.
(pdftex.def)             Requested size: 25.00282pt x 42.67912pt.
 [7 <./gain_error-eps-converted-to.pdf>]
Underfull \hbox (badness 10000) in paragraph at lines 347--361

 []


Underfull \hbox (badness 10000) in paragraph at lines 347--361

 []


Underfull \hbox (badness 10000) in paragraph at lines 347--361

 []


Underfull \hbox (badness 10000) in paragraph at lines 347--361

 []


Underfull \hbox (badness 10000) in paragraph at lines 347--361

 []


Underfull \hbox (badness 10000) in paragraph at lines 347--361

 []

File: kuleuvenSedes.pdf Graphic file (type pdf)
<use kuleuvenSedes.pdf>
Package pdftex.def Info: kuleuvenSedes.pdf  used on input line 361.
(pdftex.def)             Requested size: 25.00282pt x 42.67912pt.
[8 <./poles_LQE-eps-converted-to.pdf>]
Underfull \hbox (badness 10000) in paragraph at lines 371--378

 []


Underfull \hbox (badness 10000) in paragraph at lines 371--378

 []


Underfull \hbox (badness 10000) in paragraph at lines 371--378

 []

Package epstopdf Info: Source file: <../Matlab//response_variable_K.eps>
(epstopdf)                    date: 2021-12-21 15:32:03
(epstopdf)                    size: 43220 bytes
(epstopdf)             Output file: <./response_variable_K-eps-converted-to.pdf
>
(epstopdf)                    date: 2021-12-21 15:32:04
(epstopdf)                    size: 12564 bytes
(epstopdf)             Command: <repstopdf --outfile=./response_variable_K-eps-
converted-to.pdf ../Matlab//response_variable_K.eps>
(epstopdf)             \includegraphics on input line 383.
Package epstopdf Info: Output file is already uptodate.
<./response_variable_K-eps-converted-to.pdf, id=326, 379.4175pt x 307.1475pt>
File: ./response_variable_K-eps-converted-to.pdf Graphic file (type pdf)
<use ./response_variable_K-eps-converted-to.pdf>
Package pdftex.def Info: ./response_variable_K-eps-converted-to.pdf  used on in
put line 383.
(pdftex.def)             Requested size: 223.0721pt x 180.58275pt.
Package epstopdf Info: Source file: <../Matlab//voltage_variable_K.eps>
(epstopdf)                    date: 2021-12-21 15:32:03
(epstopdf)                    size: 32584 bytes
(epstopdf)             Output file: <./voltage_variable_K-eps-converted-to.pdf>

(epstopdf)                    date: 2021-12-21 15:32:04
(epstopdf)                    size: 12220 bytes
(epstopdf)             Command: <repstopdf --outfile=./voltage_variable_K-eps-c
onverted-to.pdf ../Matlab//voltage_variable_K.eps>
(epstopdf)             \includegraphics on input line 388.
Package epstopdf Info: Output file is already uptodate.
<./voltage_variable_K-eps-converted-to.pdf, id=327, 361.35pt x 307.1475pt>
File: ./voltage_variable_K-eps-converted-to.pdf Graphic file (type pdf)
<use ./voltage_variable_K-eps-converted-to.pdf>
Package pdftex.def Info: ./voltage_variable_K-eps-converted-to.pdf  used on inp
ut line 388.
(pdftex.def)             Requested size: 217.60522pt x 184.9648pt.

Underfull \hbox (badness 10000) in paragraph at lines 397--400

 []

File: kuleuvenSedes.pdf Graphic file (type pdf)
<use kuleuvenSedes.pdf>
Package pdftex.def Info: kuleuvenSedes.pdf  used on input line 400.
(pdftex.def)             Requested size: 25.00282pt x 42.67912pt.
[9 <./response_variable_K-eps-converted-to.pdf> <./voltage_variable_K-eps-conve
rted-to.pdf>]
Package epstopdf Info: Source file: <../Matlab//phat.eps>
(epstopdf)                    date: 2021-12-21 15:32:03
(epstopdf)                    size: 130854 bytes
(epstopdf)             Output file: <./phat-eps-converted-to.pdf>
(epstopdf)                    date: 2021-12-21 15:32:04
(epstopdf)                    size: 34821 bytes
(epstopdf)             Command: <repstopdf --outfile=./phat-eps-converted-to.pd
f ../Matlab//phat.eps>
(epstopdf)             \includegraphics on input line 405.
Package epstopdf Info: Output file is already uptodate.
<./phat-eps-converted-to.pdf, id=349, 359.3425pt x 310.15875pt>
File: ./phat-eps-converted-to.pdf Graphic file (type pdf)
<use ./phat-eps-converted-to.pdf>
Package pdftex.def Info: ./phat-eps-converted-to.pdf  used on input line 405.
(pdftex.def)             Requested size: 218.51521pt x 188.60971pt.
Package epstopdf Info: Source file: <../Matlab//L.eps>
(epstopdf)                    date: 2021-12-21 15:32:03
(epstopdf)                    size: 109746 bytes
(epstopdf)             Output file: <./L-eps-converted-to.pdf>
(epstopdf)                    date: 2021-12-21 15:32:04
(epstopdf)                    size: 23000 bytes
(epstopdf)             Command: <repstopdf --outfile=./L-eps-converted-to.pdf .
./Matlab//L.eps>
(epstopdf)             \includegraphics on input line 410.
Package epstopdf Info: Output file is already uptodate.
<./L-eps-converted-to.pdf, id=350, 370.38374pt x 307.1475pt>
File: ./L-eps-converted-to.pdf Graphic file (type pdf)
<use ./L-eps-converted-to.pdf>
Package pdftex.def Info: ./L-eps-converted-to.pdf  used on input line 410.
(pdftex.def)             Requested size: 218.51521pt x 181.21075pt.

Underfull \hbox (badness 10000) in paragraph at lines 416--425

 []


Underfull \hbox (badness 10000) in paragraph at lines 416--425

 []


Underfull \hbox (badness 10000) in paragraph at lines 416--425

 []


Underfull \hbox (badness 10000) in paragraph at lines 416--425

 []

Package epstopdf Info: Source file: <../Matlab//error_L.eps>
(epstopdf)                    date: 2021-12-21 15:32:03
(epstopdf)                    size: 48207 bytes
(epstopdf)             Output file: <./error_L-eps-converted-to.pdf>
(epstopdf)                    date: 2021-12-21 15:32:04
(epstopdf)                    size: 17438 bytes
(epstopdf)             Command: <repstopdf --outfile=./error_L-eps-converted-to
.pdf ../Matlab//error_L.eps>
(epstopdf)             \includegraphics on input line 430.
Package epstopdf Info: Output file is already uptodate.
<./error_L-eps-converted-to.pdf, id=363, 376.40625pt x 307.1475pt>
File: ./error_L-eps-converted-to.pdf Graphic file (type pdf)
<use ./error_L-eps-converted-to.pdf>
Package pdftex.def Info: ./error_L-eps-converted-to.pdf  used on input line 430
.
(pdftex.def)             Requested size: 218.51521pt x 178.31439pt.
Package epstopdf Info: Source file: <../Matlab//error_P.eps>
(epstopdf)                    date: 2021-12-21 15:32:03
(epstopdf)                    size: 48767 bytes
(epstopdf)             Output file: <./error_P-eps-converted-to.pdf>
(epstopdf)                    date: 2021-12-21 15:32:04
(epstopdf)                    size: 17599 bytes
(epstopdf)             Command: <repstopdf --outfile=./error_P-eps-converted-to
.pdf ../Matlab//error_P.eps>
(epstopdf)             \includegraphics on input line 437.
Package epstopdf Info: Output file is already uptodate.
<./error_P-eps-converted-to.pdf, id=364, 367.3725pt x 310.15875pt>
File: ./error_P-eps-converted-to.pdf Graphic file (type pdf)
<use ./error_P-eps-converted-to.pdf>
Package pdftex.def Info: ./error_P-eps-converted-to.pdf  used on input line 437
.
(pdftex.def)             Requested size: 218.51521pt x 184.48758pt.
File: kuleuvenSedes.pdf Graphic file (type pdf)
<use kuleuvenSedes.pdf>
Package pdftex.def Info: kuleuvenSedes.pdf  used on input line 449.
(pdftex.def)             Requested size: 25.00282pt x 42.67912pt.
[10 <./phat-eps-converted-to.pdf> <./L-eps-converted-to.pdf>]
Underfull \hbox (badness 10000) in paragraph at lines 461--465

 []

Package epstopdf Info: Source file: <../Matlab//SNIS_1000.eps>
(epstopdf)                    date: 2021-12-22 10:37:20
(epstopdf)                    size: 50758 bytes
(epstopdf)             Output file: <./SNIS_1000-eps-converted-to.pdf>
(epstopdf)                    date: 2021-12-22 10:37:20
(epstopdf)                    size: 48572 bytes
(epstopdf)             Command: <repstopdf --outfile=./SNIS_1000-eps-converted-
to.pdf ../Matlab//SNIS_1000.eps>
(epstopdf)             \includegraphics on input line 469.
Package epstopdf Info: Output file is already uptodate.
<./SNIS_1000-eps-converted-to.pdf, id=386, 422.57875pt x 317.185pt>
File: ./SNIS_1000-eps-converted-to.pdf Graphic file (type pdf)
<use ./SNIS_1000-eps-converted-to.pdf>
Package pdftex.def Info: ./SNIS_1000-eps-converted-to.pdf  used on input line 4
69.
(pdftex.def)             Requested size: 204.85844pt x 153.76677pt.
Package epstopdf Info: Source file: <../Matlab//SNIS_100.eps>
(epstopdf)                    date: 2021-12-22 10:37:20
(epstopdf)                    size: 51389 bytes
(epstopdf)             Output file: <./SNIS_100-eps-converted-to.pdf>
(epstopdf)                    date: 2021-12-22 10:37:20
(epstopdf)                    size: 49262 bytes
(epstopdf)             Command: <repstopdf --outfile=./SNIS_100-eps-converted-t
o.pdf ../Matlab//SNIS_100.eps>
(epstopdf)             \includegraphics on input line 470.
Package epstopdf Info: Output file is already uptodate.
<./SNIS_100-eps-converted-to.pdf, id=387, 422.57875pt x 317.185pt>
File: ./SNIS_100-eps-converted-to.pdf Graphic file (type pdf)
<use ./SNIS_100-eps-converted-to.pdf>
Package pdftex.def Info: ./SNIS_100-eps-converted-to.pdf  used on input line 47
0.
(pdftex.def)             Requested size: 204.85844pt x 153.76677pt.
Package epstopdf Info: Source file: <../Matlab//SNIS_10.eps>
(epstopdf)                    date: 2021-12-22 10:37:20
(epstopdf)                    size: 53746 bytes
(epstopdf)             Output file: <./SNIS_10-eps-converted-to.pdf>
(epstopdf)                    date: 2021-12-22 10:37:20
(epstopdf)                    size: 52007 bytes
(epstopdf)             Command: <repstopdf --outfile=./SNIS_10-eps-converted-to
.pdf ../Matlab//SNIS_10.eps>
(epstopdf)             \includegraphics on input line 471.
Package epstopdf Info: Output file is already uptodate.
<./SNIS_10-eps-converted-to.pdf, id=388, 422.57875pt x 317.185pt>
File: ./SNIS_10-eps-converted-to.pdf Graphic file (type pdf)
<use ./SNIS_10-eps-converted-to.pdf>
Package pdftex.def Info: ./SNIS_10-eps-converted-to.pdf  used on input line 471
.
(pdftex.def)             Requested size: 204.85844pt x 153.76677pt.
Package epstopdf Info: Source file: <../Matlab//SNIS_1.eps>
(epstopdf)                    date: 2021-12-22 10:37:20
(epstopdf)                    size: 52881 bytes
(epstopdf)             Output file: <./SNIS_1-eps-converted-to.pdf>
(epstopdf)                    date: 2021-12-22 10:37:20
(epstopdf)                    size: 51379 bytes
(epstopdf)             Command: <repstopdf --outfile=./SNIS_1-eps-converted-to.
pdf ../Matlab//SNIS_1.eps>
(epstopdf)             \includegraphics on input line 472.
Package epstopdf Info: Output file is already uptodate.
<./SNIS_1-eps-converted-to.pdf, id=389, 422.57875pt x 317.185pt>
File: ./SNIS_1-eps-converted-to.pdf Graphic file (type pdf)
<use ./SNIS_1-eps-converted-to.pdf>
Package pdftex.def Info: ./SNIS_1-eps-converted-to.pdf  used on input line 472.

(pdftex.def)             Requested size: 204.85844pt x 153.76677pt.
Package epstopdf Info: Source file: <../Matlab//SNIS_01.eps>
(epstopdf)                    date: 2021-12-22 10:37:20
(epstopdf)                    size: 51243 bytes
(epstopdf)             Output file: <./SNIS_01-eps-converted-to.pdf>
(epstopdf)                    date: 2021-12-22 10:37:20
(epstopdf)                    size: 51793 bytes
(epstopdf)             Command: <repstopdf --outfile=./SNIS_01-eps-converted-to
.pdf ../Matlab//SNIS_01.eps>
(epstopdf)             \includegraphics on input line 473.
Package epstopdf Info: Output file is already uptodate.
<./SNIS_01-eps-converted-to.pdf, id=390, 422.57875pt x 317.185pt>
File: ./SNIS_01-eps-converted-to.pdf Graphic file (type pdf)
<use ./SNIS_01-eps-converted-to.pdf>
Package pdftex.def Info: ./SNIS_01-eps-converted-to.pdf  used on input line 473
.
(pdftex.def)             Requested size: 204.85844pt x 153.76677pt.
Package epstopdf Info: Source file: <../Matlab//SNIS_001.eps>
(epstopdf)                    date: 2021-12-22 10:37:20
(epstopdf)                    size: 49652 bytes
(epstopdf)             Output file: <./SNIS_001-eps-converted-to.pdf>
(epstopdf)                    date: 2021-12-22 10:37:20
(epstopdf)                    size: 51495 bytes
(epstopdf)             Command: <repstopdf --outfile=./SNIS_001-eps-converted-t
o.pdf ../Matlab//SNIS_001.eps>
(epstopdf)             \includegraphics on input line 474.
Package epstopdf Info: Output file is already uptodate.
<./SNIS_001-eps-converted-to.pdf, id=391, 422.57875pt x 317.185pt>
File: ./SNIS_001-eps-converted-to.pdf Graphic file (type pdf)
<use ./SNIS_001-eps-converted-to.pdf>
Package pdftex.def Info: ./SNIS_001-eps-converted-to.pdf  used on input line 47
4.
(pdftex.def)             Requested size: 204.85844pt x 153.76677pt.
Package epstopdf Info: Source file: <../Matlab//SNIS_0001.eps>
(epstopdf)                    date: 2021-12-22 10:37:20
(epstopdf)                    size: 51275 bytes
(epstopdf)             Output file: <./SNIS_0001-eps-converted-to.pdf>
(epstopdf)                    date: 2021-12-22 10:37:20
(epstopdf)                    size: 53649 bytes
(epstopdf)             Command: <repstopdf --outfile=./SNIS_0001-eps-converted-
to.pdf ../Matlab//SNIS_0001.eps>
(epstopdf)             \includegraphics on input line 475.
Package epstopdf Info: Output file is already uptodate.
<./SNIS_0001-eps-converted-to.pdf, id=392, 422.57875pt x 317.185pt>
File: ./SNIS_0001-eps-converted-to.pdf Graphic file (type pdf)
<use ./SNIS_0001-eps-converted-to.pdf>
Package pdftex.def Info: ./SNIS_0001-eps-converted-to.pdf  used on input line 4
75.
(pdftex.def)             Requested size: 204.85844pt x 153.76677pt.
File: kuleuvenSedes.pdf Graphic file (type pdf)
<use kuleuvenSedes.pdf>
Package pdftex.def Info: kuleuvenSedes.pdf  used on input line 480.
(pdftex.def)             Requested size: 25.00282pt x 42.67912pt.
[11 <./error_L-eps-converted-to.pdf> <./error_P-eps-converted-to.pdf>]
File: kuleuvenSedes.pdf Graphic file (type pdf)
<use kuleuvenSedes.pdf>
Package pdftex.def Info: kuleuvenSedes.pdf  used on input line 480.
(pdftex.def)             Requested size: 25.00282pt x 42.67912pt.
 [12 <./SNIS_1000-eps-converted-to.pdf> <./SNIS_100-eps-converted-to.pdf> <./SN
IS_10-eps-converted-to.pdf> <./SNIS_1-eps-converted-to.pdf> <./SNIS_01-eps-conv
erted-to.pdf> <./SNIS_001-eps-converted-to.pdf> <./SNIS_0001-eps-converted-to.p
df>]
Underfull \hbox (badness 10000) in paragraph at lines 483--488

 []


Underfull \hbox (badness 10000) in paragraph at lines 483--488

 []

Package epstopdf Info: Source file: <../Matlab//wrong_pos_1000.eps>
(epstopdf)                    date: 2021-12-22 10:37:20
(epstopdf)                    size: 33892 bytes
(epstopdf)             Output file: <./wrong_pos_1000-eps-converted-to.pdf>
(epstopdf)                    date: 2021-12-22 10:37:20
(epstopdf)                    size: 11335 bytes
(epstopdf)             Command: <repstopdf --outfile=./wrong_pos_1000-eps-conve
rted-to.pdf ../Matlab//wrong_pos_1000.eps>
(epstopdf)             \includegraphics on input line 491.
Package epstopdf Info: Output file is already uptodate.
<./wrong_pos_1000-eps-converted-to.pdf, id=456, 379.4175pt x 310.15875pt>
File: ./wrong_pos_1000-eps-converted-to.pdf Graphic file (type pdf)
<use ./wrong_pos_1000-eps-converted-to.pdf>
Package pdftex.def Info: ./wrong_pos_1000-eps-converted-to.pdf  used on input l
ine 491.
(pdftex.def)             Requested size: 204.85844pt x 167.4643pt.
Package epstopdf Info: Source file: <../Matlab//wrong_pos_100.eps>
(epstopdf)                    date: 2021-12-22 10:37:20
(epstopdf)                    size: 33870 bytes
(epstopdf)             Output file: <./wrong_pos_100-eps-converted-to.pdf>
(epstopdf)                    date: 2021-12-22 10:37:20
(epstopdf)                    size: 11672 bytes
(epstopdf)             Command: <repstopdf --outfile=./wrong_pos_100-eps-conver
ted-to.pdf ../Matlab//wrong_pos_100.eps>
(epstopdf)             \includegraphics on input line 492.
Package epstopdf Info: Output file is already uptodate.
<./wrong_pos_100-eps-converted-to.pdf, id=457, 379.4175pt x 310.15875pt>
File: ./wrong_pos_100-eps-converted-to.pdf Graphic file (type pdf)
<use ./wrong_pos_100-eps-converted-to.pdf>
Package pdftex.def Info: ./wrong_pos_100-eps-converted-to.pdf  used on input li
ne 492.
(pdftex.def)             Requested size: 204.85844pt x 167.4643pt.
Package epstopdf Info: Source file: <../Matlab//wrong_pos_10.eps>
(epstopdf)                    date: 2021-12-22 10:37:20
(epstopdf)                    size: 33859 bytes
(epstopdf)             Output file: <./wrong_pos_10-eps-converted-to.pdf>
(epstopdf)                    date: 2021-12-22 10:37:20
(epstopdf)                    size: 12068 bytes
(epstopdf)             Command: <repstopdf --outfile=./wrong_pos_10-eps-convert
ed-to.pdf ../Matlab//wrong_pos_10.eps>
(epstopdf)             \includegraphics on input line 493.
Package epstopdf Info: Output file is already uptodate.
<./wrong_pos_10-eps-converted-to.pdf, id=458, 379.4175pt x 310.15875pt>
File: ./wrong_pos_10-eps-converted-to.pdf Graphic file (type pdf)
<use ./wrong_pos_10-eps-converted-to.pdf>
Package pdftex.def Info: ./wrong_pos_10-eps-converted-to.pdf  used on input lin
e 493.
(pdftex.def)             Requested size: 204.85844pt x 167.4643pt.
Package epstopdf Info: Source file: <../Matlab//wrong_pos_1.eps>
(epstopdf)                    date: 2021-12-22 10:37:20
(epstopdf)                    size: 33869 bytes
(epstopdf)             Output file: <./wrong_pos_1-eps-converted-to.pdf>
(epstopdf)                    date: 2021-12-22 10:37:20
(epstopdf)                    size: 11827 bytes
(epstopdf)             Command: <repstopdf --outfile=./wrong_pos_1-eps-converte
d-to.pdf ../Matlab//wrong_pos_1.eps>
(epstopdf)             \includegraphics on input line 494.
Package epstopdf Info: Output file is already uptodate.
<./wrong_pos_1-eps-converted-to.pdf, id=459, 379.4175pt x 310.15875pt>
File: ./wrong_pos_1-eps-converted-to.pdf Graphic file (type pdf)
<use ./wrong_pos_1-eps-converted-to.pdf>
Package pdftex.def Info: ./wrong_pos_1-eps-converted-to.pdf  used on input line
 494.
(pdftex.def)             Requested size: 204.85844pt x 167.4643pt.
Package epstopdf Info: Source file: <../Matlab//wrong_pos_01.eps>
(epstopdf)                    date: 2021-12-22 10:37:20
(epstopdf)                    size: 33857 bytes
(epstopdf)             Output file: <./wrong_pos_01-eps-converted-to.pdf>
(epstopdf)                    date: 2021-12-22 10:37:20
(epstopdf)                    size: 12370 bytes
(epstopdf)             Command: <repstopdf --outfile=./wrong_pos_01-eps-convert
ed-to.pdf ../Matlab//wrong_pos_01.eps>
(epstopdf)             \includegraphics on input line 499.
Package epstopdf Info: Output file is already uptodate.
<./wrong_pos_01-eps-converted-to.pdf, id=460, 379.4175pt x 310.15875pt>
File: ./wrong_pos_01-eps-converted-to.pdf Graphic file (type pdf)
<use ./wrong_pos_01-eps-converted-to.pdf>
Package pdftex.def Info: ./wrong_pos_01-eps-converted-to.pdf  used on input lin
e 499.
(pdftex.def)             Requested size: 204.85844pt x 167.4643pt.
Package epstopdf Info: Source file: <../Matlab//wrong_pos_001.eps>
(epstopdf)                    date: 2021-12-22 10:37:20
(epstopdf)                    size: 33867 bytes
(epstopdf)             Output file: <./wrong_pos_001-eps-converted-to.pdf>
(epstopdf)                    date: 2021-12-22 10:37:20
(epstopdf)                    size: 12343 bytes
(epstopdf)             Command: <repstopdf --outfile=./wrong_pos_001-eps-conver
ted-to.pdf ../Matlab//wrong_pos_001.eps>
(epstopdf)             \includegraphics on input line 500.
Package epstopdf Info: Output file is already uptodate.
<./wrong_pos_001-eps-converted-to.pdf, id=461, 379.4175pt x 310.15875pt>
File: ./wrong_pos_001-eps-converted-to.pdf Graphic file (type pdf)
<use ./wrong_pos_001-eps-converted-to.pdf>
Package pdftex.def Info: ./wrong_pos_001-eps-converted-to.pdf  used on input li
ne 500.
(pdftex.def)             Requested size: 204.85844pt x 167.4643pt.
Package epstopdf Info: Source file: <../Matlab//wrong_pos_0001.eps>
(epstopdf)                    date: 2021-12-22 10:37:20
(epstopdf)                    size: 33888 bytes
(epstopdf)             Output file: <./wrong_pos_0001-eps-converted-to.pdf>
(epstopdf)                    date: 2021-12-22 10:37:20
(epstopdf)                    size: 12408 bytes
(epstopdf)             Command: <repstopdf --outfile=./wrong_pos_0001-eps-conve
rted-to.pdf ../Matlab//wrong_pos_0001.eps>
(epstopdf)             \includegraphics on input line 501.
Package epstopdf Info: Output file is already uptodate.
<./wrong_pos_0001-eps-converted-to.pdf, id=462, 379.4175pt x 310.15875pt>
File: ./wrong_pos_0001-eps-converted-to.pdf Graphic file (type pdf)
<use ./wrong_pos_0001-eps-converted-to.pdf>
Package pdftex.def Info: ./wrong_pos_0001-eps-converted-to.pdf  used on input l
ine 501.
(pdftex.def)             Requested size: 204.85844pt x 167.4643pt.
File: kuleuvenSedes.pdf Graphic file (type pdf)
<use kuleuvenSedes.pdf>
Package pdftex.def Info: kuleuvenSedes.pdf  used on input line 506.
(pdftex.def)             Requested size: 25.00282pt x 42.67912pt.
[13 <./wrong_pos_1000-eps-converted-to.pdf> <./wrong_pos_100-eps-converted-to.p
df> <./wrong_pos_10-eps-converted-to.pdf> <./wrong_pos_1-eps-converted-to.pdf>]
File: kuleuvenSedes.pdf Graphic file (type pdf)
<use kuleuvenSedes.pdf>
Package pdftex.def Info: kuleuvenSedes.pdf  used on input line 506.
(pdftex.def)             Requested size: 25.00282pt x 42.67912pt.
[14 <./wrong_pos_01-eps-converted-to.pdf> <./wrong_pos_001-eps-converted-to.pdf
> <./wrong_pos_0001-eps-converted-to.pdf>]
Package epstopdf Info: Source file: <../Matlab//pole_placement.eps>
(epstopdf)                    date: 2021-12-22 10:37:20
(epstopdf)                    size: 132827 bytes
(epstopdf)             Output file: <./pole_placement-eps-converted-to.pdf>
(epstopdf)                    date: 2021-12-22 10:37:20
(epstopdf)                    size: 41067 bytes
(epstopdf)             Command: <repstopdf --outfile=./pole_placement-eps-conve
rted-to.pdf ../Matlab//pole_placement.eps>
(epstopdf)             \includegraphics on input line 529.
Package epstopdf Info: Output file is already uptodate.
<./pole_placement-eps-converted-to.pdf, id=541, 377.41pt x 311.1625pt>
File: ./pole_placement-eps-converted-to.pdf Graphic file (type pdf)
<use ./pole_placement-eps-converted-to.pdf>
Package pdftex.def Info: ./pole_placement-eps-converted-to.pdf  used on input l
ine 529.
(pdftex.def)             Requested size: 273.14922pt x 225.20007pt.

Underfull \hbox (badness 10000) in paragraph at lines 521--533

 []


Underfull \hbox (badness 10000) in paragraph at lines 521--533

 []

File: kuleuvenSedes.pdf Graphic file (type pdf)
<use kuleuvenSedes.pdf>
Package pdftex.def Info: kuleuvenSedes.pdf  used on input line 553.
(pdftex.def)             Requested size: 25.00282pt x 42.67912pt.
[15 <./pole_placement-eps-converted-to.pdf>] (./Assignment3.bbl)

AED: lastpage setting LastPage
File: kuleuvenSedes.pdf Graphic file (type pdf)
<use kuleuvenSedes.pdf>
Package pdftex.def Info: kuleuvenSedes.pdf  used on input line 558.
(pdftex.def)             Requested size: 25.00282pt x 42.67912pt.
[16] (./Assignment3.aux)
Package rerunfilecheck Info: File `Assignment3.out' has not changed.
(rerunfilecheck)             Checksum: E33F15332E103AF9D3FB3D22C371EEE9;1286.
 ) 
Here is how much of TeX's memory you used:
 23461 strings out of 479917
 472274 string characters out of 5886666
 786370 words of memory out of 5000000
 39421 multiletter control sequences out of 15000+600000
 552935 words of font info for 72 fonts, out of 8000000 for 9000
 1141 hyphenation exceptions out of 8191
 89i,20n,99p,911b,1101s stack positions out of 5000i,500n,10000p,200000b,80000s
{c:/texlive/2020/texmf-dist/fonts/enc/dvips/cm-super/cm-super-t1.enc}{c:/texl
ive/2020/texmf-dist/fonts/enc/dvips/cm-super/cm-super-ts1.enc}<c:/texlive/2020/
texmf-dist/fonts/type1/public/amsfonts/cm/cmbx10.pfb><c:/texlive/2020/texmf-dis
t/fonts/type1/public/amsfonts/cm/cmex10.pfb><c:/texlive/2020/texmf-dist/fonts/t
ype1/public/amsfonts/cm/cmmi10.pfb><c:/texlive/2020/texmf-dist/fonts/type1/publ
ic/amsfonts/cm/cmmi7.pfb><c:/texlive/2020/texmf-dist/fonts/type1/public/amsfont
s/cm/cmr10.pfb><c:/texlive/2020/texmf-dist/fonts/type1/public/amsfonts/cm/cmr7.
pfb><c:/texlive/2020/texmf-dist/fonts/type1/public/amsfonts/cm/cmsy10.pfb><c:/t
exlive/2020/texmf-dist/fonts/type1/public/amsfonts/cm/cmsy7.pfb><c:/texlive/202
0/texmf-dist/fonts/type1/public/cm-super/sfbx0900.pfb><c:/texlive/2020/texmf-di
st/fonts/type1/public/cm-super/sfbx1000.pfb><c:/texlive/2020/texmf-dist/fonts/t
ype1/public/cm-super/sfbx1200.pfb><c:/texlive/2020/texmf-dist/fonts/type1/publi
c/cm-super/sfbx1440.pfb><c:/texlive/2020/texmf-dist/fonts/type1/public/cm-super
/sfrm0600.pfb><c:/texlive/2020/texmf-dist/fonts/type1/public/cm-super/sfrm0700.
pfb><c:/texlive/2020/texmf-dist/fonts/type1/public/cm-super/sfrm0800.pfb><c:/te
xlive/2020/texmf-dist/fonts/type1/public/cm-super/sfrm0900.pfb><c:/texlive/2020
/texmf-dist/fonts/type1/public/cm-super/sfrm1000.pfb><c:/texlive/2020/texmf-dis
t/fonts/type1/public/cm-super/sfrm1200.pfb><c:/texlive/2020/texmf-dist/fonts/ty
pe1/public/cm-super/sfti1000.pfb><c:/texlive/2020/texmf-dist/fonts/type1/public
/cm-super/sftt0800.pfb><c:/texlive/2020/texmf-dist/fonts/type1/public/cm-super/
sftt1000.pfb>
Output written on Assignment3.pdf (16 pages, 1378240 bytes).
PDF statistics:
 655 PDF objects out of 1000 (max. 8388607)
 469 compressed objects within 5 object streams
 80 named destinations out of 1000 (max. 500000)
 390 words of extra memory for PDF output out of 10000 (max. 10000000)

