This is pdfTeX, Version 3.14159265-2.6-1.40.21 (TeX Live 2020/W32TeX) (preloaded format=pdflatex 2020.10.5)  8 DEC 2021 16:04
entering extended mode
 restricted \write18 enabled.
 %&-line parsing enabled.
**Assignment2.tex
(./Assignment2.tex
LaTeX2e <2020-10-01>
L3 programming layer <2020-09-24> xparse <2020-03-03>
(c:/Users/matth/texmf/tex/latex/kulak/kulakarticle.cls
Document Class: kulakarticle 2016/10/17 Article class for KU Leuven
(c:/texlive/2020/texmf-dist/tex/latex/base/article.cls
Document Class: article 2020/04/10 v1.4m Standard LaTeX document class
(c:/texlive/2020/texmf-dist/tex/latex/base/size10.clo
File: size10.clo 2020/04/10 v1.4m Standard LaTeX file (size option)
)
\c@part=\count175
\c@section=\count176
\c@subsection=\count177
\c@subsubsection=\count178
\c@paragraph=\count179
\c@subparagraph=\count180
\c@figure=\count181
\c@table=\count182
\abovecaptionskip=\skip47
\belowcaptionskip=\skip48
\bibindent=\dimen138
)
(c:/texlive/2020/texmf-dist/tex/latex/base/fontenc.sty
Package: fontenc 2020/08/10 v2.0s Standard LaTeX package
)
(c:/texlive/2020/texmf-dist/tex/latex/hyperref/hyperref.sty
Package: hyperref 2020-05-15 v7.00e Hypertext links for LaTeX

(c:/texlive/2020/texmf-dist/tex/generic/ltxcmds/ltxcmds.sty
Package: ltxcmds 2020-05-10 v1.25 LaTeX kernel commands for general use (HO)
)
(c:/texlive/2020/texmf-dist/tex/generic/iftex/iftex.sty
Package: iftex 2020/03/06 v1.0d TeX engine tests
)
(c:/texlive/2020/texmf-dist/tex/generic/pdftexcmds/pdftexcmds.sty
Package: pdftexcmds 2020-06-27 v0.33 Utility functions of pdfTeX for LuaTeX (HO
)

(c:/texlive/2020/texmf-dist/tex/generic/infwarerr/infwarerr.sty
Package: infwarerr 2019/12/03 v1.5 Providing info/warning/error messages (HO)
)
Package pdftexcmds Info: \pdf@primitive is available.
Package pdftexcmds Info: \pdf@ifprimitive is available.
Package pdftexcmds Info: \pdfdraftmode found.
)
(c:/texlive/2020/texmf-dist/tex/latex/graphics/keyval.sty
Package: keyval 2014/10/28 v1.15 key=value parser (DPC)
\KV@toks@=\toks15
)
(c:/texlive/2020/texmf-dist/tex/generic/kvsetkeys/kvsetkeys.sty
Package: kvsetkeys 2019/12/15 v1.18 Key value parser (HO)
)
(c:/texlive/2020/texmf-dist/tex/generic/kvdefinekeys/kvdefinekeys.sty
Package: kvdefinekeys 2019-12-19 v1.6 Define keys (HO)
)
(c:/texlive/2020/texmf-dist/tex/generic/pdfescape/pdfescape.sty
Package: pdfescape 2019/12/09 v1.15 Implements pdfTeX's escape features (HO)
)
(c:/texlive/2020/texmf-dist/tex/latex/hycolor/hycolor.sty
Package: hycolor 2020-01-27 v1.10 Color options for hyperref/bookmark (HO)
)
(c:/texlive/2020/texmf-dist/tex/latex/letltxmacro/letltxmacro.sty
Package: letltxmacro 2019/12/03 v1.6 Let assignment for LaTeX macros (HO)
)
(c:/texlive/2020/texmf-dist/tex/latex/auxhook/auxhook.sty
Package: auxhook 2019-12-17 v1.6 Hooks for auxiliary files (HO)
)
(c:/texlive/2020/texmf-dist/tex/latex/kvoptions/kvoptions.sty
Package: kvoptions 2019/11/29 v3.13 Key value format for package options (HO)
)
\@linkdim=\dimen139
\Hy@linkcounter=\count183
\Hy@pagecounter=\count184

(c:/texlive/2020/texmf-dist/tex/latex/hyperref/pd1enc.def
File: pd1enc.def 2020-05-15 v7.00e Hyperref: PDFDocEncoding definition (HO)
Now handling font encoding PD1 ...
... no UTF-8 mapping file for font encoding PD1
)
(c:/texlive/2020/texmf-dist/tex/generic/intcalc/intcalc.sty
Package: intcalc 2019/12/15 v1.3 Expandable calculations with integers (HO)
)
(c:/texlive/2020/texmf-dist/tex/generic/etexcmds/etexcmds.sty
Package: etexcmds 2019/12/15 v1.7 Avoid name clashes with e-TeX commands (HO)
)
\Hy@SavedSpaceFactor=\count185
Package hyperref Info: Hyper figures OFF on input line 4464.
Package hyperref Info: Link nesting OFF on input line 4469.
Package hyperref Info: Hyper index ON on input line 4472.
Package hyperref Info: Plain pages OFF on input line 4479.
Package hyperref Info: Backreferencing OFF on input line 4484.
Package hyperref Info: Implicit mode ON; LaTeX internals redefined.
Package hyperref Info: Bookmarks ON on input line 4717.
\c@Hy@tempcnt=\count186

(c:/texlive/2020/texmf-dist/tex/latex/url/url.sty
\Urlmuskip=\muskip16
Package: url 2013/09/16  ver 3.4  Verb mode for urls, etc.
)
LaTeX Info: Redefining \url on input line 5076.
\XeTeXLinkMargin=\dimen140

(c:/texlive/2020/texmf-dist/tex/generic/bitset/bitset.sty
Package: bitset 2019/12/09 v1.3 Handle bit-vector datatype (HO)

(c:/texlive/2020/texmf-dist/tex/generic/bigintcalc/bigintcalc.sty
Package: bigintcalc 2019/12/15 v1.5 Expandable calculations on big integers (HO
)
))
\Fld@menulength=\count187
\Field@Width=\dimen141
\Fld@charsize=\dimen142
Package hyperref Info: Hyper figures OFF on input line 6347.
Package hyperref Info: Link nesting OFF on input line 6352.
Package hyperref Info: Hyper index ON on input line 6355.
Package hyperref Info: backreferencing OFF on input line 6362.
Package hyperref Info: Link coloring OFF on input line 6367.
Package hyperref Info: Link coloring with OCG OFF on input line 6372.
Package hyperref Info: PDF/A mode OFF on input line 6377.
LaTeX Info: Redefining \ref on input line 6417.
LaTeX Info: Redefining \pageref on input line 6421.

(c:/texlive/2020/texmf-dist/tex/latex/base/atbegshi-ltx.sty
Package: atbegshi-ltx 2020/08/17 v1.0a Emulation of the original atbegshi packa
ge
with kernel methods
)
\Hy@abspage=\count188
\c@Item=\count189
\c@Hfootnote=\count190
)
Package hyperref Info: Driver (autodetected): hpdftex.

(c:/texlive/2020/texmf-dist/tex/latex/hyperref/hpdftex.def
File: hpdftex.def 2020-05-15 v7.00e Hyperref driver for pdfTeX

(c:/texlive/2020/texmf-dist/tex/latex/base/atveryend-ltx.sty
Package: atveryend-ltx 2020/08/19 v1.0a Emulation of the original atvery packag
e
with kernel methods
)
\Fld@listcount=\count191
\c@bookmark@seq@number=\count192

(c:/texlive/2020/texmf-dist/tex/latex/rerunfilecheck/rerunfilecheck.sty
Package: rerunfilecheck 2019/12/05 v1.9 Rerun checks for auxiliary files (HO)

(c:/texlive/2020/texmf-dist/tex/generic/uniquecounter/uniquecounter.sty
Package: uniquecounter 2019/12/15 v1.4 Provide unlimited unique counter (HO)
)
Package uniquecounter Info: New unique counter `rerunfilecheck' on input line 2
86.
)
\Hy@SectionHShift=\skip49
)
(c:/texlive/2020/texmf-dist/tex/latex/titling/titling.sty
Package: titling 2009/09/04 v2.1d maketitle typesetting
\thanksmarkwidth=\skip50
\thanksmargin=\skip51
\droptitle=\skip52
)
(c:/texlive/2020/texmf-dist/tex/latex/tools/multicol.sty
Package: multicol 2019/12/09 v1.8y multicolumn formatting (FMi)
\c@tracingmulticols=\count193
\mult@box=\box47
\multicol@leftmargin=\dimen143
\c@unbalance=\count194
\c@collectmore=\count195
\doublecol@number=\count196
\multicoltolerance=\count197
\multicolpretolerance=\count198
\full@width=\dimen144
\page@free=\dimen145
\premulticols=\dimen146
\postmulticols=\dimen147
\multicolsep=\skip53
\multicolbaselineskip=\skip54
\partial@page=\box48
\last@line=\box49
\maxbalancingoverflow=\dimen148
\mult@rightbox=\box50
\mult@grightbox=\box51
\mult@gfirstbox=\box52
\mult@firstbox=\box53
\@tempa=\box54
\@tempa=\box55
\@tempa=\box56
\@tempa=\box57
\@tempa=\box58
\@tempa=\box59
\@tempa=\box60
\@tempa=\box61
\@tempa=\box62
\@tempa=\box63
\@tempa=\box64
\@tempa=\box65
\@tempa=\box66
\@tempa=\box67
\@tempa=\box68
\@tempa=\box69
\@tempa=\box70
\@tempa=\box71
\@tempa=\box72
\@tempa=\box73
\@tempa=\box74
\@tempa=\box75
\@tempa=\box76
\@tempa=\box77
\@tempa=\box78
\@tempa=\box79
\@tempa=\box80
\@tempa=\box81
\@tempa=\box82
\@tempa=\box83
\@tempa=\box84
\@tempa=\box85
\@tempa=\box86
\@tempa=\box87
\@tempa=\box88
\@tempa=\box89
\@tempa=\box90
\c@minrows=\count199
\c@columnbadness=\count266
\c@finalcolumnbadness=\count267
\last@try=\dimen149
\multicolovershoot=\dimen150
\multicolundershoot=\dimen151
\mult@nat@firstbox=\box91
\colbreak@box=\box92
\mc@col@check@num=\count268
)
(c:/texlive/2020/texmf-dist/tex/latex/graphics/graphicx.sty
Package: graphicx 2020/09/09 v1.2b Enhanced LaTeX Graphics (DPC,SPQR)

(c:/texlive/2020/texmf-dist/tex/latex/graphics/graphics.sty
Package: graphics 2020/08/30 v1.4c Standard LaTeX Graphics (DPC,SPQR)

(c:/texlive/2020/texmf-dist/tex/latex/graphics/trig.sty
Package: trig 2016/01/03 v1.10 sin cos tan (DPC)
)
(c:/texlive/2020/texmf-dist/tex/latex/graphics-cfg/graphics.cfg
File: graphics.cfg 2016/06/04 v1.11 sample graphics configuration
)
Package graphics Info: Driver file: pdftex.def on input line 105.

(c:/texlive/2020/texmf-dist/tex/latex/graphics-def/pdftex.def
File: pdftex.def 2020/08/26 v1.2 Graphics/color driver for pdftex
))
\Gin@req@height=\dimen152
\Gin@req@width=\dimen153
)
(c:/texlive/2020/texmf-dist/tex/latex/xcolor/xcolor.sty
Package: xcolor 2016/05/11 v2.12 LaTeX color extensions (UK)

(c:/texlive/2020/texmf-dist/tex/latex/graphics-cfg/color.cfg
File: color.cfg 2016/01/02 v1.6 sample color configuration
)
Package xcolor Info: Driver file: pdftex.def on input line 225.
Package xcolor Info: Model `cmy' substituted by `cmy0' on input line 1348.
Package xcolor Info: Model `hsb' substituted by `rgb' on input line 1352.
Package xcolor Info: Model `RGB' extended on input line 1364.
Package xcolor Info: Model `HTML' substituted by `rgb' on input line 1366.
Package xcolor Info: Model `Hsb' substituted by `hsb' on input line 1367.
Package xcolor Info: Model `tHsb' substituted by `hsb' on input line 1368.
Package xcolor Info: Model `HSB' substituted by `hsb' on input line 1369.
Package xcolor Info: Model `Gray' substituted by `gray' on input line 1370.
Package xcolor Info: Model `wave' substituted by `hsb' on input line 1371.
)
(c:/texlive/2020/texmf-dist/tex/latex/lastpage/lastpage.sty
Package: lastpage 2015/03/29 v1.2m Refers to last page's name (HMM; JPG)
)
(c:/texlive/2020/texmf-dist/tex/latex/pgf/frontendlayer/tikz.sty
(c:/texlive/2020/texmf-dist/tex/latex/pgf/basiclayer/pgf.sty
(c:/texlive/2020/texmf-dist/tex/latex/pgf/utilities/pgfrcs.sty
(c:/texlive/2020/texmf-dist/tex/generic/pgf/utilities/pgfutil-common.tex
\pgfutil@everybye=\toks16
\pgfutil@tempdima=\dimen154
\pgfutil@tempdimb=\dimen155

(c:/texlive/2020/texmf-dist/tex/generic/pgf/utilities/pgfutil-common-lists.tex)
) (c:/texlive/2020/texmf-dist/tex/generic/pgf/utilities/pgfutil-latex.def
\pgfutil@abb=\box93
)
(c:/texlive/2020/texmf-dist/tex/generic/pgf/utilities/pgfrcs.code.tex
(c:/texlive/2020/texmf-dist/tex/generic/pgf/pgf.revision.tex)
Package: pgfrcs 2020/10/01 v3.1.6a (3.1.6a)
))
Package: pgf 2020/10/01 v3.1.6a (3.1.6a)

(c:/texlive/2020/texmf-dist/tex/latex/pgf/basiclayer/pgfcore.sty
(c:/texlive/2020/texmf-dist/tex/latex/pgf/systemlayer/pgfsys.sty
(c:/texlive/2020/texmf-dist/tex/generic/pgf/systemlayer/pgfsys.code.tex
Package: pgfsys 2020/10/01 v3.1.6a (3.1.6a)

(c:/texlive/2020/texmf-dist/tex/generic/pgf/utilities/pgfkeys.code.tex
\pgfkeys@pathtoks=\toks17
\pgfkeys@temptoks=\toks18

(c:/texlive/2020/texmf-dist/tex/generic/pgf/utilities/pgfkeysfiltered.code.tex
\pgfkeys@tmptoks=\toks19
))
\pgf@x=\dimen156
\pgf@y=\dimen157
\pgf@xa=\dimen158
\pgf@ya=\dimen159
\pgf@xb=\dimen160
\pgf@yb=\dimen161
\pgf@xc=\dimen162
\pgf@yc=\dimen163
\pgf@xd=\dimen164
\pgf@yd=\dimen165
\w@pgf@writea=\write3
\r@pgf@reada=\read2
\c@pgf@counta=\count269
\c@pgf@countb=\count270
\c@pgf@countc=\count271
\c@pgf@countd=\count272
\t@pgf@toka=\toks20
\t@pgf@tokb=\toks21
\t@pgf@tokc=\toks22
\pgf@sys@id@count=\count273
 (c:/texlive/2020/texmf-dist/tex/generic/pgf/systemlayer/pgf.cfg
File: pgf.cfg 2020/10/01 v3.1.6a (3.1.6a)
)
Driver file for pgf: pgfsys-pdftex.def

(c:/texlive/2020/texmf-dist/tex/generic/pgf/systemlayer/pgfsys-pdftex.def
File: pgfsys-pdftex.def 2020/10/01 v3.1.6a (3.1.6a)

(c:/texlive/2020/texmf-dist/tex/generic/pgf/systemlayer/pgfsys-common-pdf.def
File: pgfsys-common-pdf.def 2020/10/01 v3.1.6a (3.1.6a)
)))
(c:/texlive/2020/texmf-dist/tex/generic/pgf/systemlayer/pgfsyssoftpath.code.tex
File: pgfsyssoftpath.code.tex 2020/10/01 v3.1.6a (3.1.6a)
\pgfsyssoftpath@smallbuffer@items=\count274
\pgfsyssoftpath@bigbuffer@items=\count275
)
(c:/texlive/2020/texmf-dist/tex/generic/pgf/systemlayer/pgfsysprotocol.code.tex
File: pgfsysprotocol.code.tex 2020/10/01 v3.1.6a (3.1.6a)
)) (c:/texlive/2020/texmf-dist/tex/generic/pgf/basiclayer/pgfcore.code.tex
Package: pgfcore 2020/10/01 v3.1.6a (3.1.6a)

(c:/texlive/2020/texmf-dist/tex/generic/pgf/math/pgfmath.code.tex
(c:/texlive/2020/texmf-dist/tex/generic/pgf/math/pgfmathcalc.code.tex
(c:/texlive/2020/texmf-dist/tex/generic/pgf/math/pgfmathutil.code.tex)
(c:/texlive/2020/texmf-dist/tex/generic/pgf/math/pgfmathparser.code.tex
\pgfmath@dimen=\dimen166
\pgfmath@count=\count276
\pgfmath@box=\box94
\pgfmath@toks=\toks23
\pgfmath@stack@operand=\toks24
\pgfmath@stack@operation=\toks25
)
(c:/texlive/2020/texmf-dist/tex/generic/pgf/math/pgfmathfunctions.code.tex
(c:/texlive/2020/texmf-dist/tex/generic/pgf/math/pgfmathfunctions.basic.code.te
x)
(c:/texlive/2020/texmf-dist/tex/generic/pgf/math/pgfmathfunctions.trigonometric
.code.tex)
(c:/texlive/2020/texmf-dist/tex/generic/pgf/math/pgfmathfunctions.random.code.t
ex)
(c:/texlive/2020/texmf-dist/tex/generic/pgf/math/pgfmathfunctions.comparison.co
de.tex)
(c:/texlive/2020/texmf-dist/tex/generic/pgf/math/pgfmathfunctions.base.code.tex
)
(c:/texlive/2020/texmf-dist/tex/generic/pgf/math/pgfmathfunctions.round.code.te
x)
(c:/texlive/2020/texmf-dist/tex/generic/pgf/math/pgfmathfunctions.misc.code.tex
)
(c:/texlive/2020/texmf-dist/tex/generic/pgf/math/pgfmathfunctions.integerarithm
etics.code.tex)))
(c:/texlive/2020/texmf-dist/tex/generic/pgf/math/pgfmathfloat.code.tex
\c@pgfmathroundto@lastzeros=\count277
))
(c:/texlive/2020/texmf-dist/tex/generic/pgf/math/pgfint.code.tex)
(c:/texlive/2020/texmf-dist/tex/generic/pgf/basiclayer/pgfcorepoints.code.tex
File: pgfcorepoints.code.tex 2020/10/01 v3.1.6a (3.1.6a)
\pgf@picminx=\dimen167
\pgf@picmaxx=\dimen168
\pgf@picminy=\dimen169
\pgf@picmaxy=\dimen170
\pgf@pathminx=\dimen171
\pgf@pathmaxx=\dimen172
\pgf@pathminy=\dimen173
\pgf@pathmaxy=\dimen174
\pgf@xx=\dimen175
\pgf@xy=\dimen176
\pgf@yx=\dimen177
\pgf@yy=\dimen178
\pgf@zx=\dimen179
\pgf@zy=\dimen180
)
(c:/texlive/2020/texmf-dist/tex/generic/pgf/basiclayer/pgfcorepathconstruct.cod
e.tex
File: pgfcorepathconstruct.code.tex 2020/10/01 v3.1.6a (3.1.6a)
\pgf@path@lastx=\dimen181
\pgf@path@lasty=\dimen182
)
(c:/texlive/2020/texmf-dist/tex/generic/pgf/basiclayer/pgfcorepathusage.code.te
x
File: pgfcorepathusage.code.tex 2020/10/01 v3.1.6a (3.1.6a)
\pgf@shorten@end@additional=\dimen183
\pgf@shorten@start@additional=\dimen184
)
(c:/texlive/2020/texmf-dist/tex/generic/pgf/basiclayer/pgfcorescopes.code.tex
File: pgfcorescopes.code.tex 2020/10/01 v3.1.6a (3.1.6a)
\pgfpic=\box95
\pgf@hbox=\box96
\pgf@layerbox@main=\box97
\pgf@picture@serial@count=\count278
)
(c:/texlive/2020/texmf-dist/tex/generic/pgf/basiclayer/pgfcoregraphicstate.code
.tex
File: pgfcoregraphicstate.code.tex 2020/10/01 v3.1.6a (3.1.6a)
\pgflinewidth=\dimen185
)
(c:/texlive/2020/texmf-dist/tex/generic/pgf/basiclayer/pgfcoretransformations.c
ode.tex
File: pgfcoretransformations.code.tex 2020/10/01 v3.1.6a (3.1.6a)
\pgf@pt@x=\dimen186
\pgf@pt@y=\dimen187
\pgf@pt@temp=\dimen188
)
(c:/texlive/2020/texmf-dist/tex/generic/pgf/basiclayer/pgfcorequick.code.tex
File: pgfcorequick.code.tex 2020/10/01 v3.1.6a (3.1.6a)
)
(c:/texlive/2020/texmf-dist/tex/generic/pgf/basiclayer/pgfcoreobjects.code.tex
File: pgfcoreobjects.code.tex 2020/10/01 v3.1.6a (3.1.6a)
)
(c:/texlive/2020/texmf-dist/tex/generic/pgf/basiclayer/pgfcorepathprocessing.co
de.tex
File: pgfcorepathprocessing.code.tex 2020/10/01 v3.1.6a (3.1.6a)
)
(c:/texlive/2020/texmf-dist/tex/generic/pgf/basiclayer/pgfcorearrows.code.tex
File: pgfcorearrows.code.tex 2020/10/01 v3.1.6a (3.1.6a)
\pgfarrowsep=\dimen189
)
(c:/texlive/2020/texmf-dist/tex/generic/pgf/basiclayer/pgfcoreshade.code.tex
File: pgfcoreshade.code.tex 2020/10/01 v3.1.6a (3.1.6a)
\pgf@max=\dimen190
\pgf@sys@shading@range@num=\count279
\pgf@shadingcount=\count280
)
(c:/texlive/2020/texmf-dist/tex/generic/pgf/basiclayer/pgfcoreimage.code.tex
File: pgfcoreimage.code.tex 2020/10/01 v3.1.6a (3.1.6a)

(c:/texlive/2020/texmf-dist/tex/generic/pgf/basiclayer/pgfcoreexternal.code.tex
File: pgfcoreexternal.code.tex 2020/10/01 v3.1.6a (3.1.6a)
\pgfexternal@startupbox=\box98
))
(c:/texlive/2020/texmf-dist/tex/generic/pgf/basiclayer/pgfcorelayers.code.tex
File: pgfcorelayers.code.tex 2020/10/01 v3.1.6a (3.1.6a)
)
(c:/texlive/2020/texmf-dist/tex/generic/pgf/basiclayer/pgfcoretransparency.code
.tex
File: pgfcoretransparency.code.tex 2020/10/01 v3.1.6a (3.1.6a)
)
(c:/texlive/2020/texmf-dist/tex/generic/pgf/basiclayer/pgfcorepatterns.code.tex
File: pgfcorepatterns.code.tex 2020/10/01 v3.1.6a (3.1.6a)
) (c:/texlive/2020/texmf-dist/tex/generic/pgf/basiclayer/pgfcorerdf.code.tex
File: pgfcorerdf.code.tex 2020/10/01 v3.1.6a (3.1.6a)
))) (c:/texlive/2020/texmf-dist/tex/generic/pgf/modules/pgfmoduleshapes.code.te
x
File: pgfmoduleshapes.code.tex 2020/10/01 v3.1.6a (3.1.6a)
\pgfnodeparttextbox=\box99
)
(c:/texlive/2020/texmf-dist/tex/generic/pgf/modules/pgfmoduleplot.code.tex
File: pgfmoduleplot.code.tex 2020/10/01 v3.1.6a (3.1.6a)
)
(c:/texlive/2020/texmf-dist/tex/latex/pgf/compatibility/pgfcomp-version-0-65.st
y
Package: pgfcomp-version-0-65 2020/10/01 v3.1.6a (3.1.6a)
\pgf@nodesepstart=\dimen191
\pgf@nodesepend=\dimen192
)
(c:/texlive/2020/texmf-dist/tex/latex/pgf/compatibility/pgfcomp-version-1-18.st
y
Package: pgfcomp-version-1-18 2020/10/01 v3.1.6a (3.1.6a)
)) (c:/texlive/2020/texmf-dist/tex/latex/pgf/utilities/pgffor.sty
(c:/texlive/2020/texmf-dist/tex/latex/pgf/utilities/pgfkeys.sty
(c:/texlive/2020/texmf-dist/tex/generic/pgf/utilities/pgfkeys.code.tex))
(c:/texlive/2020/texmf-dist/tex/latex/pgf/math/pgfmath.sty
(c:/texlive/2020/texmf-dist/tex/generic/pgf/math/pgfmath.code.tex))
(c:/texlive/2020/texmf-dist/tex/generic/pgf/utilities/pgffor.code.tex
Package: pgffor 2020/10/01 v3.1.6a (3.1.6a)

(c:/texlive/2020/texmf-dist/tex/generic/pgf/math/pgfmath.code.tex)
\pgffor@iter=\dimen193
\pgffor@skip=\dimen194
\pgffor@stack=\toks26
\pgffor@toks=\toks27
))
(c:/texlive/2020/texmf-dist/tex/generic/pgf/frontendlayer/tikz/tikz.code.tex
Package: tikz 2020/10/01 v3.1.6a (3.1.6a)

(c:/texlive/2020/texmf-dist/tex/generic/pgf/libraries/pgflibraryplothandlers.co
de.tex
File: pgflibraryplothandlers.code.tex 2020/10/01 v3.1.6a (3.1.6a)
\pgf@plot@mark@count=\count281
\pgfplotmarksize=\dimen195
)
\tikz@lastx=\dimen196
\tikz@lasty=\dimen197
\tikz@lastxsaved=\dimen198
\tikz@lastysaved=\dimen199
\tikz@lastmovetox=\dimen256
\tikz@lastmovetoy=\dimen257
\tikzleveldistance=\dimen258
\tikzsiblingdistance=\dimen259
\tikz@figbox=\box100
\tikz@figbox@bg=\box101
\tikz@tempbox=\box102
\tikz@tempbox@bg=\box103
\tikztreelevel=\count282
\tikznumberofchildren=\count283
\tikznumberofcurrentchild=\count284
\tikz@fig@count=\count285

(c:/texlive/2020/texmf-dist/tex/generic/pgf/modules/pgfmodulematrix.code.tex
File: pgfmodulematrix.code.tex 2020/10/01 v3.1.6a (3.1.6a)
\pgfmatrixcurrentrow=\count286
\pgfmatrixcurrentcolumn=\count287
\pgf@matrix@numberofcolumns=\count288
)
\tikz@expandcount=\count289

(c:/texlive/2020/texmf-dist/tex/generic/pgf/frontendlayer/tikz/libraries/tikzli
brarytopaths.code.tex
File: tikzlibrarytopaths.code.tex 2020/10/01 v3.1.6a (3.1.6a)
)))
(c:/texlive/2020/texmf-dist/tex/generic/pgf/frontendlayer/tikz/libraries/tikzli
braryarrows.code.tex
File: tikzlibraryarrows.code.tex 2020/10/01 v3.1.6a (3.1.6a)

(c:/texlive/2020/texmf-dist/tex/generic/pgf/libraries/pgflibraryarrows.code.tex
File: pgflibraryarrows.code.tex 2020/10/01 v3.1.6a (3.1.6a)
\arrowsize=\dimen260
))
(c:/texlive/2020/texmf-dist/tex/generic/pgf/frontendlayer/tikz/libraries/tikzli
brarydecorations.pathmorphing.code.tex
(c:/texlive/2020/texmf-dist/tex/generic/pgf/frontendlayer/tikz/libraries/tikzli
brarydecorations.code.tex
(c:/texlive/2020/texmf-dist/tex/generic/pgf/modules/pgfmoduledecorations.code.t
ex
\pgfdecoratedcompleteddistance=\dimen261
\pgfdecoratedremainingdistance=\dimen262
\pgfdecoratedinputsegmentcompleteddistance=\dimen263
\pgfdecoratedinputsegmentremainingdistance=\dimen264
\pgf@decorate@distancetomove=\dimen265
\pgf@decorate@repeatstate=\count290
\pgfdecorationsegmentamplitude=\dimen266
\pgfdecorationsegmentlength=\dimen267
)
\tikz@lib@dec@box=\box104
)
(c:/texlive/2020/texmf-dist/tex/generic/pgf/libraries/decorations/pgflibrarydec
orations.pathmorphing.code.tex))
(c:/texlive/2020/texmf-dist/tex/generic/pgf/frontendlayer/tikz/libraries/tikzli
brarybackgrounds.code.tex
File: tikzlibrarybackgrounds.code.tex 2020/10/01 v3.1.6a (3.1.6a)
\pgf@layerbox@background=\box105
\pgf@layerboxsaved@background=\box106
)
(c:/texlive/2020/texmf-dist/tex/generic/pgf/frontendlayer/tikz/libraries/tikzli
braryfit.code.tex
File: tikzlibraryfit.code.tex 2020/10/01 v3.1.6a (3.1.6a)
)
(c:/texlive/2020/texmf-dist/tex/generic/pgf/frontendlayer/tikz/libraries/tikzli
braryshadows.code.tex
File: tikzlibraryshadows.code.tex 2020/10/01 v3.1.6a (3.1.6a)

(c:/texlive/2020/texmf-dist/tex/generic/pgf/frontendlayer/tikz/libraries/tikzli
braryfadings.code.tex
File: tikzlibraryfadings.code.tex 2020/10/01 v3.1.6a (3.1.6a)

(c:/texlive/2020/texmf-dist/tex/generic/pgf/libraries/pgflibraryfadings.code.te
x
File: pgflibraryfadings.code.tex 2020/10/01 v3.1.6a (3.1.6a)
)))
(c:/texlive/2020/texmf-dist/tex/generic/pgf/frontendlayer/tikz/libraries/tikzli
brarypositioning.code.tex
File: tikzlibrarypositioning.code.tex 2020/10/01 v3.1.6a (3.1.6a)
)
(c:/texlive/2020/texmf-dist/tex/latex/fancyhdr/fancyhdr.sty
Package: fancyhdr 2019/01/31 v3.10 Extensive control of page headers and footer
s
\f@nch@headwidth=\skip55
\f@nch@O@elh=\skip56
\f@nch@O@erh=\skip57
\f@nch@O@olh=\skip58
\f@nch@O@orh=\skip59
\f@nch@O@elf=\skip60
\f@nch@O@erf=\skip61
\f@nch@O@olf=\skip62
\f@nch@O@orf=\skip63
))
(c:/texlive/2020/texmf-dist/tex/latex/base/inputenc.sty
Package: inputenc 2020/08/01 v1.3d Input encoding file
\inpenc@prehook=\toks28
\inpenc@posthook=\toks29
)
(c:/texlive/2020/texmf-dist/tex/generic/babel/babel.sty
Package: babel 2020/10/03 3.49 The Babel package

(c:/texlive/2020/texmf-dist/tex/generic/babel/babel.def
File: babel.def 2020/10/03 3.49 Babel common definitions
\babel@savecnt=\count291
\U@D=\dimen268
\l@babelnohyphens=\language86

(c:/texlive/2020/texmf-dist/tex/generic/babel/txtbabel.def)
\bbl@readstream=\read3
)
\bbl@dirlevel=\count292

(c:/texlive/2020/texmf-dist/tex/generic/babel-english/english.ldf
Language: english 2017/06/06 v3.3r English support from the babel system
Package babel Info: \l@canadian = using hyphenrules for english
(babel)             (\language0) on input line 102.
Package babel Info: \l@australian = using hyphenrules for ukenglish
(babel)             (\language21) on input line 105.
Package babel Info: \l@newzealand = using hyphenrules for ukenglish
(babel)             (\language21) on input line 108.
))
(c:/texlive/2020/texmf-dist/tex/latex/caption/subcaption.sty
Package: subcaption 2020/08/23 v1.3g Sub-captions (AR)

(c:/texlive/2020/texmf-dist/tex/latex/caption/caption.sty
Package: caption 2020/09/12 v3.5b Customizing captions (AR)

(c:/texlive/2020/texmf-dist/tex/latex/caption/caption3.sty
Package: caption3 2020/09/17 v2.1b caption3 kernel (AR)
\captionmargin=\dimen269
\captionmargin@=\dimen270
\captionwidth=\dimen271
\caption@tempdima=\dimen272
\caption@indent=\dimen273
\caption@parindent=\dimen274
\caption@hangindent=\dimen275
Package caption Info: Standard document class detected.
)
\c@caption@flags=\count293
\c@continuedfloat=\count294
Package caption Info: hyperref package is loaded.
)
\c@subfigure=\count295
\c@subtable=\count296
)
\twosubht=\skip64
\twosubbox=\box107

(c:/texlive/2020/texmf-dist/tex/latex/epstopdf-pkg/epstopdf.sty
Package: epstopdf 2020-01-24 v2.11 Conversion with epstopdf on the fly (HO)

(c:/texlive/2020/texmf-dist/tex/latex/grfext/grfext.sty
Package: grfext 2019/12/03 v1.3 Manage graphics extensions (HO)
)
(c:/texlive/2020/texmf-dist/tex/latex/epstopdf-pkg/epstopdf-base.sty
Package: epstopdf-base 2020-01-24 v2.11 Base part for package epstopdf
Package epstopdf-base Info: Redefining graphics rule for `.eps' on input line 4
85.
Package grfext Info: Graphics extension search list:
(grfext)             [.pdf,.png,.jpg,.mps,.jpeg,.jbig2,.jb2,.PDF,.PNG,.JPG,.JPE
G,.JBIG2,.JB2,.eps]
(grfext)             \AppendGraphicsExtensions on input line 504.

(c:/texlive/2020/texmf-dist/tex/latex/latexconfig/epstopdf-sys.cfg
File: epstopdf-sys.cfg 2010/07/13 v1.3 Configuration of (r)epstopdf for TeX Liv
e
)))
(c:/texlive/2020/texmf-dist/tex/generic/pgf/frontendlayer/tikz/libraries/tikzli
braryshapes.code.tex
File: tikzlibraryshapes.code.tex 2020/10/01 v3.1.6a (3.1.6a)

(c:/texlive/2020/texmf-dist/tex/generic/pgf/frontendlayer/tikz/libraries/tikzli
braryshapes.geometric.code.tex
File: tikzlibraryshapes.geometric.code.tex 2020/10/01 v3.1.6a (3.1.6a)

(c:/texlive/2020/texmf-dist/tex/generic/pgf/libraries/shapes/pgflibraryshapes.g
eometric.code.tex
File: pgflibraryshapes.geometric.code.tex 2020/10/01 v3.1.6a (3.1.6a)
))
(c:/texlive/2020/texmf-dist/tex/generic/pgf/frontendlayer/tikz/libraries/tikzli
braryshapes.misc.code.tex
File: tikzlibraryshapes.misc.code.tex 2020/10/01 v3.1.6a (3.1.6a)

(c:/texlive/2020/texmf-dist/tex/generic/pgf/libraries/shapes/pgflibraryshapes.m
isc.code.tex
File: pgflibraryshapes.misc.code.tex 2020/10/01 v3.1.6a (3.1.6a)
))
(c:/texlive/2020/texmf-dist/tex/generic/pgf/frontendlayer/tikz/libraries/tikzli
braryshapes.symbols.code.tex
File: tikzlibraryshapes.symbols.code.tex 2020/10/01 v3.1.6a (3.1.6a)

(c:/texlive/2020/texmf-dist/tex/generic/pgf/libraries/shapes/pgflibraryshapes.s
ymbols.code.tex
File: pgflibraryshapes.symbols.code.tex 2020/10/01 v3.1.6a (3.1.6a)
))
(c:/texlive/2020/texmf-dist/tex/generic/pgf/frontendlayer/tikz/libraries/tikzli
braryshapes.arrows.code.tex
File: tikzlibraryshapes.arrows.code.tex 2020/10/01 v3.1.6a (3.1.6a)

(c:/texlive/2020/texmf-dist/tex/generic/pgf/libraries/shapes/pgflibraryshapes.a
rrows.code.tex
File: pgflibraryshapes.arrows.code.tex 2020/10/01 v3.1.6a (3.1.6a)
))
(c:/texlive/2020/texmf-dist/tex/generic/pgf/frontendlayer/tikz/libraries/tikzli
braryshapes.callouts.code.tex
(c:/texlive/2020/texmf-dist/tex/generic/pgf/libraries/shapes/pgflibraryshapes.c
allouts.code.tex))
(c:/texlive/2020/texmf-dist/tex/generic/pgf/frontendlayer/tikz/libraries/tikzli
braryshapes.multipart.code.tex
File: tikzlibraryshapes.multipart.code.tex 2020/10/01 v3.1.6a (3.1.6a)

(c:/texlive/2020/texmf-dist/tex/generic/pgf/libraries/shapes/pgflibraryshapes.m
ultipart.code.tex
File: pgflibraryshapes.multipart.code.tex 2020/10/01 v3.1.6a (3.1.6a)
\pgfnodepartlowerbox=\box108
\pgfnodeparttwobox=\box109
\pgfnodepartthreebox=\box110
\pgfnodepartfourbox=\box111
\pgfnodeparttwentybox=\box112
\pgfnodepartnineteenbox=\box113
\pgfnodeparteighteenbox=\box114
\pgfnodepartseventeenbox=\box115
\pgfnodepartsixteenbox=\box116
\pgfnodepartfifteenbox=\box117
\pgfnodepartfourteenbox=\box118
\pgfnodepartthirteenbox=\box119
\pgfnodeparttwelvebox=\box120
\pgfnodepartelevenbox=\box121
\pgfnodeparttenbox=\box122
\pgfnodepartninebox=\box123
\pgfnodeparteightbox=\box124
\pgfnodepartsevenbox=\box125
\pgfnodepartsixbox=\box126
\pgfnodepartfivebox=\box127
))) (c:/texlive/2020/texmf-dist/tex/latex/tools/verbatim.sty
Package: verbatim 2020-07-07 v1.5u LaTeX2e package for verbatim enhancements
\every@verbatim=\toks30
\verbatim@line=\toks31
\verbatim@in@stream=\read4
)
(c:/texlive/2020/texmf-dist/tex/latex/amsmath/amsmath.sty
Package: amsmath 2020/09/23 v2.17i AMS math features
\@mathmargin=\skip65

For additional information on amsmath, use the `?' option.
(c:/texlive/2020/texmf-dist/tex/latex/amsmath/amstext.sty
Package: amstext 2000/06/29 v2.01 AMS text

(c:/texlive/2020/texmf-dist/tex/latex/amsmath/amsgen.sty
File: amsgen.sty 1999/11/30 v2.0 generic functions
\@emptytoks=\toks32
\ex@=\dimen276
))
(c:/texlive/2020/texmf-dist/tex/latex/amsmath/amsbsy.sty
Package: amsbsy 1999/11/29 v1.2d Bold Symbols
\pmbraise@=\dimen277
)
(c:/texlive/2020/texmf-dist/tex/latex/amsmath/amsopn.sty
Package: amsopn 2016/03/08 v2.02 operator names
)
\inf@bad=\count297
LaTeX Info: Redefining \frac on input line 234.
\uproot@=\count298
\leftroot@=\count299
LaTeX Info: Redefining \overline on input line 399.
\classnum@=\count300
\DOTSCASE@=\count301
LaTeX Info: Redefining \ldots on input line 496.
LaTeX Info: Redefining \dots on input line 499.
LaTeX Info: Redefining \cdots on input line 620.
\Mathstrutbox@=\box128
\strutbox@=\box129
\big@size=\dimen278
LaTeX Font Info:    Redeclaring font encoding OML on input line 743.
LaTeX Font Info:    Redeclaring font encoding OMS on input line 744.
\macc@depth=\count302
\c@MaxMatrixCols=\count303
\dotsspace@=\muskip17
\c@parentequation=\count304
\dspbrk@lvl=\count305
\tag@help=\toks33
\row@=\count306
\column@=\count307
\maxfields@=\count308
\andhelp@=\toks34
\eqnshift@=\dimen279
\alignsep@=\dimen280
\tagshift@=\dimen281
\tagwidth@=\dimen282
\totwidth@=\dimen283
\lineht@=\dimen284
\@envbody=\toks35
\multlinegap=\skip66
\multlinetaggap=\skip67
\mathdisplay@stack=\toks36
LaTeX Info: Redefining \[ on input line 2923.
LaTeX Info: Redefining \] on input line 2924.
)
(c:/texlive/2020/texmf-dist/tex/latex/siunitx/siunitx.sty
(c:/texlive/2020/texmf-dist/tex/latex/l3kernel/expl3.sty
Package: expl3 2020-09-24 L3 programming layer (loader) 

(c:/texlive/2020/texmf-dist/tex/latex/l3backend/l3backend-pdftex.def
File: l3backend-pdftex.def 2020-09-24 L3 backend support: PDF output (pdfTeX)
\l__kernel_color_stack_int=\count309
\l__pdf_internal_box=\box130
))
(c:/texlive/2020/texmf-dist/tex/latex/l3packages/xparse/xparse.sty
Package: xparse 2020-05-15 L3 Experimental document command parser

(c:/texlive/2020/texmf-dist/tex/latex/l3packages/xparse/xparse-generic.tex))
Package: siunitx 2020/02/25 v2.8b A comprehensive (SI) units package

(c:/texlive/2020/texmf-dist/tex/latex/tools/array.sty
Package: array 2020/10/01 v2.5c Tabular extension package (FMi)
\col@sep=\dimen285
\ar@mcellbox=\box131
\extrarowheight=\dimen286
\NC@list=\toks37
\extratabsurround=\skip68
\backup@length=\skip69
\ar@cellbox=\box132
)
(c:/texlive/2020/texmf-dist/tex/latex/l3packages/l3keys2e/l3keys2e.sty
Package: l3keys2e 2020-05-15 LaTeX2e option processing using LaTeX3 keys
)
\l__siunitx_tmp_box=\box133
\l__siunitx_tmp_dim=\dimen287
\l__siunitx_tmp_int=\count310
\l__siunitx_number_mantissa_length_int=\count311
\l__siunitx_number_uncert_length_int=\count312
\l__siunitx_round_int=\count313
\l__siunitx_process_decimal_int=\count314
\l__siunitx_process_uncertainty_int=\count315
\l__siunitx_process_fixed_int=\count316
\l__siunitx_process_integer_min_int=\count317
\l__siunitx_process_precision_int=\count318
\l__siunitx_group_min_int=\count319
\l__siunitx_angle_marker_box=\box134
\l__siunitx_angle_unit_box=\box135
\l__siunitx_angle_marker_dim=\dimen288
\l__siunitx_angle_unit_dim=\dimen289
\l__siunitx_unit_int=\count320
\l__siunitx_unit_denominator_int=\count321
\l__siunitx_unit_numerator_int=\count322
\l__siunitx_unit_prefix_int=\count323
\l__siunitx_unit_prefix_base_int=\count324
\l__siunitx_unit_prefix_gram_int=\count325
\l__siunitx_number_product_int=\count326
\c__siunitx_one_fill_skip=\skip70
\l__siunitx_table_unit_align_skip=\skip71
\l__siunitx_table_exponent_dim=\dimen290
\l__siunitx_table_integer_dim=\dimen291
\l__siunitx_table_mantissa_dim=\dimen292
\l__siunitx_table_marker_dim=\dimen293
\l__siunitx_table_result_dim=\dimen294
\l__siunitx_table_uncert_dim=\dimen295
\l__siunitx_table_fill_pre_dim=\dimen296
\l__siunitx_table_fill_post_dim=\dimen297
\l__siunitx_table_fill_mid_dim=\dimen298
\l__siunitx_table_pre_box=\box136
\l__siunitx_table_post_box=\box137
\l__siunitx_table_mantissa_box=\box138
\l__siunitx_table_result_box=\box139
\l__siunitx_table_number_align_skip=\skip72
\l__siunitx_table_text_align_skip=\skip73

(c:/texlive/2020/texmf-dist/tex/latex/translator/translator.sty
Package: translator 2020-08-03 v1.12c Easy translation of strings in LaTeX
))
(c:/texlive/2020/texmf-dist/tex/latex/amscls/amsthm.sty
Package: amsthm 2020/05/29 v2.20.6
\thm@style=\toks38
\thm@bodyfont=\toks39
\thm@headfont=\toks40
\thm@notefont=\toks41
\thm@headpunct=\toks42
\thm@preskip=\skip74
\thm@postskip=\skip75
\thm@headsep=\skip76
\dth@everypar=\toks43
)
(c:/texlive/2020/texmf-dist/tex/latex/amsfonts/amssymb.sty
Package: amssymb 2013/01/14 v3.01 AMS font symbols

(c:/texlive/2020/texmf-dist/tex/latex/amsfonts/amsfonts.sty
Package: amsfonts 2013/01/14 v3.01 Basic AMSFonts support
\symAMSa=\mathgroup4
\symAMSb=\mathgroup5
LaTeX Font Info:    Redeclaring math symbol \hbar on input line 98.
LaTeX Font Info:    Overwriting math alphabet `\mathfrak' in version `bold'
(Font)                  U/euf/m/n --> U/euf/b/n on input line 106.
))
(c:/texlive/2020/texmf-dist/tex/latex/was/gensymb.sty
Package: gensymb 2003/07/02 v1.0 (WaS)
)
(c:/texlive/2020/texmf-dist/tex/latex/etoolbox/etoolbox.sty
Package: etoolbox 2020/08/24 v2.5j e-TeX tools for LaTeX (JAW)
\etb@tempcnta=\count327
)
(c:/texlive/2020/texmf-dist/tex/latex/refcount/refcount.sty
Package: refcount 2019/12/15 v3.6 Data extraction from label references (HO)
)
\c@countitems=\count328
\c@nextitemizecount=\count329

(c:/texlive/2020/texmf-dist/tex/latex/pdflscape/pdflscape.sty
Package: pdflscape 2019/12/05 v0.12 Display of landscape pages in PDF (HO)

(c:/texlive/2020/texmf-dist/tex/latex/graphics/lscape.sty
Package: lscape 2020/05/28 v3.02 Landscape Pages (DPC)
)
Package pdflscape Info: Auto-detected driver: pdftex on input line 81.
) (./Assignment2.aux)
\openout1 = `Assignment2.aux'.

LaTeX Font Info:    Checking defaults for OML/cmm/m/it on input line 62.
LaTeX Font Info:    ... okay on input line 62.
LaTeX Font Info:    Checking defaults for OMS/cmsy/m/n on input line 62.
LaTeX Font Info:    ... okay on input line 62.
LaTeX Font Info:    Checking defaults for OT1/cmr/m/n on input line 62.
LaTeX Font Info:    ... okay on input line 62.
LaTeX Font Info:    Checking defaults for T1/cmr/m/n on input line 62.
LaTeX Font Info:    ... okay on input line 62.
LaTeX Font Info:    Checking defaults for TS1/cmr/m/n on input line 62.
LaTeX Font Info:    ... okay on input line 62.
LaTeX Font Info:    Checking defaults for OMX/cmex/m/n on input line 62.
LaTeX Font Info:    ... okay on input line 62.
LaTeX Font Info:    Checking defaults for U/cmr/m/n on input line 62.
LaTeX Font Info:    ... okay on input line 62.
LaTeX Font Info:    Checking defaults for PD1/pdf/m/n on input line 62.
LaTeX Font Info:    ... okay on input line 62.
Package hyperref Info: Link coloring OFF on input line 62.
(c:/texlive/2020/texmf-dist/tex/latex/hyperref/nameref.sty
Package: nameref 2019/09/16 v2.46 Cross-referencing by name of section

(c:/texlive/2020/texmf-dist/tex/generic/gettitlestring/gettitlestring.sty
Package: gettitlestring 2019/12/15 v1.6 Cleanup title references (HO)
)
\c@section@level=\count330
)
LaTeX Info: Redefining \ref on input line 62.
LaTeX Info: Redefining \pageref on input line 62.
LaTeX Info: Redefining \nameref on input line 62.

(./Assignment2.out) (./Assignment2.out)
\@outlinefile=\write4
\openout4 = `Assignment2.out'.


(c:/texlive/2020/texmf-dist/tex/context/base/mkii/supp-pdf.mkii
[Loading MPS to PDF converter (version 2006.09.02).]
\scratchcounter=\count331
\scratchdimen=\dimen299
\scratchbox=\box140
\nofMPsegments=\count332
\nofMParguments=\count333
\everyMPshowfont=\toks44
\MPscratchCnt=\count334
\MPscratchDim=\dimen300
\MPnumerator=\count335
\makeMPintoPDFobject=\count336
\everyMPtoPDFconversion=\toks45
)
Package lastpage Info: Please have a look at the pageslts package at
(lastpage)             https://www.ctan.org/pkg/pageslts
(lastpage)             ! on input line 62.
Package caption Info: Begin \AtBeginDocument code.
Package caption Info: End \AtBeginDocument code.
 (c:/texlive/2020/texmf-dist/tex/latex/siunitx/siunitx-abbreviations.cfg
File: siunitx-abbreviations.cfg 2017/11/26 v2.7k siunitx: Abbreviated units
)
(c:/texlive/2020/texmf-dist/tex/latex/translator/translator-basic-dictionary-En
glish.dict
Dictionary: translator-basic-dictionary, Language: English 
)
LaTeX Info: Redefining \celsius on input line 62.
Package gensymb Info: Faking symbols for \degree and \celsius on input line 62.



Package gensymb Warning: Not defining \perthousand.

LaTeX Info: Redefining \ohm on input line 62.
Package gensymb Info: Using \Omega for \ohm on input line 62.

Package gensymb Warning: Not defining \micro.

LaTeX Font Info:    Trying to load font information for U+msa on input line 62.

(c:/texlive/2020/texmf-dist/tex/latex/amsfonts/umsa.fd
File: umsa.fd 2013/01/14 v3.01 AMS symbols A
)
LaTeX Font Info:    Trying to load font information for U+msb on input line 62.


(c:/texlive/2020/texmf-dist/tex/latex/amsfonts/umsb.fd
File: umsb.fd 2013/01/14 v3.01 AMS symbols B
)
<kuleuvenLogo.pdf, id=75, 159.33528pt x 56.90259pt>
File: kuleuvenLogo.pdf Graphic file (type pdf)
<use kuleuvenLogo.pdf>
Package pdftex.def Info: kuleuvenLogo.pdf  used on input line 64.
(pdftex.def)             Requested size: 119.50601pt x 42.67912pt.
<kuleuvenSedes.pdf, id=76, 349.305pt x 596.2275pt>
File: kuleuvenSedes.pdf Graphic file (type pdf)
<use kuleuvenSedes.pdf>
Package pdftex.def Info: kuleuvenSedes.pdf  used on input line 64.
(pdftex.def)             Requested size: 25.00282pt x 42.67912pt.
LaTeX Font Info:    Trying to load font information for T1+cmtt on input line 6
4.

(c:/texlive/2020/texmf-dist/tex/latex/base/t1cmtt.fd
File: t1cmtt.fd 2019/12/16 v2.5j Standard LaTeX font definitions
)
Underfull \hbox (badness 10000) in paragraph at lines 64--65

 []

(./Assignment2.lof)
\tf@lof=\write5
\openout5 = `Assignment2.lof'.

 (./Assignment2.lot)
\tf@lot=\write6
\openout6 = `Assignment2.lot'.

 [1

{c:/texlive/2020/texmf-var/fonts/map/pdftex/updmap/pdftex.map} <c:/Users/matth/
texmf/tex/latex/kulak/kuleuvenLogo.pdf> <c:/Users/matth/texmf/tex/latex/kulak/k
uleuvenSedes.pdf>]
File: kuleuvenSedes.pdf Graphic file (type pdf)
<use kuleuvenSedes.pdf>
Package pdftex.def Info: kuleuvenSedes.pdf  used on input line 94.
(pdftex.def)             Requested size: 25.00282pt x 42.67912pt.


Package Fancyhdr Warning: \headheight is too small (42.67912pt): 
Make it at least 46.27914pt.
We now make it that large for the rest of the document.
This may cause the page layout to be inconsistent, however.

[2]
Package epstopdf Info: Source file: <../Matlab//bodeplotA_openloop_method1.eps>

(epstopdf)                    date: 2021-12-08 15:57:20
(epstopdf)                    size: 57139 bytes
(epstopdf)             Output file: <./bodeplotA_openloop_method1-eps-converted
-to.pdf>
(epstopdf)                    date: 2021-12-08 15:59:10
(epstopdf)                    size: 17016 bytes
(epstopdf)             Command: <repstopdf --outfile=./bodeplotA_openloop_metho
d1-eps-converted-to.pdf ../Matlab//bodeplotA_openloop_method1.eps>
(epstopdf)             \includegraphics on input line 139.
Package epstopdf Info: Output file is already uptodate.
<./bodeplotA_openloop_method1-eps-converted-to.pdf, id=168, 367.3725pt x 306.14
375pt>
File: ./bodeplotA_openloop_method1-eps-converted-to.pdf Graphic file (type pdf)

<use ./bodeplotA_openloop_method1-eps-converted-to.pdf>
Package pdftex.def Info: ./bodeplotA_openloop_method1-eps-converted-to.pdf  use
d on input line 139.
(pdftex.def)             Requested size: 223.0721pt x 185.89722pt.
Package epstopdf Info: Source file: <../Matlab//bodeplotB_openloop_method1.eps>

(epstopdf)                    date: 2021-12-08 15:57:21
(epstopdf)                    size: 57139 bytes
(epstopdf)             Output file: <./bodeplotB_openloop_method1-eps-converted
-to.pdf>
(epstopdf)                    date: 2021-12-08 15:59:13
(epstopdf)                    size: 16848 bytes
(epstopdf)             Command: <repstopdf --outfile=./bodeplotB_openloop_metho
d1-eps-converted-to.pdf ../Matlab//bodeplotB_openloop_method1.eps>
(epstopdf)             \includegraphics on input line 145.
Package epstopdf Info: Output file is already uptodate.
<./bodeplotB_openloop_method1-eps-converted-to.pdf, id=169, 367.3725pt x 306.14
375pt>
File: ./bodeplotB_openloop_method1-eps-converted-to.pdf Graphic file (type pdf)

<use ./bodeplotB_openloop_method1-eps-converted-to.pdf>
Package pdftex.def Info: ./bodeplotB_openloop_method1-eps-converted-to.pdf  use
d on input line 145.
(pdftex.def)             Requested size: 223.0721pt x 185.89722pt.
Package epstopdf Info: Source file: <../Matlab//bodeplotA_cl_method1.eps>
(epstopdf)                    date: 2021-12-08 15:57:27
(epstopdf)                    size: 48790 bytes
(epstopdf)             Output file: <./bodeplotA_cl_method1-eps-converted-to.pd
f>
(epstopdf)                    date: 2021-12-08 15:59:15
(epstopdf)                    size: 14563 bytes
(epstopdf)             Command: <repstopdf --outfile=./bodeplotA_cl_method1-eps
-converted-to.pdf ../Matlab//bodeplotA_cl_method1.eps>
(epstopdf)             \includegraphics on input line 156.
Package epstopdf Info: Output file is already uptodate.
<./bodeplotA_cl_method1-eps-converted-to.pdf, id=170, 368.37625pt x 306.14375pt
>
File: ./bodeplotA_cl_method1-eps-converted-to.pdf Graphic file (type pdf)
<use ./bodeplotA_cl_method1-eps-converted-to.pdf>
Package pdftex.def Info: ./bodeplotA_cl_method1-eps-converted-to.pdf  used on i
nput line 156.
(pdftex.def)             Requested size: 223.0721pt x 185.38336pt.
Package epstopdf Info: Source file: <../Matlab//bodeplotB_cl_method1.eps>
(epstopdf)                    date: 2021-12-08 15:57:28
(epstopdf)                    size: 49258 bytes
(epstopdf)             Output file: <./bodeplotB_cl_method1-eps-converted-to.pd
f>
(epstopdf)                    date: 2021-12-08 15:59:18
(epstopdf)                    size: 14489 bytes
(epstopdf)             Command: <repstopdf --outfile=./bodeplotB_cl_method1-eps
-converted-to.pdf ../Matlab//bodeplotB_cl_method1.eps>
(epstopdf)             \includegraphics on input line 162.
Package epstopdf Info: Output file is already uptodate.
<./bodeplotB_cl_method1-eps-converted-to.pdf, id=171, 368.37625pt x 306.14375pt
>
File: ./bodeplotB_cl_method1-eps-converted-to.pdf Graphic file (type pdf)
<use ./bodeplotB_cl_method1-eps-converted-to.pdf>
Package pdftex.def Info: ./bodeplotB_cl_method1-eps-converted-to.pdf  used on i
nput line 162.
(pdftex.def)             Requested size: 223.0721pt x 185.38336pt.
Package epstopdf Info: Source file: <../Matlab//stepresponsA_cl_method1.eps>
(epstopdf)                    date: 2021-12-08 15:57:29
(epstopdf)                    size: 22716 bytes
(epstopdf)             Output file: <./stepresponsA_cl_method1-eps-converted-to
.pdf>
(epstopdf)                    date: 2021-12-08 15:59:21
(epstopdf)                    size: 10804 bytes
(epstopdf)             Command: <repstopdf --outfile=./stepresponsA_cl_method1-
eps-converted-to.pdf ../Matlab//stepresponsA_cl_method1.eps>
(epstopdf)             \includegraphics on input line 173.
Package epstopdf Info: Output file is already uptodate.
<./stepresponsA_cl_method1-eps-converted-to.pdf, id=172, 370.38374pt x 307.1475
pt>
File: ./stepresponsA_cl_method1-eps-converted-to.pdf Graphic file (type pdf)
<use ./stepresponsA_cl_method1-eps-converted-to.pdf>
Package pdftex.def Info: ./stepresponsA_cl_method1-eps-converted-to.pdf  used o
n input line 173.
(pdftex.def)             Requested size: 220.79366pt x 183.09949pt.
Package epstopdf Info: Source file: <../Matlab//stepresponsB_cl_method1.eps>
(epstopdf)                    date: 2021-12-08 15:57:30
(epstopdf)                    size: 22719 bytes
(epstopdf)             Output file: <./stepresponsB_cl_method1-eps-converted-to
.pdf>
(epstopdf)                    date: 2021-12-08 15:59:23
(epstopdf)                    size: 10937 bytes
(epstopdf)             Command: <repstopdf --outfile=./stepresponsB_cl_method1-
eps-converted-to.pdf ../Matlab//stepresponsB_cl_method1.eps>
(epstopdf)             \includegraphics on input line 179.
Package epstopdf Info: Output file is already uptodate.
<./stepresponsB_cl_method1-eps-converted-to.pdf, id=173, 370.38374pt x 307.1475
pt>
File: ./stepresponsB_cl_method1-eps-converted-to.pdf Graphic file (type pdf)
<use ./stepresponsB_cl_method1-eps-converted-to.pdf>
Package pdftex.def Info: ./stepresponsB_cl_method1-eps-converted-to.pdf  used o
n input line 179.
(pdftex.def)             Requested size: 227.62204pt x 188.76102pt.
File: kuleuvenSedes.pdf Graphic file (type pdf)
<use kuleuvenSedes.pdf>
Package pdftex.def Info: kuleuvenSedes.pdf  used on input line 186.
(pdftex.def)             Requested size: 25.00282pt x 42.67912pt.
 [3 <./bodeplotA_openloop_method1-eps-converted-to.pdf> <./bodeplotB_openloop_m
ethod1-eps-converted-to.pdf>]
File: kuleuvenSedes.pdf Graphic file (type pdf)
<use kuleuvenSedes.pdf>
Package pdftex.def Info: kuleuvenSedes.pdf  used on input line 186.
(pdftex.def)             Requested size: 25.00282pt x 42.67912pt.
 [4 <./bodeplotA_cl_method1-eps-converted-to.pdf> <./bodeplotB_cl_method1-eps-c
onverted-to.pdf> <./stepresponsA_cl_method1-eps-converted-to.pdf> <./steprespon
sB_cl_method1-eps-converted-to.pdf>]
<../Matlab//bodeplot_contr_sysA_openloop_method2.png, id=239, 335.45325pt x 251
.7405pt>
File: ../Matlab//bodeplot_contr_sysA_openloop_method2.png Graphic file (type pn
g)
<use ../Matlab//bodeplot_contr_sysA_openloop_method2.png>
Package pdftex.def Info: ../Matlab//bodeplot_contr_sysA_openloop_method2.png  u
sed on input line 221.
(pdftex.def)             Requested size: 223.0721pt x 167.40915pt.
<../Matlab//bodeplot_contr_sysB_openloop_method2.png, id=241, 337.26pt x 251.74
05pt>
File: ../Matlab//bodeplot_contr_sysB_openloop_method2.png Graphic file (type pn
g)
<use ../Matlab//bodeplot_contr_sysB_openloop_method2.png>
Package pdftex.def Info: ../Matlab//bodeplot_contr_sysB_openloop_method2.png  u
sed on input line 227.
(pdftex.def)             Requested size: 223.0721pt x 166.5103pt.
Package epstopdf Info: Source file: <../Matlab//bodeplotA_openloop_method2.eps>

(epstopdf)                    date: 2021-12-08 15:57:35
(epstopdf)                    size: 57135 bytes
(epstopdf)             Output file: <./bodeplotA_openloop_method2-eps-converted
-to.pdf>
(epstopdf)                    date: 2021-12-08 15:59:25
(epstopdf)                    size: 16997 bytes
(epstopdf)             Command: <repstopdf --outfile=./bodeplotA_openloop_metho
d2-eps-converted-to.pdf ../Matlab//bodeplotA_openloop_method2.eps>
(epstopdf)             \includegraphics on input line 237.
Package epstopdf Info: Output file is already uptodate.
<./bodeplotA_openloop_method2-eps-converted-to.pdf, id=242, 367.3725pt x 306.14
375pt>
File: ./bodeplotA_openloop_method2-eps-converted-to.pdf Graphic file (type pdf)

<use ./bodeplotA_openloop_method2-eps-converted-to.pdf>
Package pdftex.def Info: ./bodeplotA_openloop_method2-eps-converted-to.pdf  use
d on input line 237.
(pdftex.def)             Requested size: 223.0721pt x 185.89722pt.
Package epstopdf Info: Source file: <../Matlab//bodeplotB_openloop_method2.eps>

(epstopdf)                    date: 2021-12-08 15:57:36
(epstopdf)                    size: 57132 bytes
(epstopdf)             Output file: <./bodeplotB_openloop_method2-eps-converted
-to.pdf>
(epstopdf)                    date: 2021-12-08 15:59:28
(epstopdf)                    size: 16911 bytes
(epstopdf)             Command: <repstopdf --outfile=./bodeplotB_openloop_metho
d2-eps-converted-to.pdf ../Matlab//bodeplotB_openloop_method2.eps>
(epstopdf)             \includegraphics on input line 243.
Package epstopdf Info: Output file is already uptodate.
<./bodeplotB_openloop_method2-eps-converted-to.pdf, id=243, 367.3725pt x 306.14
375pt>
File: ./bodeplotB_openloop_method2-eps-converted-to.pdf Graphic file (type pdf)

<use ./bodeplotB_openloop_method2-eps-converted-to.pdf>
Package pdftex.def Info: ./bodeplotB_openloop_method2-eps-converted-to.pdf  use
d on input line 243.
(pdftex.def)             Requested size: 223.0721pt x 185.89722pt.
Package epstopdf Info: Source file: <../Matlab//bodeplotA_cl_method2.eps>
(epstopdf)                    date: 2021-12-08 15:57:41
(epstopdf)                    size: 48804 bytes
(epstopdf)             Output file: <./bodeplotA_cl_method2-eps-converted-to.pd
f>
(epstopdf)                    date: 2021-12-08 15:59:30
(epstopdf)                    size: 14579 bytes
(epstopdf)             Command: <repstopdf --outfile=./bodeplotA_cl_method2-eps
-converted-to.pdf ../Matlab//bodeplotA_cl_method2.eps>
(epstopdf)             \includegraphics on input line 254.
Package epstopdf Info: Output file is already uptodate.
<./bodeplotA_cl_method2-eps-converted-to.pdf, id=244, 368.37625pt x 306.14375pt
>
File: ./bodeplotA_cl_method2-eps-converted-to.pdf Graphic file (type pdf)
<use ./bodeplotA_cl_method2-eps-converted-to.pdf>
Package pdftex.def Info: ./bodeplotA_cl_method2-eps-converted-to.pdf  used on i
nput line 254.
(pdftex.def)             Requested size: 223.0721pt x 185.38336pt.
Package epstopdf Info: Source file: <../Matlab//bodeplotB_cl_method2.eps>
(epstopdf)                    date: 2021-12-08 15:57:42
(epstopdf)                    size: 48815 bytes
(epstopdf)             Output file: <./bodeplotB_cl_method2-eps-converted-to.pd
f>
(epstopdf)                    date: 2021-12-08 15:59:32
(epstopdf)                    size: 14500 bytes
(epstopdf)             Command: <repstopdf --outfile=./bodeplotB_cl_method2-eps
-converted-to.pdf ../Matlab//bodeplotB_cl_method2.eps>
(epstopdf)             \includegraphics on input line 260.
Package epstopdf Info: Output file is already uptodate.
<./bodeplotB_cl_method2-eps-converted-to.pdf, id=245, 368.37625pt x 306.14375pt
>
File: ./bodeplotB_cl_method2-eps-converted-to.pdf Graphic file (type pdf)
<use ./bodeplotB_cl_method2-eps-converted-to.pdf>
Package pdftex.def Info: ./bodeplotB_cl_method2-eps-converted-to.pdf  used on i
nput line 260.
(pdftex.def)             Requested size: 223.0721pt x 185.38336pt.
Package epstopdf Info: Source file: <../Matlab//stepresponsA_cl_method2.eps>
(epstopdf)                    date: 2021-12-08 15:57:42
(epstopdf)                    size: 22354 bytes
(epstopdf)             Output file: <./stepresponsA_cl_method2-eps-converted-to
.pdf>
(epstopdf)                    date: 2021-12-08 15:59:35
(epstopdf)                    size: 10771 bytes
(epstopdf)             Command: <repstopdf --outfile=./stepresponsA_cl_method2-
eps-converted-to.pdf ../Matlab//stepresponsA_cl_method2.eps>
(epstopdf)             \includegraphics on input line 271.
Package epstopdf Info: Output file is already uptodate.
<./stepresponsA_cl_method2-eps-converted-to.pdf, id=246, 370.38374pt x 307.1475
pt>
File: ./stepresponsA_cl_method2-eps-converted-to.pdf Graphic file (type pdf)
<use ./stepresponsA_cl_method2-eps-converted-to.pdf>
Package pdftex.def Info: ./stepresponsA_cl_method2-eps-converted-to.pdf  used o
n input line 271.
(pdftex.def)             Requested size: 223.0721pt x 184.98824pt.
Package epstopdf Info: Source file: <../Matlab//stepresponsB_cl_method2.eps>
(epstopdf)                    date: 2021-12-08 15:57:43
(epstopdf)                    size: 22354 bytes
(epstopdf)             Output file: <./stepresponsB_cl_method2-eps-converted-to
.pdf>
(epstopdf)                    date: 2021-12-08 15:59:37
(epstopdf)                    size: 10909 bytes
(epstopdf)             Command: <repstopdf --outfile=./stepresponsB_cl_method2-
eps-converted-to.pdf ../Matlab//stepresponsB_cl_method2.eps>
(epstopdf)             \includegraphics on input line 277.
Package epstopdf Info: Output file is already uptodate.
<./stepresponsB_cl_method2-eps-converted-to.pdf, id=247, 370.38374pt x 307.1475
pt>
File: ./stepresponsB_cl_method2-eps-converted-to.pdf Graphic file (type pdf)
<use ./stepresponsB_cl_method2-eps-converted-to.pdf>
Package pdftex.def Info: ./stepresponsB_cl_method2-eps-converted-to.pdf  used o
n input line 277.
(pdftex.def)             Requested size: 223.0721pt x 184.98824pt.
File: kuleuvenSedes.pdf Graphic file (type pdf)
<use kuleuvenSedes.pdf>
Package pdftex.def Info: kuleuvenSedes.pdf  used on input line 283.
(pdftex.def)             Requested size: 25.00282pt x 42.67912pt.
 [5 <../Matlab//bodeplot_contr_sysA_openloop_method2.png> <../Matlab//bodeplot_
contr_sysB_openloop_method2.png>]
File: kuleuvenSedes.pdf Graphic file (type pdf)
<use kuleuvenSedes.pdf>
Package pdftex.def Info: kuleuvenSedes.pdf  used on input line 283.
(pdftex.def)             Requested size: 25.00282pt x 42.67912pt.
 [6 <./bodeplotA_openloop_method2-eps-converted-to.pdf> <./bodeplotB_openloop_m
ethod2-eps-converted-to.pdf> <./bodeplotA_cl_method2-eps-converted-to.pdf> <./b
odeplotB_cl_method2-eps-converted-to.pdf> <./stepresponsA_cl_method2-eps-conver
ted-to.pdf> <./stepresponsB_cl_method2-eps-converted-to.pdf>]
Package epstopdf Info: Source file: <../Matlab//comparison_stepresponseA.eps>
(epstopdf)                    date: 2021-12-08 15:57:45
(epstopdf)                    size: 40522 bytes
(epstopdf)             Output file: <./comparison_stepresponseA-eps-converted-t
o.pdf>
(epstopdf)                    date: 2021-12-08 15:59:39
(epstopdf)                    size: 13183 bytes
(epstopdf)             Command: <repstopdf --outfile=./comparison_stepresponseA
-eps-converted-to.pdf ../Matlab//comparison_stepresponseA.eps>
(epstopdf)             \includegraphics on input line 294.
Package epstopdf Info: Output file is already uptodate.
<./comparison_stepresponseA-eps-converted-to.pdf, id=309, 361.35pt x 307.1475pt
>
File: ./comparison_stepresponseA-eps-converted-to.pdf Graphic file (type pdf)
<use ./comparison_stepresponseA-eps-converted-to.pdf>
Package pdftex.def Info: ./comparison_stepresponseA-eps-converted-to.pdf  used 
on input line 294.
(pdftex.def)             Requested size: 223.0721pt x 189.61398pt.
Package epstopdf Info: Source file: <../Matlab//comparison_stepresponseB.eps>
(epstopdf)                    date: 2021-12-08 15:57:50
(epstopdf)                    size: 40525 bytes
(epstopdf)             Output file: <./comparison_stepresponseB-eps-converted-t
o.pdf>
(epstopdf)                    date: 2021-12-08 15:59:41
(epstopdf)                    size: 13317 bytes
(epstopdf)             Command: <repstopdf --outfile=./comparison_stepresponseB
-eps-converted-to.pdf ../Matlab//comparison_stepresponseB.eps>
(epstopdf)             \includegraphics on input line 300.
Package epstopdf Info: Output file is already uptodate.
<./comparison_stepresponseB-eps-converted-to.pdf, id=310, 361.35pt x 307.1475pt
>
File: ./comparison_stepresponseB-eps-converted-to.pdf Graphic file (type pdf)
<use ./comparison_stepresponseB-eps-converted-to.pdf>
Package pdftex.def Info: ./comparison_stepresponseB-eps-converted-to.pdf  used 
on input line 300.
(pdftex.def)             Requested size: 223.0721pt x 189.61398pt.
Package epstopdf Info: Source file: <../Matlab//comparison_stepresponseA_zoom.e
ps>
(epstopdf)                    date: 2021-12-08 15:57:46
(epstopdf)                    size: 21300 bytes
(epstopdf)             Output file: <./comparison_stepresponseA_zoom-eps-conver
ted-to.pdf>
(epstopdf)                    date: 2021-12-08 15:59:44
(epstopdf)                    size: 9852 bytes
(epstopdf)             Command: <repstopdf --outfile=./comparison_stepresponseA
_zoom-eps-converted-to.pdf ../Matlab//comparison_stepresponseA_zoom.eps>
(epstopdf)             \includegraphics on input line 311.
Package epstopdf Info: Output file is already uptodate.
<./comparison_stepresponseA_zoom-eps-converted-to.pdf, id=311, 375.4025pt x 307
.1475pt>
File: ./comparison_stepresponseA_zoom-eps-converted-to.pdf Graphic file (type p
df)
<use ./comparison_stepresponseA_zoom-eps-converted-to.pdf>
Package pdftex.def Info: ./comparison_stepresponseA_zoom-eps-converted-to.pdf  
used on input line 311.
(pdftex.def)             Requested size: 223.0721pt x 182.51834pt.
Package epstopdf Info: Source file: <../Matlab//comparison_stepresponseB_zoom.e
ps>
(epstopdf)                    date: 2021-12-08 15:57:51
(epstopdf)                    size: 21300 bytes
(epstopdf)             Output file: <./comparison_stepresponseB_zoom-eps-conver
ted-to.pdf>
(epstopdf)                    date: 2021-12-08 15:59:46
(epstopdf)                    size: 10008 bytes
(epstopdf)             Command: <repstopdf --outfile=./comparison_stepresponseB
_zoom-eps-converted-to.pdf ../Matlab//comparison_stepresponseB_zoom.eps>
(epstopdf)             \includegraphics on input line 317.
Package epstopdf Info: Output file is already uptodate.
<./comparison_stepresponseB_zoom-eps-converted-to.pdf, id=312, 375.4025pt x 307
.1475pt>
File: ./comparison_stepresponseB_zoom-eps-converted-to.pdf Graphic file (type p
df)
<use ./comparison_stepresponseB_zoom-eps-converted-to.pdf>
Package pdftex.def Info: ./comparison_stepresponseB_zoom-eps-converted-to.pdf  
used on input line 317.
(pdftex.def)             Requested size: 223.0721pt x 182.51834pt.
Package epstopdf Info: Source file: <../Matlab//trackingerror_stepresponseA.eps
>
(epstopdf)                    date: 2021-12-08 15:57:47
(epstopdf)                    size: 33375 bytes
(epstopdf)             Output file: <./trackingerror_stepresponseA-eps-converte
d-to.pdf>
(epstopdf)                    date: 2021-12-08 15:59:48
(epstopdf)                    size: 13606 bytes
(epstopdf)             Command: <repstopdf --outfile=./trackingerror_steprespon
seA-eps-converted-to.pdf ../Matlab//trackingerror_stepresponseA.eps>
(epstopdf)             \includegraphics on input line 328.
Package epstopdf Info: Output file is already uptodate.
<./trackingerror_stepresponseA-eps-converted-to.pdf, id=313, 364.36125pt x 307.
1475pt>
File: ./trackingerror_stepresponseA-eps-converted-to.pdf Graphic file (type pdf
)
<use ./trackingerror_stepresponseA-eps-converted-to.pdf>
Package pdftex.def Info: ./trackingerror_stepresponseA-eps-converted-to.pdf  us
ed on input line 328.
(pdftex.def)             Requested size: 223.0721pt x 188.04395pt.
Package epstopdf Info: Source file: <../Matlab//trackingerror_stepresponseB.eps
>
(epstopdf)                    date: 2021-12-08 15:57:53
(epstopdf)                    size: 33374 bytes
(epstopdf)             Output file: <./trackingerror_stepresponseB-eps-converte
d-to.pdf>
(epstopdf)                    date: 2021-12-08 15:59:50
(epstopdf)                    size: 13780 bytes
(epstopdf)             Command: <repstopdf --outfile=./trackingerror_steprespon
seB-eps-converted-to.pdf ../Matlab//trackingerror_stepresponseB.eps>
(epstopdf)             \includegraphics on input line 334.
Package epstopdf Info: Output file is already uptodate.
<./trackingerror_stepresponseB-eps-converted-to.pdf, id=314, 364.36125pt x 307.
1475pt>
File: ./trackingerror_stepresponseB-eps-converted-to.pdf Graphic file (type pdf
)
<use ./trackingerror_stepresponseB-eps-converted-to.pdf>
Package pdftex.def Info: ./trackingerror_stepresponseB-eps-converted-to.pdf  us
ed on input line 334.
(pdftex.def)             Requested size: 223.0721pt x 188.04395pt.
Package epstopdf Info: Source file: <../Matlab//trackingerror_stepresponseA_zoo
m.eps>
(epstopdf)                    date: 2021-12-08 15:57:49
(epstopdf)                    size: 19635 bytes
(epstopdf)             Output file: <./trackingerror_stepresponseA_zoom-eps-con
verted-to.pdf>
(epstopdf)                    date: 2021-12-08 15:59:52
(epstopdf)                    size: 10215 bytes
(epstopdf)             Command: <repstopdf --outfile=./trackingerror_steprespon
seA_zoom-eps-converted-to.pdf ../Matlab//trackingerror_stepresponseA_zoom.eps>
(epstopdf)             \includegraphics on input line 345.
Package epstopdf Info: Output file is already uptodate.
<./trackingerror_stepresponseA_zoom-eps-converted-to.pdf, id=315, 366.36874pt x
 307.1475pt>
File: ./trackingerror_stepresponseA_zoom-eps-converted-to.pdf Graphic file (typ
e pdf)
<use ./trackingerror_stepresponseA_zoom-eps-converted-to.pdf>
Package pdftex.def Info: ./trackingerror_stepresponseA_zoom-eps-converted-to.pd
f  used on input line 345.
(pdftex.def)             Requested size: 223.0721pt x 187.01756pt.
Package epstopdf Info: Source file: <../Matlab//trackingerror_stepresponseB_zoo
m.eps>
(epstopdf)                    date: 2021-12-08 15:57:54
(epstopdf)                    size: 19637 bytes
(epstopdf)             Output file: <./trackingerror_stepresponseB_zoom-eps-con
verted-to.pdf>
(epstopdf)                    date: 2021-12-08 15:59:55
(epstopdf)                    size: 10371 bytes
(epstopdf)             Command: <repstopdf --outfile=./trackingerror_steprespon
seB_zoom-eps-converted-to.pdf ../Matlab//trackingerror_stepresponseB_zoom.eps>
(epstopdf)             \includegraphics on input line 351.
Package epstopdf Info: Output file is already uptodate.
<./trackingerror_stepresponseB_zoom-eps-converted-to.pdf, id=316, 366.36874pt x
 307.1475pt>
File: ./trackingerror_stepresponseB_zoom-eps-converted-to.pdf Graphic file (typ
e pdf)
<use ./trackingerror_stepresponseB_zoom-eps-converted-to.pdf>
Package pdftex.def Info: ./trackingerror_stepresponseB_zoom-eps-converted-to.pd
f  used on input line 351.
(pdftex.def)             Requested size: 223.0721pt x 187.01756pt.
Package epstopdf Info: Source file: <../Matlab//comparison_voltage_stepresponse
A.eps>
(epstopdf)                    date: 2021-12-08 15:57:55
(epstopdf)                    size: 31460 bytes
(epstopdf)             Output file: <./comparison_voltage_stepresponseA-eps-con
verted-to.pdf>
(epstopdf)                    date: 2021-12-08 15:59:57
(epstopdf)                    size: 13211 bytes
(epstopdf)             Command: <repstopdf --outfile=./comparison_voltage_stepr
esponseA-eps-converted-to.pdf ../Matlab//comparison_voltage_stepresponseA.eps>
(epstopdf)             \includegraphics on input line 363.
Package epstopdf Info: Output file is already uptodate.
<./comparison_voltage_stepresponseA-eps-converted-to.pdf, id=319, 355.3275pt x 
307.1475pt>
File: ./comparison_voltage_stepresponseA-eps-converted-to.pdf Graphic file (typ
e pdf)
<use ./comparison_voltage_stepresponseA-eps-converted-to.pdf>
Package pdftex.def Info: ./comparison_voltage_stepresponseA-eps-converted-to.pd
f  used on input line 363.
(pdftex.def)             Requested size: 223.0721pt x 192.82906pt.
Package epstopdf Info: Source file: <../Matlab//comparison_voltage_stepresponse
B.eps>
(epstopdf)                    date: 2021-12-08 15:57:56
(epstopdf)                    size: 31444 bytes
(epstopdf)             Output file: <./comparison_voltage_stepresponseB-eps-con
verted-to.pdf>
(epstopdf)                    date: 2021-12-08 15:59:59
(epstopdf)                    size: 13391 bytes
(epstopdf)             Command: <repstopdf --outfile=./comparison_voltage_stepr
esponseB-eps-converted-to.pdf ../Matlab//comparison_voltage_stepresponseB.eps>
(epstopdf)             \includegraphics on input line 369.
Package epstopdf Info: Output file is already uptodate.
<./comparison_voltage_stepresponseB-eps-converted-to.pdf, id=320, 355.3275pt x 
307.1475pt>
File: ./comparison_voltage_stepresponseB-eps-converted-to.pdf Graphic file (typ
e pdf)
<use ./comparison_voltage_stepresponseB-eps-converted-to.pdf>
Package pdftex.def Info: ./comparison_voltage_stepresponseB-eps-converted-to.pd
f  used on input line 369.
(pdftex.def)             Requested size: 223.0721pt x 192.82906pt.
File: kuleuvenSedes.pdf Graphic file (type pdf)
<use kuleuvenSedes.pdf>
Package pdftex.def Info: kuleuvenSedes.pdf  used on input line 375.
(pdftex.def)             Requested size: 25.00282pt x 42.67912pt.
 [7 <./comparison_stepresponseA-eps-converted-to.pdf> <./comparison_steprespons
eB-eps-converted-to.pdf>]
File: kuleuvenSedes.pdf Graphic file (type pdf)
<use kuleuvenSedes.pdf>
Package pdftex.def Info: kuleuvenSedes.pdf  used on input line 375.
(pdftex.def)             Requested size: 25.00282pt x 42.67912pt.
 [8 <./comparison_stepresponseA_zoom-eps-converted-to.pdf> <./comparison_stepre
sponseB_zoom-eps-converted-to.pdf> <./trackingerror_stepresponseA-eps-converted
-to.pdf> <./trackingerror_stepresponseB-eps-converted-to.pdf>]
File: kuleuvenSedes.pdf Graphic file (type pdf)
<use kuleuvenSedes.pdf>
Package pdftex.def Info: kuleuvenSedes.pdf  used on input line 375.
(pdftex.def)             Requested size: 25.00282pt x 42.67912pt.
 [9 <./trackingerror_stepresponseA_zoom-eps-converted-to.pdf> <./trackingerror_
stepresponseB_zoom-eps-converted-to.pdf> <./comparison_voltage_stepresponseA-ep
s-converted-to.pdf> <./comparison_voltage_stepresponseB-eps-converted-to.pdf>]
<../Matlab//blockdiagram.png, id=410, 689.57625pt x 283.65974pt>
File: ../Matlab//blockdiagram.png Graphic file (type png)
<use ../Matlab//blockdiagram.png>
Package pdftex.def Info: ../Matlab//blockdiagram.png  used on input line 385.
(pdftex.def)             Requested size: 455.24408pt x 187.26794pt.
Package epstopdf Info: Source file: <../Matlab//comparison_stepresponseA_FD.eps
>
(epstopdf)                    date: 2021-12-08 15:58:02
(epstopdf)                    size: 40700 bytes
(epstopdf)             Output file: <./comparison_stepresponseA_FD-eps-converte
d-to.pdf>
(epstopdf)                    date: 2021-12-08 16:00:01
(epstopdf)                    size: 13767 bytes
(epstopdf)             Command: <repstopdf --outfile=./comparison_stepresponseA
_FD-eps-converted-to.pdf ../Matlab//comparison_stepresponseA_FD.eps>
(epstopdf)             \includegraphics on input line 396.
Package epstopdf Info: Output file is already uptodate.
<./comparison_stepresponseA_FD-eps-converted-to.pdf, id=417, 361.35pt x 311.162
5pt>
File: ./comparison_stepresponseA_FD-eps-converted-to.pdf Graphic file (type pdf
)
<use ./comparison_stepresponseA_FD-eps-converted-to.pdf>
Package pdftex.def Info: ./comparison_stepresponseA_FD-eps-converted-to.pdf  us
ed on input line 396.
(pdftex.def)             Requested size: 223.0721pt x 192.0926pt.
Package epstopdf Info: Source file: <../Matlab//comparison_stepresponseB_FD.eps
>
(epstopdf)                    date: 2021-12-08 15:58:04
(epstopdf)                    size: 40683 bytes
(epstopdf)             Output file: <./comparison_stepresponseB_FD-eps-converte
d-to.pdf>
(epstopdf)                    date: 2021-12-08 16:00:03
(epstopdf)                    size: 13898 bytes
(epstopdf)             Command: <repstopdf --outfile=./comparison_stepresponseB
_FD-eps-converted-to.pdf ../Matlab//comparison_stepresponseB_FD.eps>
(epstopdf)             \includegraphics on input line 402.
Package epstopdf Info: Output file is already uptodate.
<./comparison_stepresponseB_FD-eps-converted-to.pdf, id=418, 361.35pt x 311.162
5pt>
File: ./comparison_stepresponseB_FD-eps-converted-to.pdf Graphic file (type pdf
)
<use ./comparison_stepresponseB_FD-eps-converted-to.pdf>
Package pdftex.def Info: ./comparison_stepresponseB_FD-eps-converted-to.pdf  us
ed on input line 402.
(pdftex.def)             Requested size: 223.0721pt x 192.0926pt.
Package epstopdf Info: Source file: <../Matlab//trackingerror_stepresponseA_FD.
eps>
(epstopdf)                    date: 2021-12-08 15:58:03
(epstopdf)                    size: 33539 bytes
(epstopdf)             Output file: <./trackingerror_stepresponseA_FD-eps-conve
rted-to.pdf>
(epstopdf)                    date: 2021-12-08 16:00:06
(epstopdf)                    size: 13912 bytes
(epstopdf)             Command: <repstopdf --outfile=./trackingerror_steprespon
seA_FD-eps-converted-to.pdf ../Matlab//trackingerror_stepresponseA_FD.eps>
(epstopdf)             \includegraphics on input line 413.
Package epstopdf Info: Output file is already uptodate.
<./trackingerror_stepresponseA_FD-eps-converted-to.pdf, id=419, 364.36125pt x 3
11.1625pt>
File: ./trackingerror_stepresponseA_FD-eps-converted-to.pdf Graphic file (type 
pdf)
<use ./trackingerror_stepresponseA_FD-eps-converted-to.pdf>
Package pdftex.def Info: ./trackingerror_stepresponseA_FD-eps-converted-to.pdf 
 used on input line 413.
(pdftex.def)             Requested size: 223.0721pt x 190.50204pt.
Package epstopdf Info: Source file: <../Matlab//trackingerror_stepresponseB_FD.
eps>
(epstopdf)                    date: 2021-12-08 15:58:05
(epstopdf)                    size: 33522 bytes
(epstopdf)             Output file: <./trackingerror_stepresponseB_FD-eps-conve
rted-to.pdf>
(epstopdf)                    date: 2021-12-08 16:00:08
(epstopdf)                    size: 13986 bytes
(epstopdf)             Command: <repstopdf --outfile=./trackingerror_steprespon
seB_FD-eps-converted-to.pdf ../Matlab//trackingerror_stepresponseB_FD.eps>
(epstopdf)             \includegraphics on input line 419.
Package epstopdf Info: Output file is already uptodate.
<./trackingerror_stepresponseB_FD-eps-converted-to.pdf, id=420, 364.36125pt x 3
11.1625pt>
File: ./trackingerror_stepresponseB_FD-eps-converted-to.pdf Graphic file (type 
pdf)
<use ./trackingerror_stepresponseB_FD-eps-converted-to.pdf>
Package pdftex.def Info: ./trackingerror_stepresponseB_FD-eps-converted-to.pdf 
 used on input line 419.
(pdftex.def)             Requested size: 223.0721pt x 190.50204pt.
Package epstopdf Info: Source file: <../Matlab//comparison_voltage_stepresponse
A_FD.eps>
(epstopdf)                    date: 2021-12-08 15:58:06
(epstopdf)                    size: 31626 bytes
(epstopdf)             Output file: <./comparison_voltage_stepresponseA_FD-eps-
converted-to.pdf>
(epstopdf)                    date: 2021-12-08 16:00:10
(epstopdf)                    size: 13670 bytes
(epstopdf)             Command: <repstopdf --outfile=./comparison_voltage_stepr
esponseA_FD-eps-converted-to.pdf ../Matlab//comparison_voltage_stepresponseA_FD
.eps>
(epstopdf)             \includegraphics on input line 430.
Package epstopdf Info: Output file is already uptodate.
<./comparison_voltage_stepresponseA_FD-eps-converted-to.pdf, id=421, 355.3275pt
 x 311.1625pt>
File: ./comparison_voltage_stepresponseA_FD-eps-converted-to.pdf Graphic file (
type pdf)
<use ./comparison_voltage_stepresponseA_FD-eps-converted-to.pdf>
Package pdftex.def Info: ./comparison_voltage_stepresponseA_FD-eps-converted-to
.pdf  used on input line 430.
(pdftex.def)             Requested size: 223.0721pt x 195.3497pt.
Package epstopdf Info: Source file: <../Matlab//comparison_voltage_stepresponse
B_FD.eps>
(epstopdf)                    date: 2021-12-08 15:58:07
(epstopdf)                    size: 31617 bytes
(epstopdf)             Output file: <./comparison_voltage_stepresponseB_FD-eps-
converted-to.pdf>
(epstopdf)                    date: 2021-12-08 16:00:12
(epstopdf)                    size: 13841 bytes
(epstopdf)             Command: <repstopdf --outfile=./comparison_voltage_stepr
esponseB_FD-eps-converted-to.pdf ../Matlab//comparison_voltage_stepresponseB_FD
.eps>
(epstopdf)             \includegraphics on input line 436.
Package epstopdf Info: Output file is already uptodate.
<./comparison_voltage_stepresponseB_FD-eps-converted-to.pdf, id=422, 355.3275pt
 x 311.1625pt>
File: ./comparison_voltage_stepresponseB_FD-eps-converted-to.pdf Graphic file (
type pdf)
<use ./comparison_voltage_stepresponseB_FD-eps-converted-to.pdf>
Package pdftex.def Info: ./comparison_voltage_stepresponseB_FD-eps-converted-to
.pdf  used on input line 436.
(pdftex.def)             Requested size: 223.0721pt x 195.3497pt.
 (./Assignment2.bbl) 
AED: lastpage setting LastPage
File: kuleuvenSedes.pdf Graphic file (type pdf)
<use kuleuvenSedes.pdf>
Package pdftex.def Info: kuleuvenSedes.pdf  used on input line 451.
(pdftex.def)             Requested size: 25.00282pt x 42.67912pt.
[10 <../Matlab//blockdiagram.png>]
File: kuleuvenSedes.pdf Graphic file (type pdf)
<use kuleuvenSedes.pdf>
Package pdftex.def Info: kuleuvenSedes.pdf  used on input line 451.
(pdftex.def)             Requested size: 25.00282pt x 42.67912pt.
 [11 <./comparison_stepresponseA_FD-eps-converted-to.pdf> <./comparison_stepres
ponseB_FD-eps-converted-to.pdf> <./trackingerror_stepresponseA_FD-eps-converted
-to.pdf> <./trackingerror_stepresponseB_FD-eps-converted-to.pdf>]
File: kuleuvenSedes.pdf Graphic file (type pdf)
<use kuleuvenSedes.pdf>
Package pdftex.def Info: kuleuvenSedes.pdf  used on input line 451.
(pdftex.def)             Requested size: 25.00282pt x 42.67912pt.
 [12 <./comparison_voltage_stepresponseA_FD-eps-converted-to.pdf> <./comparison
_voltage_stepresponseB_FD-eps-converted-to.pdf>]
(./Assignment2.aux)
Package rerunfilecheck Info: File `Assignment2.out' has not changed.
(rerunfilecheck)             Checksum: 6F7C64DC5428B8EEC3A252486FBE6007;792.
 ) 
Here is how much of TeX's memory you used:
 25648 strings out of 479917
 541717 string characters out of 5886666
 833673 words of memory out of 5000000
 41615 multiletter control sequences out of 15000+600000
 551229 words of font info for 72 fonts, out of 8000000 for 9000
 1141 hyphenation exceptions out of 8191
 89i,21n,99p,1425b,1079s stack positions out of 5000i,500n,10000p,200000b,80000s
{c:/texlive/2020/texmf-dist/fonts/enc/dvips/cm-super/cm-super-t1.enc}<c:/texl
ive/2020/texmf-dist/fonts/type1/public/amsfonts/cm/cmmi10.pfb><c:/texlive/2020/
texmf-dist/fonts/type1/public/amsfonts/cm/cmmi5.pfb><c:/texlive/2020/texmf-dist
/fonts/type1/public/amsfonts/cm/cmmi7.pfb><c:/texlive/2020/texmf-dist/fonts/typ
e1/public/amsfonts/cm/cmr10.pfb><c:/texlive/2020/texmf-dist/fonts/type1/public/
amsfonts/cm/cmr7.pfb><c:/texlive/2020/texmf-dist/fonts/type1/public/amsfonts/cm
/cmsy10.pfb><c:/texlive/2020/texmf-dist/fonts/type1/public/amsfonts/cm/cmsy7.pf
b><c:/texlive/2020/texmf-dist/fonts/type1/public/cm-super/sfbx1000.pfb><c:/texl
ive/2020/texmf-dist/fonts/type1/public/cm-super/sfbx1200.pfb><c:/texlive/2020/t
exmf-dist/fonts/type1/public/cm-super/sfbx1440.pfb><c:/texlive/2020/texmf-dist/
fonts/type1/public/cm-super/sfrm0800.pfb><c:/texlive/2020/texmf-dist/fonts/type
1/public/cm-super/sfrm0900.pfb><c:/texlive/2020/texmf-dist/fonts/type1/public/c
m-super/sfrm1000.pfb><c:/texlive/2020/texmf-dist/fonts/type1/public/cm-super/sf
rm1200.pfb><c:/texlive/2020/texmf-dist/fonts/type1/public/cm-super/sfti1000.pfb
><c:/texlive/2020/texmf-dist/fonts/type1/public/cm-super/sftt0800.pfb><c:/texli
ve/2020/texmf-dist/fonts/type1/public/cm-super/sftt1000.pfb>
Output written on Assignment2.pdf (12 pages, 815363 bytes).
PDF statistics:
 557 PDF objects out of 1000 (max. 8388607)
 411 compressed objects within 5 object streams
 52 named destinations out of 1000 (max. 500000)
 362 words of extra memory for PDF output out of 10000 (max. 10000000)

